{"C:\\projects\\bkit\\gui\\src\\boot\\accounts.js": {"path":"C:\\projects\\bkit\\gui\\src\\boot\\accounts.js","statementMap":{"0":{"start":{"line":2,"column":2},"end":{"line":8,"column":3}},"1":{"start":{"line":3,"column":4},"end":{"line":3,"column":49}},"2":{"start":{"line":4,"column":4},"end":{"line":4,"column":52}},"3":{"start":{"line":5,"column":4},"end":{"line":5,"column":55}},"4":{"start":{"line":7,"column":4},"end":{"line":7,"column":45}}},"fnMap":{"0":{"name":"(anonymous_0)","decl":{"start":{"line":1,"column":15},"end":{"line":1,"column":16}},"loc":{"start":{"line":1,"column":36},"end":{"line":9,"column":1}},"line":1}},"branchMap":{},"s":{"0":0,"1":0,"2":0,"3":0,"4":0},"f":{"0":0},"b":{}}
,"C:\\projects\\bkit\\gui\\src\\boot\\axios.js": {"path":"C:\\projects\\bkit\\gui\\src\\boot\\axios.js","statementMap":{"0":{"start":{"line":5,"column":0},"end":{"line":5,"column":28}},"1":{"start":{"line":7,"column":26},"end":{"line":7,"column":57}},"2":{"start":{"line":9,"column":11},"end":{"line":9,"column":58}},"3":{"start":{"line":11,"column":20},"end":{"line":11,"column":79}},"4":{"start":{"line":11,"column":65},"end":{"line":11,"column":79}},"5":{"start":{"line":13,"column":18},"end":{"line":13,"column":64}},"6":{"start":{"line":13,"column":58},"end":{"line":13,"column":64}},"7":{"start":{"line":15,"column":17},"end":{"line":15,"column":84}},"8":{"start":{"line":15,"column":68},"end":{"line":15,"column":84}},"9":{"start":{"line":17,"column":22},"end":{"line":17,"column":31}},"10":{"start":{"line":18,"column":22},"end":{"line":18,"column":24}},"11":{"start":{"line":19,"column":25},"end":{"line":19,"column":78}},"12":{"start":{"line":19,"column":33},"end":{"line":19,"column":78}},"13":{"start":{"line":19,"column":59},"end":{"line":19,"column":77}},"14":{"start":{"line":21,"column":17},"end":{"line":21,"column":19}},"15":{"start":{"line":23,"column":25},"end":{"line":25,"column":1}},"16":{"start":{"line":24,"column":2},"end":{"line":24,"column":64}},"17":{"start":{"line":24,"column":13},"end":{"line":24,"column":64}},"18":{"start":{"line":29,"column":25},"end":{"line":29,"column":69}},"19":{"start":{"line":29,"column":31},"end":{"line":29,"column":69}},"20":{"start":{"line":30,"column":30},"end":{"line":30,"column":79}},"21":{"start":{"line":30,"column":36},"end":{"line":30,"column":79}},"22":{"start":{"line":32,"column":18},"end":{"line":35,"column":3}},"23":{"start":{"line":33,"column":19},"end":{"line":33,"column":40}},"24":{"start":{"line":34,"column":4},"end":{"line":34,"column":67}},"25":{"start":{"line":37,"column":20},"end":{"line":53,"column":3}},"26":{"start":{"line":38,"column":4},"end":{"line":38,"column":52}},"27":{"start":{"line":39,"column":4},"end":{"line":52,"column":5}},"28":{"start":{"line":40,"column":24},"end":{"line":40,"column":45}},"29":{"start":{"line":41,"column":23},"end":{"line":41,"column":68}},"30":{"start":{"line":42,"column":6},"end":{"line":42,"column":66}},"31":{"start":{"line":42,"column":21},"end":{"line":42,"column":66}},"32":{"start":{"line":43,"column":20},"end":{"line":43,"column":89}},"33":{"start":{"line":44,"column":6},"end":{"line":44,"column":18}},"34":{"start":{"line":46,"column":6},"end":{"line":46,"column":44}},"35":{"start":{"line":47,"column":6},"end":{"line":47,"column":23}},"36":{"start":{"line":48,"column":6},"end":{"line":51,"column":9}},"37":{"start":{"line":48,"column":36},"end":{"line":51,"column":8}},"38":{"start":{"line":49,"column":8},"end":{"line":49,"column":40}},"39":{"start":{"line":50,"column":8},"end":{"line":50,"column":22}},"40":{"start":{"line":55,"column":2},"end":{"line":64,"column":36}},"41":{"start":{"line":57,"column":4},"end":{"line":62,"column":5}},"42":{"start":{"line":58,"column":19},"end":{"line":58,"column":35}},"43":{"start":{"line":59,"column":6},"end":{"line":61,"column":7}},"44":{"start":{"line":60,"column":8},"end":{"line":60,"column":69}},"45":{"start":{"line":63,"column":4},"end":{"line":63,"column":17}},"46":{"start":{"line":64,"column":14},"end":{"line":64,"column":35}},"47":{"start":{"line":66,"column":2},"end":{"line":77,"column":36}},"48":{"start":{"line":67,"column":4},"end":{"line":67,"column":60}},"49":{"start":{"line":68,"column":26},"end":{"line":68,"column":57}},"50":{"start":{"line":69,"column":4},"end":{"line":75,"column":5}},"51":{"start":{"line":71,"column":22},"end":{"line":71,"column":62}},"52":{"start":{"line":72,"column":22},"end":{"line":72,"column":57}},"53":{"start":{"line":73,"column":20},"end":{"line":73,"column":97}},"54":{"start":{"line":74,"column":6},"end":{"line":74,"column":37}},"55":{"start":{"line":76,"column":4},"end":{"line":76,"column":17}},"56":{"start":{"line":77,"column":14},"end":{"line":77,"column":35}},"57":{"start":{"line":79,"column":2},"end":{"line":106,"column":4}},"58":{"start":{"line":80,"column":4},"end":{"line":84,"column":5}},"59":{"start":{"line":81,"column":6},"end":{"line":81,"column":62}},"60":{"start":{"line":82,"column":6},"end":{"line":82,"column":63}},"61":{"start":{"line":82,"column":34},"end":{"line":82,"column":62}},"62":{"start":{"line":83,"column":6},"end":{"line":83,"column":41}},"63":{"start":{"line":85,"column":4},"end":{"line":85,"column":19}},"64":{"start":{"line":87,"column":4},"end":{"line":105,"column":39}},"65":{"start":{"line":88,"column":6},"end":{"line":88,"column":44}},"66":{"start":{"line":89,"column":30},"end":{"line":89,"column":42}},"67":{"start":{"line":90,"column":6},"end":{"line":90,"column":15}},"68":{"start":{"line":91,"column":6},"end":{"line":95,"column":9}},"69":{"start":{"line":91,"column":36},"end":{"line":95,"column":8}},"70":{"start":{"line":92,"column":8},"end":{"line":92,"column":48}},"71":{"start":{"line":93,"column":8},"end":{"line":93,"column":63}},"72":{"start":{"line":94,"column":8},"end":{"line":94,"column":39}},"73":{"start":{"line":96,"column":11},"end":{"line":105,"column":39}},"74":{"start":{"line":97,"column":21},"end":{"line":97,"column":37}},"75":{"start":{"line":98,"column":19},"end":{"line":98,"column":35}},"76":{"start":{"line":99,"column":6},"end":{"line":104,"column":7}},"77":{"start":{"line":100,"column":8},"end":{"line":100,"column":75}},"78":{"start":{"line":101,"column":8},"end":{"line":101,"column":31}},"79":{"start":{"line":102,"column":8},"end":{"line":102,"column":51}},"80":{"start":{"line":103,"column":8},"end":{"line":103,"column":57}},"81":{"start":{"line":105,"column":11},"end":{"line":105,"column":39}}},"fnMap":{"0":{"name":"(anonymous_0)","decl":{"start":{"line":11,"column":20},"end":{"line":11,"column":21}},"loc":{"start":{"line":11,"column":65},"end":{"line":11,"column":79}},"line":11},"1":{"name":"(anonymous_1)","decl":{"start":{"line":13,"column":18},"end":{"line":13,"column":19}},"loc":{"start":{"line":13,"column":58},"end":{"line":13,"column":64}},"line":13},"2":{"name":"(anonymous_2)","decl":{"start":{"line":15,"column":17},"end":{"line":15,"column":18}},"loc":{"start":{"line":15,"column":68},"end":{"line":15,"column":84}},"line":15},"3":{"name":"(anonymous_3)","decl":{"start":{"line":19,"column":25},"end":{"line":19,"column":26}},"loc":{"start":{"line":19,"column":33},"end":{"line":19,"column":78}},"line":19},"4":{"name":"(anonymous_4)","decl":{"start":{"line":19,"column":54},"end":{"line":19,"column":55}},"loc":{"start":{"line":19,"column":59},"end":{"line":19,"column":77}},"line":19},"5":{"name":"(anonymous_5)","decl":{"start":{"line":23,"column":25},"end":{"line":23,"column":26}},"loc":{"start":{"line":23,"column":44},"end":{"line":25,"column":1}},"line":23},"6":{"name":"(anonymous_6)","decl":{"start":{"line":27,"column":15},"end":{"line":27,"column":16}},"loc":{"start":{"line":27,"column":38},"end":{"line":107,"column":1}},"line":27},"7":{"name":"(anonymous_7)","decl":{"start":{"line":29,"column":25},"end":{"line":29,"column":26}},"loc":{"start":{"line":29,"column":31},"end":{"line":29,"column":69}},"line":29},"8":{"name":"(anonymous_8)","decl":{"start":{"line":30,"column":30},"end":{"line":30,"column":31}},"loc":{"start":{"line":30,"column":36},"end":{"line":30,"column":79}},"line":30},"9":{"name":"(anonymous_9)","decl":{"start":{"line":32,"column":18},"end":{"line":32,"column":19}},"loc":{"start":{"line":32,"column":47},"end":{"line":35,"column":3}},"line":32},"10":{"name":"(anonymous_10)","decl":{"start":{"line":37,"column":20},"end":{"line":37,"column":21}},"loc":{"start":{"line":37,"column":40},"end":{"line":53,"column":3}},"line":37},"11":{"name":"(anonymous_11)","decl":{"start":{"line":48,"column":25},"end":{"line":48,"column":26}},"loc":{"start":{"line":48,"column":36},"end":{"line":51,"column":8}},"line":48},"12":{"name":"(anonymous_12)","decl":{"start":{"line":48,"column":50},"end":{"line":48,"column":51}},"loc":{"start":{"line":48,"column":59},"end":{"line":51,"column":7}},"line":48},"13":{"name":"(anonymous_13)","decl":{"start":{"line":55,"column":33},"end":{"line":55,"column":34}},"loc":{"start":{"line":55,"column":51},"end":{"line":64,"column":3}},"line":55},"14":{"name":"(anonymous_14)","decl":{"start":{"line":64,"column":5},"end":{"line":64,"column":6}},"loc":{"start":{"line":64,"column":14},"end":{"line":64,"column":35}},"line":64},"15":{"name":"(anonymous_15)","decl":{"start":{"line":66,"column":33},"end":{"line":66,"column":34}},"loc":{"start":{"line":66,"column":51},"end":{"line":77,"column":3}},"line":66},"16":{"name":"(anonymous_16)","decl":{"start":{"line":77,"column":5},"end":{"line":77,"column":6}},"loc":{"start":{"line":77,"column":14},"end":{"line":77,"column":35}},"line":77},"17":{"name":"(anonymous_17)","decl":{"start":{"line":79,"column":34},"end":{"line":79,"column":35}},"loc":{"start":{"line":79,"column":46},"end":{"line":86,"column":3}},"line":79},"18":{"name":"(anonymous_18)","decl":{"start":{"line":82,"column":23},"end":{"line":82,"column":24}},"loc":{"start":{"line":82,"column":34},"end":{"line":82,"column":62}},"line":82},"19":{"name":"(anonymous_19)","decl":{"start":{"line":86,"column":5},"end":{"line":86,"column":6}},"loc":{"start":{"line":86,"column":14},"end":{"line":106,"column":3}},"line":86},"20":{"name":"(anonymous_20)","decl":{"start":{"line":91,"column":25},"end":{"line":91,"column":26}},"loc":{"start":{"line":91,"column":36},"end":{"line":95,"column":8}},"line":91},"21":{"name":"(anonymous_21)","decl":{"start":{"line":91,"column":50},"end":{"line":91,"column":51}},"loc":{"start":{"line":91,"column":61},"end":{"line":95,"column":7}},"line":91}},"branchMap":{"0":{"loc":{"start":{"line":11,"column":26},"end":{"line":11,"column":60}},"type":"default-arg","locations":[{"start":{"line":11,"column":58},"end":{"line":11,"column":60}}],"line":11},"1":{"loc":{"start":{"line":11,"column":38},"end":{"line":11,"column":53}},"type":"default-arg","locations":[{"start":{"line":11,"column":51},"end":{"line":11,"column":53}}],"line":11},"2":{"loc":{"start":{"line":13,"column":19},"end":{"line":13,"column":53}},"type":"default-arg","locations":[{"start":{"line":13,"column":51},"end":{"line":13,"column":53}}],"line":13},"3":{"loc":{"start":{"line":13,"column":31},"end":{"line":13,"column":46}},"type":"default-arg","locations":[{"start":{"line":13,"column":44},"end":{"line":13,"column":46}}],"line":13},"4":{"loc":{"start":{"line":15,"column":18},"end":{"line":15,"column":63}},"type":"default-arg","locations":[{"start":{"line":15,"column":61},"end":{"line":15,"column":63}}],"line":15},"5":{"loc":{"start":{"line":15,"column":20},"end":{"line":15,"column":28}},"type":"default-arg","locations":[{"start":{"line":15,"column":26},"end":{"line":15,"column":28}}],"line":15},"6":{"loc":{"start":{"line":15,"column":38},"end":{"line":15,"column":56}},"type":"default-arg","locations":[{"start":{"line":15,"column":54},"end":{"line":15,"column":56}}],"line":15},"7":{"loc":{"start":{"line":15,"column":40},"end":{"line":15,"column":49}},"type":"default-arg","locations":[{"start":{"line":15,"column":47},"end":{"line":15,"column":49}}],"line":15},"8":{"loc":{"start":{"line":24,"column":2},"end":{"line":24,"column":64}},"type":"if","locations":[{"start":{"line":24,"column":2},"end":{"line":24,"column":64}},{"start":{},"end":{}}],"line":24},"9":{"loc":{"start":{"line":32,"column":19},"end":{"line":32,"column":42}},"type":"default-arg","locations":[{"start":{"line":32,"column":26},"end":{"line":32,"column":42}}],"line":32},"10":{"loc":{"start":{"line":42,"column":6},"end":{"line":42,"column":66}},"type":"if","locations":[{"start":{"line":42,"column":6},"end":{"line":42,"column":66}},{"start":{},"end":{}}],"line":42},"11":{"loc":{"start":{"line":57,"column":4},"end":{"line":62,"column":5}},"type":"if","locations":[{"start":{"line":57,"column":4},"end":{"line":62,"column":5}},{"start":{},"end":{}}],"line":57},"12":{"loc":{"start":{"line":59,"column":6},"end":{"line":61,"column":7}},"type":"if","locations":[{"start":{"line":59,"column":6},"end":{"line":61,"column":7}},{"start":{},"end":{}}],"line":59},"13":{"loc":{"start":{"line":67,"column":21},"end":{"line":67,"column":60}},"type":"binary-expr","locations":[{"start":{"line":67,"column":21},"end":{"line":67,"column":35}},{"start":{"line":67,"column":39},"end":{"line":67,"column":60}}],"line":67},"14":{"loc":{"start":{"line":69,"column":4},"end":{"line":75,"column":5}},"type":"if","locations":[{"start":{"line":69,"column":4},"end":{"line":75,"column":5}},{"start":{},"end":{}}],"line":69},"15":{"loc":{"start":{"line":69,"column":8},"end":{"line":69,"column":61}},"type":"binary-expr","locations":[{"start":{"line":69,"column":8},"end":{"line":69,"column":22}},{"start":{"line":69,"column":26},"end":{"line":69,"column":61}}],"line":69},"16":{"loc":{"start":{"line":73,"column":20},"end":{"line":73,"column":97}},"type":"binary-expr","locations":[{"start":{"line":73,"column":20},"end":{"line":73,"column":62}},{"start":{"line":73,"column":67},"end":{"line":73,"column":96}}],"line":73},"17":{"loc":{"start":{"line":80,"column":4},"end":{"line":84,"column":5}},"type":"if","locations":[{"start":{"line":80,"column":4},"end":{"line":84,"column":5}},{"start":{},"end":{}}],"line":80},"18":{"loc":{"start":{"line":87,"column":4},"end":{"line":105,"column":39}},"type":"if","locations":[{"start":{"line":87,"column":4},"end":{"line":105,"column":39}},{"start":{"line":96,"column":11},"end":{"line":105,"column":39}}],"line":87},"19":{"loc":{"start":{"line":96,"column":11},"end":{"line":105,"column":39}},"type":"if","locations":[{"start":{"line":96,"column":11},"end":{"line":105,"column":39}},{"start":{"line":105,"column":11},"end":{"line":105,"column":39}}],"line":96},"20":{"loc":{"start":{"line":99,"column":6},"end":{"line":104,"column":7}},"type":"if","locations":[{"start":{"line":99,"column":6},"end":{"line":104,"column":7}},{"start":{},"end":{}}],"line":99}},"s":{"0":0,"1":0,"2":0,"3":0,"4":0,"5":0,"6":0,"7":0,"8":0,"9":0,"10":0,"11":0,"12":0,"13":0,"14":0,"15":0,"16":0,"17":0,"18":0,"19":0,"20":0,"21":0,"22":0,"23":0,"24":0,"25":0,"26":0,"27":0,"28":0,"29":0,"30":0,"31":0,"32":0,"33":0,"34":0,"35":0,"36":0,"37":0,"38":0,"39":0,"40":0,"41":0,"42":0,"43":0,"44":0,"45":0,"46":0,"47":0,"48":0,"49":0,"50":0,"51":0,"52":0,"53":0,"54":0,"55":0,"56":0,"57":0,"58":0,"59":0,"60":0,"61":0,"62":0,"63":0,"64":0,"65":0,"66":0,"67":0,"68":0,"69":0,"70":0,"71":0,"72":0,"73":0,"74":0,"75":0,"76":0,"77":0,"78":0,"79":0,"80":0,"81":0},"f":{"0":0,"1":0,"2":0,"3":0,"4":0,"5":0,"6":0,"7":0,"8":0,"9":0,"10":0,"11":0,"12":0,"13":0,"14":0,"15":0,"16":0,"17":0,"18":0,"19":0,"20":0,"21":0},"b":{"0":[0],"1":[0],"2":[0],"3":[0],"4":[0],"5":[0],"6":[0],"7":[0],"8":[0,0],"9":[0],"10":[0,0],"11":[0,0],"12":[0,0],"13":[0,0],"14":[0,0],"15":[0,0],"16":[0,0],"17":[0,0],"18":[0,0],"19":[0,0],"20":[0,0]}}
,"C:\\projects\\bkit\\gui\\src\\boot\\computer.js": {"path":"C:\\projects\\bkit\\gui\\src\\boot\\computer.js","statementMap":{"0":{"start":{"line":5,"column":0},"end":{"line":5,"column":41}},"1":{"start":{"line":7,"column":17},"end":{"line":7,"column":50}},"2":{"start":{"line":11,"column":21},"end":{"line":14,"column":2}},"3":{"start":{"line":12,"column":2},"end":{"line":12,"column":20}},"4":{"start":{"line":13,"column":2},"end":{"line":13,"column":18}},"5":{"start":{"line":17,"column":2},"end":{"line":30,"column":3}},"6":{"start":{"line":18,"column":22},"end":{"line":18,"column":37}},"7":{"start":{"line":19,"column":21},"end":{"line":19,"column":44}},"8":{"start":{"line":20,"column":33},"end":{"line":20,"column":52}},"9":{"start":{"line":21,"column":17},"end":{"line":25,"column":5}},"10":{"start":{"line":26,"column":4},"end":{"line":26,"column":18}},"11":{"start":{"line":27,"column":4},"end":{"line":27,"column":15}},"12":{"start":{"line":29,"column":4},"end":{"line":29,"column":16}}},"fnMap":{"0":{"name":"(anonymous_0)","decl":{"start":{"line":11,"column":33},"end":{"line":11,"column":34}},"loc":{"start":{"line":11,"column":54},"end":{"line":14,"column":1}},"line":11},"1":{"name":"(anonymous_1)","decl":{"start":{"line":16,"column":15},"end":{"line":16,"column":16}},"loc":{"start":{"line":16,"column":27},"end":{"line":31,"column":1}},"line":16}},"branchMap":{},"s":{"0":0,"1":0,"2":0,"3":0,"4":0,"5":0,"6":0,"7":0,"8":0,"9":0,"10":0,"11":0,"12":0},"f":{"0":0,"1":0},"b":{}}
,"C:\\projects\\bkit\\gui\\src\\boot\\i18n.js": {"path":"C:\\projects\\bkit\\gui\\src\\boot\\i18n.js","statementMap":{"0":{"start":{"line":5,"column":0},"end":{"line":5,"column":16}},"1":{"start":{"line":7,"column":13},"end":{"line":11,"column":2}},"2":{"start":{"line":15,"column":2},"end":{"line":15,"column":17}}},"fnMap":{"0":{"name":"(anonymous_0)","decl":{"start":{"line":13,"column":15},"end":{"line":13,"column":16}},"loc":{"start":{"line":13,"column":28},"end":{"line":16,"column":1}},"line":13}},"branchMap":{},"s":{"0":0,"1":0,"2":0},"f":{"0":0},"b":{}}
,"C:\\projects\\bkit\\gui\\src\\boot\\notify-defaults.js": {"path":"C:\\projects\\bkit\\gui\\src\\boot\\notify-defaults.js","statementMap":{"0":{"start":{"line":5,"column":0},"end":{"line":10,"column":2}},"1":{"start":{"line":16,"column":2},"end":{"line":16,"column":11}}},"fnMap":{"0":{"name":"(anonymous_0)","decl":{"start":{"line":14,"column":15},"end":{"line":14,"column":16}},"loc":{"start":{"line":14,"column":34},"end":{"line":17,"column":1}},"line":14}},"branchMap":{},"s":{"0":0,"1":0},"f":{"0":0},"b":{}}
,"C:\\projects\\bkit\\gui\\src\\boot\\vue-draggable-resizable.js": {"path":"C:\\projects\\bkit\\gui\\src\\boot\\vue-draggable-resizable.js","statementMap":{"0":{"start":{"line":7,"column":0},"end":{"line":7,"column":63}},"1":{"start":{"line":10,"column":2},"end":{"line":10,"column":45}},"2":{"start":{"line":11,"column":2},"end":{"line":11,"column":11}}},"fnMap":{"0":{"name":"(anonymous_0)","decl":{"start":{"line":9,"column":15},"end":{"line":9,"column":16}},"loc":{"start":{"line":9,"column":34},"end":{"line":12,"column":1}},"line":9}},"branchMap":{},"s":{"0":0,"1":0,"2":0},"f":{"0":0},"b":{}}
,"C:\\projects\\bkit\\gui\\src\\boot\\vuelidate.js": {"path":"C:\\projects\\bkit\\gui\\src\\boot\\vuelidate.js","statementMap":{"0":{"start":{"line":3,"column":0},"end":{"line":3,"column":18}},"1":{"start":{"line":6,"column":2},"end":{"line":6,"column":31}},"2":{"start":{"line":7,"column":2},"end":{"line":7,"column":11}}},"fnMap":{"0":{"name":"(anonymous_0)","decl":{"start":{"line":5,"column":15},"end":{"line":5,"column":16}},"loc":{"start":{"line":5,"column":34},"end":{"line":8,"column":1}},"line":5}},"branchMap":{},"s":{"0":0,"1":0,"2":0},"f":{"0":0},"b":{}}
,"C:\\projects\\bkit\\gui\\src\\components\\Job2run.vue": {"path":"C:\\projects\\bkit\\gui\\src\\components\\Job2run.vue","statementMap":{"0":{"start":{"line":37,"column":0},"end":{"line":37,"column":null}},"1":{"start":{"line":38,"column":0},"end":{"line":38,"column":null}}},"fnMap":{},"branchMap":{},"s":{"0":0,"1":0},"f":{},"b":{}}
,"C:\\projects\\bkit\\gui\\src\\components\\wrapper.vue": {"path":"C:\\projects\\bkit\\gui\\src\\components\\wrapper.vue","statementMap":{"0":{"start":{"line":10,"column":0},"end":{"line":10,"column":null}},"1":{"start":{"line":12,"column":0},"end":{"line":12,"column":null}},"2":{"start":{"line":23,"column":0},"end":{"line":23,"column":null}},"3":{"start":{"line":32,"column":0},"end":{"line":32,"column":null}},"4":{"start":{"line":41,"column":0},"end":{"line":41,"column":null}},"5":{"start":{"line":50,"column":0},"end":{"line":50,"column":null}}},"fnMap":{},"branchMap":{},"s":{"0":0,"1":0,"2":0,"3":0,"4":0,"5":0},"f":{},"b":{}}
,"C:\\projects\\bkit\\gui\\src\\components\\Auth\\Password.vue": {"path":"C:\\projects\\bkit\\gui\\src\\components\\Auth\\Password.vue","statementMap":{"0":{"start":{"line":29,"column":0},"end":{"line":29,"column":null}},"1":{"start":{"line":30,"column":0},"end":{"line":30,"column":null}},"2":{"start":{"line":31,"column":0},"end":{"line":31,"column":null}}},"fnMap":{},"branchMap":{},"s":{"0":0,"1":0,"2":0},"f":{},"b":{}}
,"C:\\projects\\bkit\\gui\\src\\components\\Auth\\Reset.vue": {"path":"C:\\projects\\bkit\\gui\\src\\components\\Auth\\Reset.vue","statementMap":{"0":{"start":{"line":101,"column":0},"end":{"line":101,"column":null}},"1":{"start":{"line":102,"column":0},"end":{"line":102,"column":null}},"2":{"start":{"line":103,"column":0},"end":{"line":103,"column":null}},"3":{"start":{"line":104,"column":0},"end":{"line":104,"column":null}},"4":{"start":{"line":106,"column":0},"end":{"line":106,"column":null}},"5":{"start":{"line":108,"column":0},"end":{"line":112,"column":null}},"6":{"start":{"line":114,"column":0},"end":{"line":118,"column":null}},"7":{"start":{"line":120,"column":0},"end":{"line":127,"column":null}}},"fnMap":{"0":{"name":"mustbecaps","decl":{"start":{"line":106,"column":0},"end":{"line":106,"column":null}},"loc":{"start":{"line":106,"column":0},"end":{"line":106,"column":null}}},"1":{"name":"md5","decl":{"start":{"line":108,"column":0},"end":{"line":108,"column":null}},"loc":{"start":{"line":108,"column":0},"end":{"line":112,"column":null}}},"2":{"name":"hmac","decl":{"start":{"line":114,"column":0},"end":{"line":114,"column":null}},"loc":{"start":{"line":114,"column":0},"end":{"line":118,"column":null}}},"3":{"name":"compose","decl":{"start":{"line":120,"column":0},"end":{"line":120,"column":null}},"loc":{"start":{"line":120,"column":0},"end":{"line":127,"column":null}}}},"branchMap":{},"s":{"0":0,"1":0,"2":0,"3":0,"4":0,"5":0,"6":0,"7":0},"f":{"0":0,"1":0,"2":0,"3":0},"b":{}}
,"C:\\projects\\bkit\\gui\\src\\components\\Auth\\Signup.vue": {"path":"C:\\projects\\bkit\\gui\\src\\components\\Auth\\Signup.vue","statementMap":{"0":{"start":{"line":99,"column":0},"end":{"line":99,"column":null}},"1":{"start":{"line":100,"column":0},"end":{"line":100,"column":null}},"2":{"start":{"line":101,"column":0},"end":{"line":101,"column":null}},"3":{"start":{"line":102,"column":0},"end":{"line":102,"column":null}},"4":{"start":{"line":103,"column":0},"end":{"line":103,"column":null}},"5":{"start":{"line":106,"column":0},"end":{"line":114,"column":null}},"6":{"start":{"line":116,"column":0},"end":{"line":116,"column":null}}},"fnMap":{"0":{"name":"compose","decl":{"start":{"line":106,"column":0},"end":{"line":106,"column":null}},"loc":{"start":{"line":106,"column":0},"end":{"line":114,"column":null}}},"1":{"name":"mustbe8UpperChars","decl":{"start":{"line":116,"column":0},"end":{"line":116,"column":null}},"loc":{"start":{"line":116,"column":0},"end":{"line":116,"column":null}}}},"branchMap":{},"s":{"0":0,"1":0,"2":0,"3":0,"4":0,"5":0,"6":0},"f":{"0":0,"1":0},"b":{}}
,"C:\\projects\\bkit\\gui\\src\\helpers\\LRU.js": {"path":"C:\\projects\\bkit\\gui\\src\\helpers\\LRU.js","statementMap":{"0":{"start":{"line":4,"column":4},"end":{"line":4,"column":18}},"1":{"start":{"line":5,"column":4},"end":{"line":5,"column":22}},"2":{"start":{"line":6,"column":4},"end":{"line":6,"column":20}},"3":{"start":{"line":7,"column":4},"end":{"line":7,"column":20}},"4":{"start":{"line":14,"column":4},"end":{"line":14,"column":17}},"5":{"start":{"line":15,"column":4},"end":{"line":15,"column":22}},"6":{"start":{"line":16,"column":4},"end":{"line":16,"column":20}},"7":{"start":{"line":17,"column":4},"end":{"line":17,"column":20}},"8":{"start":{"line":18,"column":4},"end":{"line":18,"column":19}},"9":{"start":{"line":24,"column":4},"end":{"line":24,"column":23}},"10":{"start":{"line":26,"column":4},"end":{"line":32,"column":5}},"11":{"start":{"line":27,"column":6},"end":{"line":27,"column":50}},"12":{"start":{"line":29,"column":19},"end":{"line":29,"column":50}},"13":{"start":{"line":30,"column":6},"end":{"line":30,"column":27}},"14":{"start":{"line":31,"column":6},"end":{"line":31,"column":22}},"15":{"start":{"line":35,"column":4},"end":{"line":35,"column":31}},"16":{"start":{"line":36,"column":4},"end":{"line":36,"column":15}},"17":{"start":{"line":40,"column":4},"end":{"line":42,"column":5}},"18":{"start":{"line":41,"column":6},"end":{"line":41,"column":23}},"19":{"start":{"line":43,"column":4},"end":{"line":43,"column":28}},"20":{"start":{"line":48,"column":4},"end":{"line":59,"column":5}},"21":{"start":{"line":49,"column":20},"end":{"line":49,"column":41}},"22":{"start":{"line":52,"column":6},"end":{"line":52,"column":23}},"23":{"start":{"line":54,"column":6},"end":{"line":54,"column":30}},"24":{"start":{"line":56,"column":6},"end":{"line":56,"column":18}},"25":{"start":{"line":58,"column":6},"end":{"line":58,"column":22}},"26":{"start":{"line":63,"column":4},"end":{"line":66,"column":5}},"27":{"start":{"line":64,"column":6},"end":{"line":64,"column":33}},"28":{"start":{"line":65,"column":6},"end":{"line":65,"column":54}},"29":{"start":{"line":70,"column":17},"end":{"line":70,"column":32}},"30":{"start":{"line":71,"column":4},"end":{"line":71,"column":27}},"31":{"start":{"line":71,"column":15},"end":{"line":71,"column":27}},"32":{"start":{"line":73,"column":4},"end":{"line":77,"column":5}},"33":{"start":{"line":74,"column":6},"end":{"line":74,"column":32}},"34":{"start":{"line":76,"column":6},"end":{"line":76,"column":27}},"35":{"start":{"line":79,"column":4},"end":{"line":83,"column":5}},"36":{"start":{"line":80,"column":6},"end":{"line":80,"column":32}},"37":{"start":{"line":82,"column":6},"end":{"line":82,"column":27}},"38":{"start":{"line":85,"column":4},"end":{"line":85,"column":26}},"39":{"start":{"line":86,"column":4},"end":{"line":86,"column":15}},"40":{"start":{"line":90,"column":4},"end":{"line":90,"column":45}},"41":{"start":{"line":91,"column":4},"end":{"line":91,"column":21}},"42":{"start":{"line":95,"column":4},"end":{"line":95,"column":20}},"43":{"start":{"line":96,"column":4},"end":{"line":96,"column":20}},"44":{"start":{"line":97,"column":4},"end":{"line":97,"column":17}},"45":{"start":{"line":98,"column":4},"end":{"line":98,"column":19}},"46":{"start":{"line":103,"column":15},"end":{"line":103,"column":24}},"47":{"start":{"line":104,"column":18},"end":{"line":104,"column":19}},"48":{"start":{"line":105,"column":4},"end":{"line":109,"column":5}},"49":{"start":{"line":106,"column":6},"end":{"line":106,"column":23}},"50":{"start":{"line":107,"column":6},"end":{"line":107,"column":22}},"51":{"start":{"line":108,"column":6},"end":{"line":108,"column":15}},"52":{"start":{"line":114,"column":15},"end":{"line":114,"column":24}},"53":{"start":{"line":115,"column":4},"end":{"line":118,"column":5}},"54":{"start":{"line":116,"column":6},"end":{"line":116,"column":16}},"55":{"start":{"line":117,"column":6},"end":{"line":117,"column":22}}},"fnMap":{"0":{"name":"(anonymous_0)","decl":{"start":{"line":3,"column":2},"end":{"line":3,"column":3}},"loc":{"start":{"line":3,"column":53},"end":{"line":8,"column":3}},"line":3},"1":{"name":"(anonymous_1)","decl":{"start":{"line":13,"column":2},"end":{"line":13,"column":3}},"loc":{"start":{"line":13,"column":27},"end":{"line":19,"column":3}},"line":13},"2":{"name":"(anonymous_2)","decl":{"start":{"line":23,"column":2},"end":{"line":23,"column":3}},"loc":{"start":{"line":23,"column":23},"end":{"line":37,"column":3}},"line":23},"3":{"name":"(anonymous_3)","decl":{"start":{"line":39,"column":2},"end":{"line":39,"column":3}},"loc":{"start":{"line":39,"column":21},"end":{"line":44,"column":3}},"line":39},"4":{"name":"(anonymous_4)","decl":{"start":{"line":47,"column":2},"end":{"line":47,"column":3}},"loc":{"start":{"line":47,"column":13},"end":{"line":60,"column":3}},"line":47},"5":{"name":"(anonymous_5)","decl":{"start":{"line":62,"column":2},"end":{"line":62,"column":3}},"loc":{"start":{"line":62,"column":18},"end":{"line":67,"column":3}},"line":62},"6":{"name":"(anonymous_6)","decl":{"start":{"line":69,"column":2},"end":{"line":69,"column":3}},"loc":{"start":{"line":69,"column":16},"end":{"line":87,"column":3}},"line":69},"7":{"name":"(anonymous_7)","decl":{"start":{"line":89,"column":2},"end":{"line":89,"column":3}},"loc":{"start":{"line":89,"column":15},"end":{"line":92,"column":3}},"line":89},"8":{"name":"(anonymous_8)","decl":{"start":{"line":94,"column":2},"end":{"line":94,"column":3}},"loc":{"start":{"line":94,"column":11},"end":{"line":99,"column":3}},"line":94},"9":{"name":"(anonymous_9)","decl":{"start":{"line":102,"column":2},"end":{"line":102,"column":3}},"loc":{"start":{"line":102,"column":15},"end":{"line":110,"column":3}},"line":102},"10":{"name":"(anonymous_10)","decl":{"start":{"line":113,"column":2},"end":{"line":113,"column":3}},"loc":{"start":{"line":113,"column":24},"end":{"line":119,"column":3}},"line":113}},"branchMap":{"0":{"loc":{"start":{"line":3,"column":27},"end":{"line":3,"column":38}},"type":"default-arg","locations":[{"start":{"line":3,"column":34},"end":{"line":3,"column":38}}],"line":3},"1":{"loc":{"start":{"line":3,"column":40},"end":{"line":3,"column":51}},"type":"default-arg","locations":[{"start":{"line":3,"column":47},"end":{"line":3,"column":51}}],"line":3},"2":{"loc":{"start":{"line":13,"column":15},"end":{"line":13,"column":25}},"type":"default-arg","locations":[{"start":{"line":13,"column":23},"end":{"line":13,"column":25}}],"line":13},"3":{"loc":{"start":{"line":26,"column":4},"end":{"line":32,"column":5}},"type":"if","locations":[{"start":{"line":26,"column":4},"end":{"line":32,"column":5}},{"start":{"line":28,"column":11},"end":{"line":32,"column":5}}],"line":26},"4":{"loc":{"start":{"line":40,"column":4},"end":{"line":42,"column":5}},"type":"if","locations":[{"start":{"line":40,"column":4},"end":{"line":42,"column":5}},{"start":{},"end":{}}],"line":40},"5":{"loc":{"start":{"line":48,"column":4},"end":{"line":59,"column":5}},"type":"if","locations":[{"start":{"line":48,"column":4},"end":{"line":59,"column":5}},{"start":{"line":57,"column":11},"end":{"line":59,"column":5}}],"line":48},"6":{"loc":{"start":{"line":63,"column":4},"end":{"line":66,"column":5}},"type":"if","locations":[{"start":{"line":63,"column":4},"end":{"line":66,"column":5}},{"start":{},"end":{}}],"line":63},"7":{"loc":{"start":{"line":71,"column":4},"end":{"line":71,"column":27}},"type":"if","locations":[{"start":{"line":71,"column":4},"end":{"line":71,"column":27}},{"start":{},"end":{}}],"line":71},"8":{"loc":{"start":{"line":73,"column":4},"end":{"line":77,"column":5}},"type":"if","locations":[{"start":{"line":73,"column":4},"end":{"line":77,"column":5}},{"start":{"line":75,"column":11},"end":{"line":77,"column":5}}],"line":73},"9":{"loc":{"start":{"line":79,"column":4},"end":{"line":83,"column":5}},"type":"if","locations":[{"start":{"line":79,"column":4},"end":{"line":83,"column":5}},{"start":{"line":81,"column":11},"end":{"line":83,"column":5}}],"line":79}},"s":{"0":0,"1":0,"2":0,"3":0,"4":0,"5":0,"6":0,"7":0,"8":0,"9":0,"10":0,"11":0,"12":0,"13":0,"14":0,"15":0,"16":0,"17":0,"18":0,"19":0,"20":0,"21":0,"22":0,"23":0,"24":0,"25":0,"26":0,"27":0,"28":0,"29":0,"30":0,"31":0,"32":0,"33":0,"34":0,"35":0,"36":0,"37":0,"38":0,"39":0,"40":0,"41":0,"42":0,"43":0,"44":0,"45":0,"46":0,"47":0,"48":0,"49":0,"50":0,"51":0,"52":0,"53":0,"54":0,"55":0},"f":{"0":0,"1":0,"2":0,"3":0,"4":0,"5":0,"6":0,"7":0,"8":0,"9":0,"10":0},"b":{"0":[0],"1":[0],"2":[0],"3":[0,0],"4":[0,0],"5":[0,0],"6":[0,0],"7":[0,0],"8":[0,0],"9":[0,0]}}
,"C:\\projects\\bkit\\gui\\src\\helpers\\api.js": {"path":"C:\\projects\\bkit\\gui\\src\\helpers\\api.js","statementMap":{"0":{"start":{"line":7,"column":25},"end":{"line":7,"column":72}},"1":{"start":{"line":7,"column":31},"end":{"line":7,"column":72}},"2":{"start":{"line":10,"column":2},"end":{"line":18,"column":3}},"3":{"start":{"line":11,"column":36},"end":{"line":11,"column":47}},"4":{"start":{"line":13,"column":35},"end":{"line":13,"column":73}},"5":{"start":{"line":14,"column":21},"end":{"line":14,"column":94}},"6":{"start":{"line":15,"column":4},"end":{"line":15,"column":15}},"7":{"start":{"line":17,"column":4},"end":{"line":17,"column":22}},"8":{"start":{"line":23,"column":2},"end":{"line":31,"column":3}},"9":{"start":{"line":26,"column":21},"end":{"line":26,"column":55}},"10":{"start":{"line":28,"column":4},"end":{"line":28,"column":15}},"11":{"start":{"line":30,"column":4},"end":{"line":30,"column":22}},"12":{"start":{"line":36,"column":2},"end":{"line":36,"column":82}},"13":{"start":{"line":36,"column":13},"end":{"line":36,"column":82}},"14":{"start":{"line":37,"column":34},"end":{"line":37,"column":45}},"15":{"start":{"line":38,"column":39},"end":{"line":38,"column":94}},"16":{"start":{"line":39,"column":29},"end":{"line":39,"column":104}},"17":{"start":{"line":40,"column":2},"end":{"line":40,"column":51}},"18":{"start":{"line":40,"column":44},"end":{"line":40,"column":50}},"19":{"start":{"line":44,"column":18},"end":{"line":60,"column":1}},"20":{"start":{"line":45,"column":2},"end":{"line":45,"column":112}},"21":{"start":{"line":45,"column":22},"end":{"line":45,"column":112}},"22":{"start":{"line":46,"column":34},"end":{"line":46,"column":45}},"23":{"start":{"line":47,"column":39},"end":{"line":47,"column":94}},"24":{"start":{"line":49,"column":29},"end":{"line":51,"column":4}},"25":{"start":{"line":56,"column":17},"end":{"line":56,"column":63}},"26":{"start":{"line":57,"column":2},"end":{"line":59,"column":4}},"27":{"start":{"line":58,"column":4},"end":{"line":58,"column":27}},"28":{"start":{"line":63,"column":24},"end":{"line":63,"column":82}},"29":{"start":{"line":65,"column":23},"end":{"line":65,"column":25}},"30":{"start":{"line":66,"column":29},"end":{"line":87,"column":1}},"31":{"start":{"line":67,"column":19},"end":{"line":67,"column":44}},"32":{"start":{"line":69,"column":16},"end":{"line":69,"column":64}},"33":{"start":{"line":69,"column":41},"end":{"line":69,"column":63}},"34":{"start":{"line":70,"column":2},"end":{"line":86,"column":3}},"35":{"start":{"line":71,"column":4},"end":{"line":71,"column":49}},"36":{"start":{"line":72,"column":4},"end":{"line":72,"column":13}},"37":{"start":{"line":74,"column":4},"end":{"line":74,"column":41}},"38":{"start":{"line":75,"column":4},"end":{"line":85,"column":5}},"39":{"start":{"line":76,"column":21},"end":{"line":76,"column":53}},"40":{"start":{"line":77,"column":6},"end":{"line":80,"column":7}},"41":{"start":{"line":78,"column":8},"end":{"line":78,"column":63}},"42":{"start":{"line":79,"column":8},"end":{"line":79,"column":37}},"43":{"start":{"line":81,"column":6},"end":{"line":81,"column":19}},"44":{"start":{"line":83,"column":6},"end":{"line":83,"column":65}},"45":{"start":{"line":84,"column":6},"end":{"line":84,"column":15}},"46":{"start":{"line":89,"column":26},"end":{"line":98,"column":1}},"47":{"start":{"line":90,"column":2},"end":{"line":90,"column":112}},"48":{"start":{"line":90,"column":22},"end":{"line":90,"column":112}},"49":{"start":{"line":91,"column":34},"end":{"line":91,"column":45}},"50":{"start":{"line":92,"column":39},"end":{"line":92,"column":94}},"51":{"start":{"line":94,"column":29},"end":{"line":96,"column":4}},"52":{"start":{"line":97,"column":2},"end":{"line":97,"column":17}}},"fnMap":{"0":{"name":"(anonymous_0)","decl":{"start":{"line":7,"column":25},"end":{"line":7,"column":26}},"loc":{"start":{"line":7,"column":31},"end":{"line":7,"column":72}},"line":7},"1":{"name":"listDisksOnBackup","decl":{"start":{"line":9,"column":22},"end":{"line":9,"column":39}},"loc":{"start":{"line":9,"column":43},"end":{"line":20,"column":1}},"line":9},"2":{"name":"listAllDisksOnBackup","decl":{"start":{"line":22,"column":22},"end":{"line":22,"column":42}},"loc":{"start":{"line":22,"column":46},"end":{"line":33,"column":1}},"line":22},"3":{"name":"listSnaps","decl":{"start":{"line":35,"column":22},"end":{"line":35,"column":31}},"loc":{"start":{"line":35,"column":52},"end":{"line":41,"column":1}},"line":35},"4":{"name":"(anonymous_4)","decl":{"start":{"line":40,"column":39},"end":{"line":40,"column":40}},"loc":{"start":{"line":40,"column":44},"end":{"line":40,"column":50}},"line":40},"5":{"name":"(anonymous_5)","decl":{"start":{"line":44,"column":18},"end":{"line":44,"column":19}},"loc":{"start":{"line":44,"column":46},"end":{"line":60,"column":1}},"line":44},"6":{"name":"(anonymous_6)","decl":{"start":{"line":57,"column":22},"end":{"line":57,"column":23}},"loc":{"start":{"line":57,"column":27},"end":{"line":59,"column":3}},"line":57},"7":{"name":"(anonymous_7)","decl":{"start":{"line":66,"column":29},"end":{"line":66,"column":30}},"loc":{"start":{"line":66,"column":57},"end":{"line":87,"column":1}},"line":66},"8":{"name":"(anonymous_8)","decl":{"start":{"line":69,"column":36},"end":{"line":69,"column":37}},"loc":{"start":{"line":69,"column":41},"end":{"line":69,"column":63}},"line":69},"9":{"name":"(anonymous_9)","decl":{"start":{"line":89,"column":26},"end":{"line":89,"column":27}},"loc":{"start":{"line":89,"column":58},"end":{"line":98,"column":1}},"line":89}},"branchMap":{"0":{"loc":{"start":{"line":35,"column":39},"end":{"line":35,"column":50}},"type":"default-arg","locations":[{"start":{"line":35,"column":45},"end":{"line":35,"column":50}}],"line":35},"1":{"loc":{"start":{"line":36,"column":2},"end":{"line":36,"column":82}},"type":"if","locations":[{"start":{"line":36,"column":2},"end":{"line":36,"column":82}},{"start":{},"end":{}}],"line":36},"2":{"loc":{"start":{"line":40,"column":9},"end":{"line":40,"column":51}},"type":"cond-expr","locations":[{"start":{"line":40,"column":15},"end":{"line":40,"column":23}},{"start":{"line":40,"column":26},"end":{"line":40,"column":51}}],"line":40},"3":{"loc":{"start":{"line":45,"column":2},"end":{"line":45,"column":112}},"type":"if","locations":[{"start":{"line":45,"column":2},"end":{"line":45,"column":112}},{"start":{},"end":{}}],"line":45},"4":{"loc":{"start":{"line":45,"column":6},"end":{"line":45,"column":20}},"type":"binary-expr","locations":[{"start":{"line":45,"column":6},"end":{"line":45,"column":11}},{"start":{"line":45,"column":15},"end":{"line":45,"column":20}}],"line":45},"5":{"loc":{"start":{"line":70,"column":2},"end":{"line":86,"column":3}},"type":"if","locations":[{"start":{"line":70,"column":2},"end":{"line":86,"column":3}},{"start":{"line":73,"column":9},"end":{"line":86,"column":3}}],"line":70},"6":{"loc":{"start":{"line":77,"column":6},"end":{"line":80,"column":7}},"type":"if","locations":[{"start":{"line":77,"column":6},"end":{"line":80,"column":7}},{"start":{},"end":{}}],"line":77},"7":{"loc":{"start":{"line":77,"column":10},"end":{"line":77,"column":40}},"type":"binary-expr","locations":[{"start":{"line":77,"column":10},"end":{"line":77,"column":17}},{"start":{"line":77,"column":21},"end":{"line":77,"column":40}}],"line":77},"8":{"loc":{"start":{"line":90,"column":2},"end":{"line":90,"column":112}},"type":"if","locations":[{"start":{"line":90,"column":2},"end":{"line":90,"column":112}},{"start":{},"end":{}}],"line":90},"9":{"loc":{"start":{"line":90,"column":6},"end":{"line":90,"column":20}},"type":"binary-expr","locations":[{"start":{"line":90,"column":6},"end":{"line":90,"column":11}},{"start":{"line":90,"column":15},"end":{"line":90,"column":20}}],"line":90}},"s":{"0":0,"1":0,"2":0,"3":0,"4":0,"5":0,"6":0,"7":0,"8":0,"9":0,"10":0,"11":0,"12":0,"13":0,"14":0,"15":0,"16":0,"17":0,"18":0,"19":0,"20":0,"21":0,"22":0,"23":0,"24":0,"25":0,"26":0,"27":0,"28":0,"29":0,"30":0,"31":0,"32":0,"33":0,"34":0,"35":0,"36":0,"37":0,"38":0,"39":0,"40":0,"41":0,"42":0,"43":0,"44":0,"45":0,"46":0,"47":0,"48":0,"49":0,"50":0,"51":0,"52":0},"f":{"0":0,"1":0,"2":0,"3":0,"4":0,"5":0,"6":0,"7":0,"8":0,"9":0},"b":{"0":[0],"1":[0,0],"2":[0,0],"3":[0,0],"4":[0,0],"5":[0,0],"6":[0,0],"7":[0,0],"8":[0,0],"9":[0,0]}}
,"C:\\projects\\bkit\\gui\\src\\helpers\\bash.js": {"path":"C:\\projects\\bkit\\gui\\src\\helpers\\bash.js","statementMap":{"0":{"start":{"line":3,"column":19},"end":{"line":3,"column":36}},"1":{"start":{"line":4,"column":18},"end":{"line":4,"column":42}},"2":{"start":{"line":5,"column":17},"end":{"line":5,"column":36}},"3":{"start":{"line":8,"column":13},"end":{"line":8,"column":23}},"4":{"start":{"line":8,"column":19},"end":{"line":8,"column":23}},"5":{"start":{"line":9,"column":17},"end":{"line":9,"column":36}},"6":{"start":{"line":13,"column":24},"end":{"line":13,"column":57}},"7":{"start":{"line":15,"column":0},"end":{"line":18,"column":1}},"8":{"start":{"line":16,"column":2},"end":{"line":16,"column":19}},"9":{"start":{"line":17,"column":2},"end":{"line":17,"column":13}},"10":{"start":{"line":20,"column":24},"end":{"line":20,"column":65}},"11":{"start":{"line":20,"column":30},"end":{"line":20,"column":65}},"12":{"start":{"line":23,"column":19},"end":{"line":23,"column":36}},"13":{"start":{"line":24,"column":13},"end":{"line":28,"column":3}},"14":{"start":{"line":29,"column":2},"end":{"line":29,"column":12}},"15":{"start":{"line":34,"column":21},"end":{"line":34,"column":66}},"16":{"start":{"line":35,"column":15},"end":{"line":35,"column":92}},"17":{"start":{"line":35,"column":24},"end":{"line":35,"column":92}},"18":{"start":{"line":36,"column":101},"end":{"line":36,"column":107}},"19":{"start":{"line":37,"column":16},"end":{"line":50,"column":3}},"20":{"start":{"line":38,"column":4},"end":{"line":49,"column":5}},"21":{"start":{"line":39,"column":6},"end":{"line":39,"column":20}},"22":{"start":{"line":40,"column":6},"end":{"line":40,"column":19}},"23":{"start":{"line":41,"column":6},"end":{"line":41,"column":36}},"24":{"start":{"line":41,"column":20},"end":{"line":41,"column":36}},"25":{"start":{"line":44,"column":6},"end":{"line":44,"column":15}},"26":{"start":{"line":46,"column":6},"end":{"line":46,"column":47}},"27":{"start":{"line":48,"column":6},"end":{"line":48,"column":16}},"28":{"start":{"line":51,"column":18},"end":{"line":55,"column":3}},"29":{"start":{"line":52,"column":4},"end":{"line":52,"column":20}},"30":{"start":{"line":53,"column":4},"end":{"line":53,"column":49}},"31":{"start":{"line":54,"column":4},"end":{"line":54,"column":15}},"32":{"start":{"line":56,"column":19},"end":{"line":56,"column":36}},"33":{"start":{"line":57,"column":2},"end":{"line":57,"column":56}},"34":{"start":{"line":58,"column":18},"end":{"line":58,"column":89}},"35":{"start":{"line":59,"column":2},"end":{"line":59,"column":38}},"36":{"start":{"line":59,"column":16},"end":{"line":59,"column":38}},"37":{"start":{"line":60,"column":13},"end":{"line":65,"column":3}},"38":{"start":{"line":66,"column":2},"end":{"line":66,"column":45}},"39":{"start":{"line":68,"column":20},"end":{"line":72,"column":3}},"40":{"start":{"line":69,"column":4},"end":{"line":69,"column":34}},"41":{"start":{"line":70,"column":4},"end":{"line":70,"column":34}},"42":{"start":{"line":70,"column":18},"end":{"line":70,"column":34}},"43":{"start":{"line":71,"column":4},"end":{"line":71,"column":13}},"44":{"start":{"line":73,"column":22},"end":{"line":75,"column":3}},"45":{"start":{"line":74,"column":4},"end":{"line":74,"column":46}},"46":{"start":{"line":74,"column":21},"end":{"line":74,"column":46}},"47":{"start":{"line":76,"column":22},"end":{"line":78,"column":3}},"48":{"start":{"line":77,"column":4},"end":{"line":77,"column":48}},"49":{"start":{"line":79,"column":23},"end":{"line":82,"column":3}},"50":{"start":{"line":80,"column":4},"end":{"line":80,"column":17}},"51":{"start":{"line":81,"column":4},"end":{"line":81,"column":24}},"52":{"start":{"line":84,"column":2},"end":{"line":84,"column":23}},"53":{"start":{"line":86,"column":2},"end":{"line":90,"column":4}},"54":{"start":{"line":87,"column":4},"end":{"line":87,"column":45}},"55":{"start":{"line":88,"column":4},"end":{"line":88,"column":77}},"56":{"start":{"line":88,"column":14},"end":{"line":88,"column":77}},"57":{"start":{"line":89,"column":4},"end":{"line":89,"column":19}},"58":{"start":{"line":92,"column":2},"end":{"line":92,"column":25}},"59":{"start":{"line":94,"column":2},"end":{"line":102,"column":4}},"60":{"start":{"line":95,"column":4},"end":{"line":95,"column":17}},"61":{"start":{"line":96,"column":4},"end":{"line":96,"column":55}},"62":{"start":{"line":97,"column":4},"end":{"line":100,"column":5}},"63":{"start":{"line":98,"column":21},"end":{"line":98,"column":35}},"64":{"start":{"line":99,"column":6},"end":{"line":99,"column":72}},"65":{"start":{"line":101,"column":4},"end":{"line":101,"column":18}},"66":{"start":{"line":104,"column":2},"end":{"line":107,"column":4}},"67":{"start":{"line":105,"column":4},"end":{"line":105,"column":36}},"68":{"start":{"line":106,"column":4},"end":{"line":106,"column":18}},"69":{"start":{"line":108,"column":13},"end":{"line":111,"column":4}},"70":{"start":{"line":112,"column":2},"end":{"line":115,"column":4}},"71":{"start":{"line":113,"column":4},"end":{"line":113,"column":18}},"72":{"start":{"line":114,"column":4},"end":{"line":114,"column":20}},"73":{"start":{"line":116,"column":2},"end":{"line":120,"column":4}},"74":{"start":{"line":117,"column":4},"end":{"line":117,"column":45}},"75":{"start":{"line":118,"column":4},"end":{"line":118,"column":24}},"76":{"start":{"line":119,"column":4},"end":{"line":119,"column":18}},"77":{"start":{"line":121,"column":2},"end":{"line":129,"column":4}},"78":{"start":{"line":122,"column":4},"end":{"line":122,"column":61}},"79":{"start":{"line":123,"column":18},"end":{"line":123,"column":26}},"80":{"start":{"line":124,"column":19},"end":{"line":124,"column":32}},"81":{"start":{"line":125,"column":4},"end":{"line":128,"column":5}},"82":{"start":{"line":126,"column":6},"end":{"line":126,"column":20}},"83":{"start":{"line":130,"column":2},"end":{"line":130,"column":15}},"84":{"start":{"line":138,"column":6},"end":{"line":138,"column":12}},"85":{"start":{"line":135,"column":20},"end":{"line":135,"column":46}},"86":{"start":{"line":136,"column":23},"end":{"line":136,"column":28}},"87":{"start":{"line":137,"column":23},"end":{"line":137,"column":73}},"88":{"start":{"line":139,"column":2},"end":{"line":139,"column":71}},"89":{"start":{"line":144,"column":16},"end":{"line":144,"column":18}},"90":{"start":{"line":145,"column":52},"end":{"line":145,"column":58}},"91":{"start":{"line":145,"column":31},"end":{"line":145,"column":47}},"92":{"start":{"line":146,"column":2},"end":{"line":150,"column":4}},"93":{"start":{"line":147,"column":17},"end":{"line":147,"column":39}},"94":{"start":{"line":147,"column":25},"end":{"line":147,"column":39}},"95":{"start":{"line":148,"column":20},"end":{"line":148,"column":26}},"96":{"start":{"line":149,"column":4},"end":{"line":149,"column":63}},"97":{"start":{"line":154,"column":2},"end":{"line":154,"column":42}},"98":{"start":{"line":155,"column":2},"end":{"line":157,"column":4}},"99":{"start":{"line":156,"column":4},"end":{"line":156,"column":63}}},"fnMap":{"0":{"name":"(anonymous_0)","decl":{"start":{"line":8,"column":13},"end":{"line":8,"column":14}},"loc":{"start":{"line":8,"column":19},"end":{"line":8,"column":23}},"line":8},"1":{"name":"(anonymous_1)","decl":{"start":{"line":20,"column":24},"end":{"line":20,"column":25}},"loc":{"start":{"line":20,"column":30},"end":{"line":20,"column":65}},"line":20},"2":{"name":"shell","decl":{"start":{"line":22,"column":16},"end":{"line":22,"column":21}},"loc":{"start":{"line":22,"column":25},"end":{"line":30,"column":1}},"line":22},"3":{"name":"_bash","decl":{"start":{"line":33,"column":9},"end":{"line":33,"column":14}},"loc":{"start":{"line":33,"column":59},"end":{"line":131,"column":1}},"line":33},"4":{"name":"(anonymous_4)","decl":{"start":{"line":35,"column":15},"end":{"line":35,"column":16}},"loc":{"start":{"line":35,"column":24},"end":{"line":35,"column":92}},"line":35},"5":{"name":"(anonymous_5)","decl":{"start":{"line":37,"column":16},"end":{"line":37,"column":17}},"loc":{"start":{"line":37,"column":24},"end":{"line":50,"column":3}},"line":37},"6":{"name":"(anonymous_6)","decl":{"start":{"line":51,"column":18},"end":{"line":51,"column":19}},"loc":{"start":{"line":51,"column":26},"end":{"line":55,"column":3}},"line":51},"7":{"name":"(anonymous_7)","decl":{"start":{"line":68,"column":20},"end":{"line":68,"column":21}},"loc":{"start":{"line":68,"column":26},"end":{"line":72,"column":3}},"line":68},"8":{"name":"(anonymous_8)","decl":{"start":{"line":73,"column":22},"end":{"line":73,"column":23}},"loc":{"start":{"line":73,"column":28},"end":{"line":75,"column":3}},"line":73},"9":{"name":"(anonymous_9)","decl":{"start":{"line":76,"column":22},"end":{"line":76,"column":23}},"loc":{"start":{"line":76,"column":46},"end":{"line":78,"column":3}},"line":76},"10":{"name":"(anonymous_10)","decl":{"start":{"line":79,"column":23},"end":{"line":79,"column":24}},"loc":{"start":{"line":79,"column":47},"end":{"line":82,"column":3}},"line":79},"11":{"name":"(anonymous_11)","decl":{"start":{"line":86,"column":17},"end":{"line":86,"column":18}},"loc":{"start":{"line":86,"column":27},"end":{"line":90,"column":3}},"line":86},"12":{"name":"(anonymous_12)","decl":{"start":{"line":94,"column":16},"end":{"line":94,"column":17}},"loc":{"start":{"line":94,"column":23},"end":{"line":102,"column":3}},"line":94},"13":{"name":"(anonymous_13)","decl":{"start":{"line":104,"column":22},"end":{"line":104,"column":23}},"loc":{"start":{"line":104,"column":29},"end":{"line":107,"column":3}},"line":104},"14":{"name":"(anonymous_14)","decl":{"start":{"line":112,"column":16},"end":{"line":112,"column":17}},"loc":{"start":{"line":112,"column":26},"end":{"line":115,"column":3}},"line":112},"15":{"name":"(anonymous_15)","decl":{"start":{"line":116,"column":17},"end":{"line":116,"column":18}},"loc":{"start":{"line":116,"column":23},"end":{"line":120,"column":3}},"line":116},"16":{"name":"(anonymous_16)","decl":{"start":{"line":121,"column":23},"end":{"line":121,"column":24}},"loc":{"start":{"line":121,"column":30},"end":{"line":129,"column":3}},"line":121},"17":{"name":"bash","decl":{"start":{"line":133,"column":16},"end":{"line":133,"column":20}},"loc":{"start":{"line":133,"column":52},"end":{"line":140,"column":1}},"line":133},"18":{"name":"(anonymous_18)","decl":{"start":{"line":135,"column":14},"end":{"line":135,"column":15}},"loc":{"start":{"line":135,"column":20},"end":{"line":135,"column":46}},"line":135},"19":{"name":"(anonymous_19)","decl":{"start":{"line":136,"column":17},"end":{"line":136,"column":18}},"loc":{"start":{"line":136,"column":23},"end":{"line":136,"column":28}},"line":136},"20":{"name":"(anonymous_20)","decl":{"start":{"line":137,"column":14},"end":{"line":137,"column":15}},"loc":{"start":{"line":137,"column":23},"end":{"line":137,"column":73}},"line":137},"21":{"name":"asyncBash","decl":{"start":{"line":143,"column":16},"end":{"line":143,"column":25}},"loc":{"start":{"line":143,"column":57},"end":{"line":151,"column":1}},"line":143},"22":{"name":"(anonymous_22)","decl":{"start":{"line":145,"column":23},"end":{"line":145,"column":24}},"loc":{"start":{"line":145,"column":31},"end":{"line":145,"column":47}},"line":145},"23":{"name":"(anonymous_23)","decl":{"start":{"line":146,"column":21},"end":{"line":146,"column":22}},"loc":{"start":{"line":146,"column":42},"end":{"line":150,"column":3}},"line":146},"24":{"name":"(anonymous_24)","decl":{"start":{"line":147,"column":17},"end":{"line":147,"column":18}},"loc":{"start":{"line":147,"column":25},"end":{"line":147,"column":39}},"line":147},"25":{"name":"killtree","decl":{"start":{"line":153,"column":16},"end":{"line":153,"column":24}},"loc":{"start":{"line":153,"column":31},"end":{"line":158,"column":1}},"line":153},"26":{"name":"(anonymous_26)","decl":{"start":{"line":155,"column":21},"end":{"line":155,"column":22}},"loc":{"start":{"line":155,"column":42},"end":{"line":157,"column":3}},"line":155}},"branchMap":{"0":{"loc":{"start":{"line":15,"column":0},"end":{"line":18,"column":1}},"type":"if","locations":[{"start":{"line":15,"column":0},"end":{"line":18,"column":1}},{"start":{},"end":{}}],"line":15},"1":{"loc":{"start":{"line":33,"column":22},"end":{"line":33,"column":31}},"type":"default-arg","locations":[{"start":{"line":33,"column":29},"end":{"line":33,"column":31}}],"line":33},"2":{"loc":{"start":{"line":33,"column":33},"end":{"line":33,"column":44}},"type":"default-arg","locations":[{"start":{"line":33,"column":42},"end":{"line":33,"column":44}}],"line":33},"3":{"loc":{"start":{"line":33,"column":46},"end":{"line":33,"column":57}},"type":"default-arg","locations":[{"start":{"line":33,"column":53},"end":{"line":33,"column":57}}],"line":33},"4":{"loc":{"start":{"line":34,"column":21},"end":{"line":34,"column":66}},"type":"cond-expr","locations":[{"start":{"line":34,"column":48},"end":{"line":34,"column":59}},{"start":{"line":34,"column":62},"end":{"line":34,"column":66}}],"line":34},"5":{"loc":{"start":{"line":36,"column":10},"end":{"line":36,"column":27}},"type":"default-arg","locations":[{"start":{"line":36,"column":23},"end":{"line":36,"column":27}}],"line":36},"6":{"loc":{"start":{"line":36,"column":29},"end":{"line":36,"column":46}},"type":"default-arg","locations":[{"start":{"line":36,"column":39},"end":{"line":36,"column":46}}],"line":36},"7":{"loc":{"start":{"line":36,"column":48},"end":{"line":36,"column":61}},"type":"default-arg","locations":[{"start":{"line":36,"column":57},"end":{"line":36,"column":61}}],"line":36},"8":{"loc":{"start":{"line":36,"column":63},"end":{"line":36,"column":79}},"type":"default-arg","locations":[{"start":{"line":36,"column":75},"end":{"line":36,"column":79}}],"line":36},"9":{"loc":{"start":{"line":36,"column":81},"end":{"line":36,"column":96}},"type":"default-arg","locations":[{"start":{"line":36,"column":92},"end":{"line":36,"column":96}}],"line":36},"10":{"loc":{"start":{"line":41,"column":6},"end":{"line":41,"column":36}},"type":"if","locations":[{"start":{"line":41,"column":6},"end":{"line":41,"column":36}},{"start":{},"end":{}}],"line":41},"11":{"loc":{"start":{"line":59,"column":2},"end":{"line":59,"column":38}},"type":"if","locations":[{"start":{"line":59,"column":2},"end":{"line":59,"column":38}},{"start":{},"end":{}}],"line":59},"12":{"loc":{"start":{"line":70,"column":4},"end":{"line":70,"column":34}},"type":"if","locations":[{"start":{"line":70,"column":4},"end":{"line":70,"column":34}},{"start":{},"end":{}}],"line":70},"13":{"loc":{"start":{"line":74,"column":4},"end":{"line":74,"column":46}},"type":"if","locations":[{"start":{"line":74,"column":4},"end":{"line":74,"column":46}},{"start":{},"end":{}}],"line":74},"14":{"loc":{"start":{"line":76,"column":23},"end":{"line":76,"column":41}},"type":"default-arg","locations":[{"start":{"line":76,"column":33},"end":{"line":76,"column":41}}],"line":76},"15":{"loc":{"start":{"line":79,"column":24},"end":{"line":79,"column":42}},"type":"default-arg","locations":[{"start":{"line":79,"column":34},"end":{"line":79,"column":42}}],"line":79},"16":{"loc":{"start":{"line":88,"column":4},"end":{"line":88,"column":77}},"type":"if","locations":[{"start":{"line":88,"column":4},"end":{"line":88,"column":77}},{"start":{},"end":{}}],"line":88},"17":{"loc":{"start":{"line":97,"column":4},"end":{"line":100,"column":5}},"type":"if","locations":[{"start":{"line":97,"column":4},"end":{"line":100,"column":5}},{"start":{},"end":{}}],"line":97},"18":{"loc":{"start":{"line":125,"column":4},"end":{"line":128,"column":5}},"type":"if","locations":[{"start":{"line":125,"column":4},"end":{"line":128,"column":5}},{"start":{},"end":{}}],"line":125},"19":{"loc":{"start":{"line":133,"column":28},"end":{"line":133,"column":37}},"type":"default-arg","locations":[{"start":{"line":133,"column":35},"end":{"line":133,"column":37}}],"line":133},"20":{"loc":{"start":{"line":133,"column":39},"end":{"line":133,"column":50}},"type":"default-arg","locations":[{"start":{"line":133,"column":48},"end":{"line":133,"column":50}}],"line":133},"21":{"loc":{"start":{"line":135,"column":4},"end":{"line":135,"column":46}},"type":"default-arg","locations":[{"start":{"line":135,"column":14},"end":{"line":135,"column":46}}],"line":135},"22":{"loc":{"start":{"line":136,"column":4},"end":{"line":136,"column":28}},"type":"default-arg","locations":[{"start":{"line":136,"column":17},"end":{"line":136,"column":28}}],"line":136},"23":{"loc":{"start":{"line":137,"column":4},"end":{"line":137,"column":73}},"type":"default-arg","locations":[{"start":{"line":137,"column":14},"end":{"line":137,"column":73}}],"line":137},"24":{"loc":{"start":{"line":143,"column":33},"end":{"line":143,"column":42}},"type":"default-arg","locations":[{"start":{"line":143,"column":40},"end":{"line":143,"column":42}}],"line":143},"25":{"loc":{"start":{"line":143,"column":44},"end":{"line":143,"column":55}},"type":"default-arg","locations":[{"start":{"line":143,"column":53},"end":{"line":143,"column":55}}],"line":143},"26":{"loc":{"start":{"line":145,"column":10},"end":{"line":145,"column":47}},"type":"default-arg","locations":[{"start":{"line":145,"column":23},"end":{"line":145,"column":47}}],"line":145}},"s":{"0":0,"1":0,"2":0,"3":0,"4":0,"5":0,"6":0,"7":0,"8":0,"9":0,"10":0,"11":0,"12":0,"13":0,"14":0,"15":0,"16":0,"17":0,"18":0,"19":0,"20":0,"21":0,"22":0,"23":0,"24":0,"25":0,"26":0,"27":0,"28":0,"29":0,"30":0,"31":0,"32":0,"33":0,"34":0,"35":0,"36":0,"37":0,"38":0,"39":0,"40":0,"41":0,"42":0,"43":0,"44":0,"45":0,"46":0,"47":0,"48":0,"49":0,"50":0,"51":0,"52":0,"53":0,"54":0,"55":0,"56":0,"57":0,"58":0,"59":0,"60":0,"61":0,"62":0,"63":0,"64":0,"65":0,"66":0,"67":0,"68":0,"69":0,"70":0,"71":0,"72":0,"73":0,"74":0,"75":0,"76":0,"77":0,"78":0,"79":0,"80":0,"81":0,"82":0,"83":0,"84":0,"85":0,"86":0,"87":0,"88":0,"89":0,"90":0,"91":0,"92":0,"93":0,"94":0,"95":0,"96":0,"97":0,"98":0,"99":0},"f":{"0":0,"1":0,"2":0,"3":0,"4":0,"5":0,"6":0,"7":0,"8":0,"9":0,"10":0,"11":0,"12":0,"13":0,"14":0,"15":0,"16":0,"17":0,"18":0,"19":0,"20":0,"21":0,"22":0,"23":0,"24":0,"25":0,"26":0},"b":{"0":[0,0],"1":[0],"2":[0],"3":[0],"4":[0,0],"5":[0],"6":[0],"7":[0],"8":[0],"9":[0],"10":[0,0],"11":[0,0],"12":[0,0],"13":[0,0],"14":[0],"15":[0],"16":[0,0],"17":[0,0],"18":[0,0],"19":[0],"20":[0],"21":[0],"22":[0],"23":[0],"24":[0],"25":[0],"26":[0]}}
,"C:\\projects\\bkit\\gui\\src\\helpers\\bkit.js": {"path":"C:\\projects\\bkit\\gui\\src\\helpers\\bkit.js","statementMap":{"0":{"start":{"line":6,"column":13},"end":{"line":6,"column":28}},"1":{"start":{"line":7,"column":13},"end":{"line":7,"column":23}},"2":{"start":{"line":7,"column":19},"end":{"line":7,"column":23}},"3":{"start":{"line":8,"column":20},"end":{"line":8,"column":63}},"4":{"start":{"line":8,"column":26},"end":{"line":8,"column":63}},"5":{"start":{"line":9,"column":19},"end":{"line":9,"column":61}},"6":{"start":{"line":9,"column":25},"end":{"line":9,"column":61}},"7":{"start":{"line":13,"column":21},"end":{"line":13,"column":37}},"8":{"start":{"line":14,"column":20},"end":{"line":14,"column":36}},"9":{"start":{"line":15,"column":21},"end":{"line":15,"column":37}},"10":{"start":{"line":20,"column":2},"end":{"line":23,"column":3}},"11":{"start":{"line":21,"column":4},"end":{"line":21,"column":18}},"12":{"start":{"line":22,"column":4},"end":{"line":22,"column":15}},"13":{"start":{"line":24,"column":17},"end":{"line":24,"column":35}},"14":{"start":{"line":25,"column":14},"end":{"line":25,"column":47}},"15":{"start":{"line":27,"column":2},"end":{"line":27,"column":64}},"16":{"start":{"line":27,"column":29},"end":{"line":27,"column":58}},"17":{"start":{"line":31,"column":21},"end":{"line":31,"column":77}},"18":{"start":{"line":34,"column":2},"end":{"line":34,"column":69}},"19":{"start":{"line":38,"column":2},"end":{"line":38,"column":70}},"20":{"start":{"line":42,"column":16},"end":{"line":42,"column":78}},"21":{"start":{"line":43,"column":2},"end":{"line":43,"column":17}},"22":{"start":{"line":47,"column":2},"end":{"line":47,"column":67}},"23":{"start":{"line":51,"column":18},"end":{"line":51,"column":74}},"24":{"start":{"line":52,"column":2},"end":{"line":52,"column":19}},"25":{"start":{"line":56,"column":16},"end":{"line":56,"column":60}},"26":{"start":{"line":57,"column":2},"end":{"line":57,"column":17}},"27":{"start":{"line":61,"column":18},"end":{"line":61,"column":135}},"28":{"start":{"line":62,"column":2},"end":{"line":62,"column":19}},"29":{"start":{"line":65,"column":18},"end":{"line":65,"column":127}},"30":{"start":{"line":66,"column":2},"end":{"line":66,"column":19}},"31":{"start":{"line":69,"column":18},"end":{"line":72,"column":82}},"32":{"start":{"line":73,"column":2},"end":{"line":73,"column":19}},"33":{"start":{"line":77,"column":2},"end":{"line":77,"column":58}},"34":{"start":{"line":82,"column":2},"end":{"line":88,"column":4}},"35":{"start":{"line":83,"column":19},"end":{"line":83,"column":21}},"36":{"start":{"line":84,"column":19},"end":{"line":84,"column":42}},"37":{"start":{"line":84,"column":26},"end":{"line":84,"column":42}},"38":{"start":{"line":85,"column":4},"end":{"line":87,"column":48}},"39":{"start":{"line":86,"column":22},"end":{"line":86,"column":49}},"40":{"start":{"line":87,"column":22},"end":{"line":87,"column":47}},"41":{"start":{"line":92,"column":21},"end":{"line":92,"column":32}},"42":{"start":{"line":93,"column":20},"end":{"line":93,"column":31}},"43":{"start":{"line":96,"column":30},"end":{"line":96,"column":36}},"44":{"start":{"line":97,"column":14},"end":{"line":97,"column":78}},"45":{"start":{"line":98,"column":18},"end":{"line":98,"column":73}},"46":{"start":{"line":98,"column":38},"end":{"line":98,"column":67}},"47":{"start":{"line":99,"column":2},"end":{"line":102,"column":4}},"48":{"start":{"line":100,"column":19},"end":{"line":100,"column":37}},"49":{"start":{"line":101,"column":20},"end":{"line":101,"column":39}},"50":{"start":{"line":103,"column":2},"end":{"line":103,"column":16}},"51":{"start":{"line":107,"column":2},"end":{"line":107,"column":36}},"52":{"start":{"line":115,"column":6},"end":{"line":115,"column":12}},"53":{"start":{"line":117,"column":15},"end":{"line":123,"column":3}},"54":{"start":{"line":125,"column":2},"end":{"line":125,"column":67}},"55":{"start":{"line":130,"column":26},"end":{"line":135,"column":3}},"56":{"start":{"line":136,"column":21},"end":{"line":136,"column":43}},"57":{"start":{"line":137,"column":2},"end":{"line":143,"column":4}},"58":{"start":{"line":155,"column":6},"end":{"line":155,"column":12}},"59":{"start":{"line":157,"column":17},"end":{"line":184,"column":3}},"60":{"start":{"line":160,"column":32},"end":{"line":160,"column":59}},"61":{"start":{"line":170,"column":32},"end":{"line":170,"column":62}},"62":{"start":{"line":174,"column":26},"end":{"line":174,"column":59}},"63":{"start":{"line":178,"column":26},"end":{"line":178,"column":56}},"64":{"start":{"line":182,"column":26},"end":{"line":182,"column":50}},"65":{"start":{"line":185,"column":2},"end":{"line":194,"column":3}},"66":{"start":{"line":186,"column":4},"end":{"line":186,"column":36}},"67":{"start":{"line":187,"column":4},"end":{"line":193,"column":5}},"68":{"start":{"line":188,"column":21},"end":{"line":188,"column":40}},"69":{"start":{"line":189,"column":6},"end":{"line":192,"column":7}},"70":{"start":{"line":190,"column":8},"end":{"line":190,"column":34}},"71":{"start":{"line":191,"column":8},"end":{"line":191,"column":13}},"72":{"start":{"line":200,"column":56},"end":{"line":200,"column":62}},"73":{"start":{"line":201,"column":17},"end":{"line":201,"column":38}},"74":{"start":{"line":202,"column":2},"end":{"line":207,"column":4}},"75":{"start":{"line":218,"column":6},"end":{"line":218,"column":12}},"76":{"start":{"line":220,"column":17},"end":{"line":252,"column":3}},"77":{"start":{"line":235,"column":8},"end":{"line":235,"column":88}},"78":{"start":{"line":235,"column":82},"end":{"line":235,"column":88}},"79":{"start":{"line":236,"column":8},"end":{"line":236,"column":39}},"80":{"start":{"line":241,"column":24},"end":{"line":241,"column":53}},"81":{"start":{"line":244,"column":24},"end":{"line":244,"column":50}},"82":{"start":{"line":250,"column":24},"end":{"line":250,"column":50}},"83":{"start":{"line":254,"column":21},"end":{"line":263,"column":3}},"84":{"start":{"line":255,"column":4},"end":{"line":255,"column":36}},"85":{"start":{"line":256,"column":4},"end":{"line":262,"column":5}},"86":{"start":{"line":257,"column":21},"end":{"line":257,"column":40}},"87":{"start":{"line":258,"column":6},"end":{"line":261,"column":7}},"88":{"start":{"line":259,"column":8},"end":{"line":259,"column":34}},"89":{"start":{"line":260,"column":8},"end":{"line":260,"column":13}},"90":{"start":{"line":265,"column":2},"end":{"line":265,"column":33}},"91":{"start":{"line":271,"column":15},"end":{"line":271,"column":32}},"92":{"start":{"line":272,"column":0},"end":{"line":272,"column":19}},"93":{"start":{"line":273,"column":21},"end":{"line":273,"column":131}},"94":{"start":{"line":278,"column":21},"end":{"line":278,"column":37}},"95":{"start":{"line":281,"column":2},"end":{"line":290,"column":3}},"96":{"start":{"line":282,"column":4},"end":{"line":282,"column":37}},"97":{"start":{"line":283,"column":18},"end":{"line":283,"column":42}},"98":{"start":{"line":284,"column":4},"end":{"line":289,"column":5}},"99":{"start":{"line":285,"column":51},"end":{"line":285,"column":74}},"100":{"start":{"line":287,"column":19},"end":{"line":287,"column":94}},"101":{"start":{"line":288,"column":6},"end":{"line":288,"column":35}},"102":{"start":{"line":294,"column":16},"end":{"line":294,"column":89}},"103":{"start":{"line":295,"column":2},"end":{"line":295,"column":33}},"104":{"start":{"line":299,"column":21},"end":{"line":299,"column":80}},"105":{"start":{"line":302,"column":2},"end":{"line":302,"column":33}},"106":{"start":{"line":306,"column":19},"end":{"line":306,"column":35}},"107":{"start":{"line":315,"column":8},"end":{"line":315,"column":14}},"108":{"start":{"line":310,"column":4},"end":{"line":310,"column":43}},"109":{"start":{"line":311,"column":18},"end":{"line":311,"column":26}},"110":{"start":{"line":312,"column":18},"end":{"line":312,"column":98}},"111":{"start":{"line":313,"column":4},"end":{"line":314,"column":25}},"112":{"start":{"line":313,"column":15},"end":{"line":313,"column":28}},"113":{"start":{"line":314,"column":9},"end":{"line":314,"column":25}},"114":{"start":{"line":316,"column":2},"end":{"line":316,"column":94}},"115":{"start":{"line":320,"column":22},"end":{"line":320,"column":66}},"116":{"start":{"line":321,"column":21},"end":{"line":321,"column":62}},"117":{"start":{"line":322,"column":21},"end":{"line":322,"column":62}},"118":{"start":{"line":325,"column":22},"end":{"line":325,"column":74}},"119":{"start":{"line":326,"column":21},"end":{"line":326,"column":68}},"120":{"start":{"line":328,"column":66},"end":{"line":328,"column":85}},"121":{"start":{"line":332,"column":16},"end":{"line":339,"column":3}},"122":{"start":{"line":333,"column":21},"end":{"line":333,"column":36}},"123":{"start":{"line":334,"column":4},"end":{"line":337,"column":5}},"124":{"start":{"line":335,"column":6},"end":{"line":335,"column":28}},"125":{"start":{"line":336,"column":6},"end":{"line":336,"column":17}},"126":{"start":{"line":338,"column":4},"end":{"line":338,"column":16}},"127":{"start":{"line":341,"column":2},"end":{"line":356,"column":3}},"128":{"start":{"line":342,"column":4},"end":{"line":342,"column":35}},"129":{"start":{"line":343,"column":4},"end":{"line":355,"column":5}},"130":{"start":{"line":344,"column":6},"end":{"line":344,"column":76}},"131":{"start":{"line":345,"column":11},"end":{"line":355,"column":5}},"132":{"start":{"line":346,"column":6},"end":{"line":346,"column":92}},"133":{"start":{"line":347,"column":11},"end":{"line":355,"column":5}},"134":{"start":{"line":348,"column":6},"end":{"line":348,"column":75}},"135":{"start":{"line":349,"column":11},"end":{"line":355,"column":5}},"136":{"start":{"line":350,"column":6},"end":{"line":350,"column":91}},"137":{"start":{"line":351,"column":11},"end":{"line":355,"column":5}},"138":{"start":{"line":352,"column":6},"end":{"line":352,"column":83}},"139":{"start":{"line":354,"column":6},"end":{"line":354,"column":46}},"140":{"start":{"line":360,"column":2},"end":{"line":360,"column":66}},"141":{"start":{"line":361,"column":19},"end":{"line":361,"column":62}},"142":{"start":{"line":362,"column":21},"end":{"line":362,"column":76}},"143":{"start":{"line":363,"column":2},"end":{"line":363,"column":37}},"144":{"start":{"line":366,"column":14},"end":{"line":366,"column":63}},"145":{"start":{"line":369,"column":2},"end":{"line":373,"column":3}},"146":{"start":{"line":370,"column":4},"end":{"line":370,"column":51}},"147":{"start":{"line":372,"column":4},"end":{"line":372,"column":31}},"148":{"start":{"line":377,"column":19},"end":{"line":377,"column":109}},"149":{"start":{"line":380,"column":2},"end":{"line":390,"column":3}},"150":{"start":{"line":381,"column":4},"end":{"line":381,"column":35}},"151":{"start":{"line":382,"column":18},"end":{"line":382,"column":40}},"152":{"start":{"line":383,"column":58},"end":{"line":383,"column":81}},"153":{"start":{"line":384,"column":4},"end":{"line":389,"column":5}},"154":{"start":{"line":385,"column":20},"end":{"line":385,"column":40}},"155":{"start":{"line":386,"column":24},"end":{"line":386,"column":44}},"156":{"start":{"line":387,"column":19},"end":{"line":387,"column":37}},"157":{"start":{"line":388,"column":6},"end":{"line":388,"column":60}},"158":{"start":{"line":394,"column":2},"end":{"line":394,"column":57}},"159":{"start":{"line":395,"column":16},"end":{"line":395,"column":79}},"160":{"start":{"line":396,"column":2},"end":{"line":396,"column":31}},"161":{"start":{"line":400,"column":17},"end":{"line":400,"column":73}},"162":{"start":{"line":403,"column":17},"end":{"line":410,"column":3}},"163":{"start":{"line":405,"column":4},"end":{"line":405,"column":41}},"164":{"start":{"line":406,"column":18},"end":{"line":406,"column":26}},"165":{"start":{"line":407,"column":18},"end":{"line":407,"column":99}},"166":{"start":{"line":408,"column":4},"end":{"line":409,"column":25}},"167":{"start":{"line":408,"column":15},"end":{"line":408,"column":28}},"168":{"start":{"line":409,"column":9},"end":{"line":409,"column":25}},"169":{"start":{"line":411,"column":2},"end":{"line":411,"column":46}},"170":{"start":{"line":418,"column":21},"end":{"line":418,"column":36}},"171":{"start":{"line":419,"column":18},"end":{"line":419,"column":33}},"172":{"start":{"line":425,"column":14},"end":{"line":425,"column":57}},"173":{"start":{"line":426,"column":2},"end":{"line":426,"column":36}},"174":{"start":{"line":427,"column":2},"end":{"line":427,"column":39}},"175":{"start":{"line":427,"column":12},"end":{"line":427,"column":39}},"176":{"start":{"line":428,"column":18},"end":{"line":428,"column":44}},"177":{"start":{"line":428,"column":24},"end":{"line":428,"column":44}},"178":{"start":{"line":429,"column":2},"end":{"line":429,"column":42}},"179":{"start":{"line":437,"column":14},"end":{"line":437,"column":50}},"180":{"start":{"line":438,"column":2},"end":{"line":438,"column":39}},"181":{"start":{"line":438,"column":12},"end":{"line":438,"column":39}},"182":{"start":{"line":439,"column":2},"end":{"line":446,"column":3}},"183":{"start":{"line":442,"column":4},"end":{"line":442,"column":48}},"184":{"start":{"line":444,"column":20},"end":{"line":444,"column":42}},"185":{"start":{"line":444,"column":26},"end":{"line":444,"column":42}},"186":{"start":{"line":445,"column":4},"end":{"line":445,"column":44}},"187":{"start":{"line":452,"column":19},"end":{"line":452,"column":34}},"188":{"start":{"line":458,"column":14},"end":{"line":458,"column":27}},"189":{"start":{"line":459,"column":2},"end":{"line":459,"column":36}},"190":{"start":{"line":460,"column":2},"end":{"line":460,"column":39}},"191":{"start":{"line":460,"column":12},"end":{"line":460,"column":39}},"192":{"start":{"line":461,"column":18},"end":{"line":461,"column":44}},"193":{"start":{"line":461,"column":24},"end":{"line":461,"column":44}},"194":{"start":{"line":462,"column":2},"end":{"line":462,"column":42}},"195":{"start":{"line":470,"column":14},"end":{"line":470,"column":43}},"196":{"start":{"line":471,"column":2},"end":{"line":471,"column":39}},"197":{"start":{"line":471,"column":12},"end":{"line":471,"column":39}},"198":{"start":{"line":472,"column":2},"end":{"line":479,"column":3}},"199":{"start":{"line":475,"column":4},"end":{"line":475,"column":48}},"200":{"start":{"line":477,"column":20},"end":{"line":477,"column":42}},"201":{"start":{"line":477,"column":26},"end":{"line":477,"column":42}},"202":{"start":{"line":478,"column":4},"end":{"line":478,"column":44}},"203":{"start":{"line":486,"column":12},"end":{"line":486,"column":80}},"204":{"start":{"line":487,"column":2},"end":{"line":487,"column":48}},"205":{"start":{"line":491,"column":2},"end":{"line":491,"column":70}},"206":{"start":{"line":495,"column":12},"end":{"line":495,"column":13}},"207":{"start":{"line":496,"column":21},"end":{"line":496,"column":32}},"208":{"start":{"line":496,"column":27},"end":{"line":496,"column":32}},"209":{"start":{"line":497,"column":2},"end":{"line":497,"column":102}},"210":{"start":{"line":497,"column":98},"end":{"line":497,"column":101}}},"fnMap":{"0":{"name":"(anonymous_0)","decl":{"start":{"line":7,"column":13},"end":{"line":7,"column":14}},"loc":{"start":{"line":7,"column":19},"end":{"line":7,"column":23}},"line":7},"1":{"name":"(anonymous_1)","decl":{"start":{"line":8,"column":20},"end":{"line":8,"column":21}},"loc":{"start":{"line":8,"column":26},"end":{"line":8,"column":63}},"line":8},"2":{"name":"(anonymous_2)","decl":{"start":{"line":9,"column":19},"end":{"line":9,"column":20}},"loc":{"start":{"line":9,"column":25},"end":{"line":9,"column":61}},"line":9},"3":{"name":"enqueue2bash","decl":{"start":{"line":19,"column":9},"end":{"line":19,"column":21}},"loc":{"start":{"line":19,"column":75},"end":{"line":28,"column":1}},"line":19},"4":{"name":"(anonymous_4)","decl":{"start":{"line":27,"column":23},"end":{"line":27,"column":24}},"loc":{"start":{"line":27,"column":29},"end":{"line":27,"column":58}},"line":27},"5":{"name":"listDisksOnBackup","decl":{"start":{"line":33,"column":22},"end":{"line":33,"column":39}},"loc":{"start":{"line":33,"column":43},"end":{"line":35,"column":1}},"line":33},"6":{"name":"listLocalDisks","decl":{"start":{"line":37,"column":22},"end":{"line":37,"column":36}},"loc":{"start":{"line":37,"column":40},"end":{"line":39,"column":1}},"line":37},"7":{"name":"getComputerInfo","decl":{"start":{"line":41,"column":22},"end":{"line":41,"column":37}},"loc":{"start":{"line":41,"column":41},"end":{"line":44,"column":1}},"line":41},"8":{"name":"getDiskName","decl":{"start":{"line":46,"column":22},"end":{"line":46,"column":33}},"loc":{"start":{"line":46,"column":41},"end":{"line":48,"column":1}},"line":46},"9":{"name":"getServer","decl":{"start":{"line":50,"column":22},"end":{"line":50,"column":31}},"loc":{"start":{"line":50,"column":42},"end":{"line":53,"column":1}},"line":50},"10":{"name":"getUser","decl":{"start":{"line":55,"column":22},"end":{"line":55,"column":29}},"loc":{"start":{"line":55,"column":33},"end":{"line":58,"column":1}},"line":55},"11":{"name":"changeServer","decl":{"start":{"line":60,"column":22},"end":{"line":60,"column":34}},"loc":{"start":{"line":60,"column":44},"end":{"line":63,"column":1}},"line":60},"12":{"name":"deleteServer","decl":{"start":{"line":64,"column":22},"end":{"line":64,"column":34}},"loc":{"start":{"line":64,"column":44},"end":{"line":67,"column":1}},"line":64},"13":{"name":"initServer","decl":{"start":{"line":68,"column":22},"end":{"line":68,"column":32}},"loc":{"start":{"line":68,"column":48},"end":{"line":74,"column":1}},"line":68},"14":{"name":"listServers","decl":{"start":{"line":76,"column":22},"end":{"line":76,"column":33}},"loc":{"start":{"line":76,"column":44},"end":{"line":78,"column":1}},"line":76},"15":{"name":"createTask","decl":{"start":{"line":81,"column":22},"end":{"line":81,"column":32}},"loc":{"start":{"line":81,"column":43},"end":{"line":89,"column":1}},"line":81},"16":{"name":"(anonymous_16)","decl":{"start":{"line":82,"column":21},"end":{"line":82,"column":22}},"loc":{"start":{"line":82,"column":42},"end":{"line":88,"column":3}},"line":82},"17":{"name":"(anonymous_17)","decl":{"start":{"line":84,"column":19},"end":{"line":84,"column":20}},"loc":{"start":{"line":84,"column":26},"end":{"line":84,"column":42}},"line":84},"18":{"name":"(anonymous_18)","decl":{"start":{"line":86,"column":12},"end":{"line":86,"column":13}},"loc":{"start":{"line":86,"column":22},"end":{"line":86,"column":49}},"line":86},"19":{"name":"(anonymous_19)","decl":{"start":{"line":87,"column":13},"end":{"line":87,"column":14}},"loc":{"start":{"line":87,"column":22},"end":{"line":87,"column":47}},"line":87},"20":{"name":"_Queue","decl":{"start":{"line":95,"column":9},"end":{"line":95,"column":15}},"loc":{"start":{"line":95,"column":64},"end":{"line":104,"column":1}},"line":95},"21":{"name":"(anonymous_21)","decl":{"start":{"line":98,"column":32},"end":{"line":98,"column":33}},"loc":{"start":{"line":98,"column":38},"end":{"line":98,"column":67}},"line":98},"22":{"name":"(anonymous_22)","decl":{"start":{"line":100,"column":13},"end":{"line":100,"column":14}},"loc":{"start":{"line":100,"column":19},"end":{"line":100,"column":37}},"line":100},"23":{"name":"(anonymous_23)","decl":{"start":{"line":101,"column":14},"end":{"line":101,"column":15}},"loc":{"start":{"line":101,"column":20},"end":{"line":101,"column":39}},"line":101},"24":{"name":"_kit","decl":{"start":{"line":106,"column":9},"end":{"line":106,"column":13}},"loc":{"start":{"line":106,"column":46},"end":{"line":126,"column":1}},"line":106},"25":{"name":"rKit","decl":{"start":{"line":129,"column":16},"end":{"line":129,"column":20}},"loc":{"start":{"line":129,"column":59},"end":{"line":144,"column":1}},"line":129},"26":{"name":"matchLine4rKit","decl":{"start":{"line":147,"column":9},"end":{"line":147,"column":23}},"loc":{"start":{"line":147,"column":38},"end":{"line":195,"column":1}},"line":147},"27":{"name":"(anonymous_27)","decl":{"start":{"line":160,"column":15},"end":{"line":160,"column":16}},"loc":{"start":{"line":160,"column":32},"end":{"line":160,"column":59}},"line":160},"28":{"name":"(anonymous_28)","decl":{"start":{"line":170,"column":15},"end":{"line":170,"column":16}},"loc":{"start":{"line":170,"column":32},"end":{"line":170,"column":62}},"line":170},"29":{"name":"(anonymous_29)","decl":{"start":{"line":174,"column":15},"end":{"line":174,"column":16}},"loc":{"start":{"line":174,"column":26},"end":{"line":174,"column":59}},"line":174},"30":{"name":"(anonymous_30)","decl":{"start":{"line":178,"column":15},"end":{"line":178,"column":16}},"loc":{"start":{"line":178,"column":26},"end":{"line":178,"column":56}},"line":178},"31":{"name":"(anonymous_31)","decl":{"start":{"line":182,"column":15},"end":{"line":182,"column":16}},"loc":{"start":{"line":182,"column":26},"end":{"line":182,"column":50}},"line":182},"32":{"name":"(anonymous_32)","decl":{"start":{"line":185,"column":9},"end":{"line":185,"column":10}},"loc":{"start":{"line":185,"column":19},"end":{"line":194,"column":3}},"line":185},"33":{"name":"bKit","decl":{"start":{"line":198,"column":16},"end":{"line":198,"column":20}},"loc":{"start":{"line":198,"column":41},"end":{"line":208,"column":1}},"line":198},"34":{"name":"matchLine4bKit","decl":{"start":{"line":210,"column":9},"end":{"line":210,"column":23}},"loc":{"start":{"line":210,"column":38},"end":{"line":266,"column":1}},"line":210},"35":{"name":"(anonymous_35)","decl":{"start":{"line":233,"column":15},"end":{"line":233,"column":16}},"loc":{"start":{"line":233,"column":32},"end":{"line":237,"column":7}},"line":233},"36":{"name":"(anonymous_36)","decl":{"start":{"line":241,"col
[...]
,"C:\\projects\\bkit\\gui\\src\\workers\\mixins\\restoreEvents.js": {"path":"C:\\projects\\bkit\\gui\\src\\workers\\mixins\\restoreEvents.js","statementMap":{"0":{"start":{"line":10,"column":4},"end":{"line":13,"column":5}},"1":{"start":{"line":17,"column":6},"end":{"line":17,"column":29}},"2":{"start":{"line":18,"column":6},"end":{"line":18,"column":20}},"3":{"start":{"line":19,"column":6},"end":{"line":19,"column":50}},"4":{"start":{"line":22,"column":6},"end":{"line":22,"column":30}},"5":{"start":{"line":25,"column":6},"end":{"line":25,"column":24}},"6":{"start":{"line":26,"column":6},"end":{"line":26,"column":29}},"7":{"start":{"line":27,"column":6},"end":{"line":27,"column":22}},"8":{"start":{"line":30,"column":6},"end":{"line":30,"column":25}}},"fnMap":{"0":{"name":"(anonymous_0)","decl":{"start":{"line":9,"column":2},"end":{"line":9,"column":3}},"loc":{"start":{"line":9,"column":10},"end":{"line":14,"column":3}},"line":9},"1":{"name":"(anonymous_1)","decl":{"start":{"line":16,"column":4},"end":{"line":16,"column":5}},"loc":{"start":{"line":16,"column":22},"end":{"line":20,"column":5}},"line":16},"2":{"name":"(anonymous_2)","decl":{"start":{"line":21,"column":4},"end":{"line":21,"column":5}},"loc":{"start":{"line":21,"column":17},"end":{"line":23,"column":5}},"line":21},"3":{"name":"(anonymous_3)","decl":{"start":{"line":24,"column":4},"end":{"line":24,"column":5}},"loc":{"start":{"line":24,"column":18},"end":{"line":28,"column":5}},"line":24},"4":{"name":"(anonymous_4)","decl":{"start":{"line":29,"column":4},"end":{"line":29,"column":5}},"loc":{"start":{"line":29,"column":16},"end":{"line":31,"column":5}},"line":29}},"branchMap":{},"s":{"0":0,"1":0,"2":0,"3":0,"4":0,"5":0,"6":0,"7":0,"8":0},"f":{"0":0,"1":0,"2":0,"3":0,"4":0},"b":{}}
,"C:\\projects\\bkit\\gui\\src\\workers\\mixins\\restoreStats.js": {"path":"C:\\projects\\bkit\\gui\\src\\workers\\mixins\\restoreStats.js","statementMap":{"0":{"start":{"line":6,"column":4},"end":{"line":15,"column":5}},"1":{"start":{"line":19,"column":6},"end":{"line":19,"column":92}},"2":{"start":{"line":22,"column":6},"end":{"line":22,"column":32}},"3":{"start":{"line":27,"column":6},"end":{"line":27,"column":58}},"4":{"start":{"line":30,"column":6},"end":{"line":30,"column":28}},"5":{"start":{"line":31,"column":6},"end":{"line":31,"column":21}},"6":{"start":{"line":32,"column":6},"end":{"line":32,"column":29}},"7":{"start":{"line":33,"column":6},"end":{"line":33,"column":45}},"8":{"start":{"line":36,"column":6},"end":{"line":36,"column":28}},"9":{"start":{"line":37,"column":6},"end":{"line":37,"column":43}},"10":{"start":{"line":38,"column":6},"end":{"line":38,"column":29}},"11":{"start":{"line":39,"column":6},"end":{"line":39,"column":29}},"12":{"start":{"line":41,"column":23},"end":{"line":41,"column":50}},"13":{"start":{"line":42,"column":24},"end":{"line":42,"column":44}}},"fnMap":{"0":{"name":"(anonymous_0)","decl":{"start":{"line":5,"column":2},"end":{"line":5,"column":3}},"loc":{"start":{"line":5,"column":10},"end":{"line":16,"column":3}},"line":5},"1":{"name":"(anonymous_1)","decl":{"start":{"line":18,"column":4},"end":{"line":18,"column":5}},"loc":{"start":{"line":18,"column":20},"end":{"line":20,"column":5}},"line":18},"2":{"name":"(anonymous_2)","decl":{"start":{"line":21,"column":4},"end":{"line":21,"column":5}},"loc":{"start":{"line":21,"column":19},"end":{"line":23,"column":5}},"line":21},"3":{"name":"(anonymous_3)","decl":{"start":{"line":26,"column":4},"end":{"line":26,"column":5}},"loc":{"start":{"line":26,"column":20},"end":{"line":28,"column":5}},"line":26},"4":{"name":"(anonymous_4)","decl":{"start":{"line":29,"column":4},"end":{"line":29,"column":5}},"loc":{"start":{"line":29,"column":32},"end":{"line":34,"column":5}},"line":29},"5":{"name":"(anonymous_5)","decl":{"start":{"line":35,"column":4},"end":{"line":35,"column":5}},"loc":{"start":{"line":35,"column":41},"end":{"line":40,"column":5}},"line":35},"6":{"name":"(anonymous_6)","decl":{"start":{"line":41,"column":4},"end":{"line":41,"column":5}},"loc":{"start":{"line":41,"column":21},"end":{"line":41,"column":52}},"line":41},"7":{"name":"(anonymous_7)","decl":{"start":{"line":42,"column":4},"end":{"line":42,"column":5}},"loc":{"start":{"line":42,"column":22},"end":{"line":42,"column":46}},"line":42}},"branchMap":{"0":{"loc":{"start":{"line":19,"column":13},"end":{"line":19,"column":92}},"type":"cond-expr","locations":[{"start":{"line":19,"column":31},"end":{"line":19,"column":88}},{"start":{"line":19,"column":91},"end":{"line":19,"column":92}}],"line":19}},"s":{"0":0,"1":0,"2":0,"3":0,"4":0,"5":0,"6":0,"7":0,"8":0,"9":0,"10":0,"11":0,"12":0,"13":0},"f":{"0":0,"1":0,"2":0,"3":0,"4":0,"5":0,"6":0,"7":0},"b":{"0":[0,0]}}
,"C:\\projects\\bkit\\gui\\src\\workers\\mixins\\state.js": {"path":"C:\\projects\\bkit\\gui\\src\\workers\\mixins\\state.js","statementMap":{"0":{"start":{"line":17,"column":13},"end":{"line":17,"column":23}},"1":{"start":{"line":17,"column":19},"end":{"line":17,"column":23}},"2":{"start":{"line":22,"column":4},"end":{"line":27,"column":5}},"3":{"start":{"line":30,"column":21},"end":{"line":30,"column":43}},"4":{"start":{"line":32,"column":6},"end":{"line":32,"column":57}},"5":{"start":{"line":35,"column":6},"end":{"line":35,"column":38}},"6":{"start":{"line":38,"column":6},"end":{"line":38,"column":57}},"7":{"start":{"line":41,"column":6},"end":{"line":41,"column":53}},"8":{"start":{"line":44,"column":6},"end":{"line":44,"column":67}},"9":{"start":{"line":47,"column":6},"end":{"line":47,"column":43}},"10":{"start":{"line":50,"column":6},"end":{"line":50,"column":48}},"11":{"start":{"line":53,"column":6},"end":{"line":53,"column":79}},"12":{"start":{"line":56,"column":6},"end":{"line":56,"column":43}},"13":{"start":{"line":59,"column":6},"end":{"line":59,"column":47}},"14":{"start":{"line":62,"column":6},"end":{"line":62,"column":42}},"15":{"start":{"line":65,"column":6},"end":{"line":65,"column":38}},"16":{"start":{"line":68,"column":6},"end":{"line":68,"column":38}},"17":{"start":{"line":71,"column":6},"end":{"line":71,"column":39}},"18":{"start":{"line":74,"column":6},"end":{"line":74,"column":48}},"19":{"start":{"line":77,"column":6},"end":{"line":77,"column":39}},"20":{"start":{"line":80,"column":6},"end":{"line":80,"column":35}},"21":{"start":{"line":85,"column":6},"end":{"line":85,"column":29}},"22":{"start":{"line":86,"column":6},"end":{"line":86,"column":45}},"23":{"start":{"line":87,"column":6},"end":{"line":98,"column":7}},"24":{"start":{"line":88,"column":8},"end":{"line":88,"column":32}},"25":{"start":{"line":89,"column":8},"end":{"line":89,"column":31}},"26":{"start":{"line":90,"column":8},"end":{"line":97,"column":9}},"27":{"start":{"line":91,"column":10},"end":{"line":91,"column":24}},"28":{"start":{"line":92,"column":10},"end":{"line":92,"column":30}},"29":{"start":{"line":93,"column":10},"end":{"line":93,"column":33}},"30":{"start":{"line":94,"column":10},"end":{"line":94,"column":32}},"31":{"start":{"line":96,"column":10},"end":{"line":96,"column":20}},"32":{"start":{"line":101,"column":6},"end":{"line":119,"column":7}},"33":{"start":{"line":102,"column":8},"end":{"line":102,"column":36}},"34":{"start":{"line":103,"column":8},"end":{"line":103,"column":46}},"35":{"start":{"line":104,"column":8},"end":{"line":114,"column":9}},"36":{"start":{"line":105,"column":10},"end":{"line":105,"column":34}},"37":{"start":{"line":106,"column":10},"end":{"line":106,"column":30}},"38":{"start":{"line":107,"column":10},"end":{"line":107,"column":33}},"39":{"start":{"line":108,"column":10},"end":{"line":108,"column":43}},"40":{"start":{"line":110,"column":10},"end":{"line":110,"column":79}},"41":{"start":{"line":111,"column":10},"end":{"line":111,"column":20}},"42":{"start":{"line":112,"column":10},"end":{"line":112,"column":30}},"43":{"start":{"line":113,"column":10},"end":{"line":113,"column":26}},"44":{"start":{"line":115,"column":13},"end":{"line":119,"column":7}},"45":{"start":{"line":116,"column":8},"end":{"line":116,"column":23}},"46":{"start":{"line":118,"column":8},"end":{"line":118,"column":56}},"47":{"start":{"line":122,"column":6},"end":{"line":122,"column":44}},"48":{"start":{"line":122,"column":20},"end":{"line":122,"column":44}},"49":{"start":{"line":126,"column":4},"end":{"line":126,"column":68}},"50":{"start":{"line":129,"column":4},"end":{"line":129,"column":71}}},"fnMap":{"0":{"name":"(anonymous_0)","decl":{"start":{"line":17,"column":13},"end":{"line":17,"column":14}},"loc":{"start":{"line":17,"column":19},"end":{"line":17,"column":23}},"line":17},"1":{"name":"(anonymous_1)","decl":{"start":{"line":21,"column":2},"end":{"line":21,"column":3}},"loc":{"start":{"line":21,"column":10},"end":{"line":28,"column":3}},"line":21},"2":{"name":"(anonymous_2)","decl":{"start":{"line":30,"column":4},"end":{"line":30,"column":5}},"loc":{"start":{"line":30,"column":19},"end":{"line":30,"column":45}},"line":30},"3":{"name":"(anonymous_3)","decl":{"start":{"line":31,"column":4},"end":{"line":31,"column":5}},"loc":{"start":{"line":31,"column":14},"end":{"line":33,"column":5}},"line":31},"4":{"name":"(anonymous_4)","decl":{"start":{"line":34,"column":4},"end":{"line":34,"column":5}},"loc":{"start":{"line":34,"column":18},"end":{"line":36,"column":5}},"line":34},"5":{"name":"(anonymous_5)","decl":{"start":{"line":37,"column":4},"end":{"line":37,"column":5}},"loc":{"start":{"line":37,"column":17},"end":{"line":39,"column":5}},"line":37},"6":{"name":"(anonymous_6)","decl":{"start":{"line":40,"column":4},"end":{"line":40,"column":5}},"loc":{"start":{"line":40,"column":14},"end":{"line":42,"column":5}},"line":40},"7":{"name":"(anonymous_7)","decl":{"start":{"line":43,"column":4},"end":{"line":43,"column":5}},"loc":{"start":{"line":43,"column":18},"end":{"line":45,"column":5}},"line":43},"8":{"name":"(anonymous_8)","decl":{"start":{"line":46,"column":4},"end":{"line":46,"column":5}},"loc":{"start":{"line":46,"column":19},"end":{"line":48,"column":5}},"line":46},"9":{"name":"(anonymous_9)","decl":{"start":{"line":49,"column":4},"end":{"line":49,"column":5}},"loc":{"start":{"line":49,"column":25},"end":{"line":51,"column":5}},"line":49},"10":{"name":"(anonymous_10)","decl":{"start":{"line":52,"column":4},"end":{"line":52,"column":5}},"loc":{"start":{"line":52,"column":20},"end":{"line":54,"column":5}},"line":52},"11":{"name":"(anonymous_11)","decl":{"start":{"line":55,"column":4},"end":{"line":55,"column":5}},"loc":{"start":{"line":55,"column":21},"end":{"line":57,"column":5}},"line":55},"12":{"name":"(anonymous_12)","decl":{"start":{"line":58,"column":4},"end":{"line":58,"column":5}},"loc":{"start":{"line":58,"column":17},"end":{"line":60,"column":5}},"line":58},"13":{"name":"(anonymous_13)","decl":{"start":{"line":61,"column":4},"end":{"line":61,"column":5}},"loc":{"start":{"line":61,"column":19},"end":{"line":63,"column":5}},"line":61},"14":{"name":"(anonymous_14)","decl":{"start":{"line":64,"column":4},"end":{"line":64,"column":5}},"loc":{"start":{"line":64,"column":15},"end":{"line":66,"column":5}},"line":64},"15":{"name":"(anonymous_15)","decl":{"start":{"line":67,"column":4},"end":{"line":67,"column":5}},"loc":{"start":{"line":67,"column":18},"end":{"line":69,"column":5}},"line":67},"16":{"name":"(anonymous_16)","decl":{"start":{"line":70,"column":4},"end":{"line":70,"column":5}},"loc":{"start":{"line":70,"column":19},"end":{"line":72,"column":5}},"line":70},"17":{"name":"(anonymous_17)","decl":{"start":{"line":73,"column":4},"end":{"line":73,"column":5}},"loc":{"start":{"line":73,"column":25},"end":{"line":75,"column":5}},"line":73},"18":{"name":"(anonymous_18)","decl":{"start":{"line":76,"column":4},"end":{"line":76,"column":5}},"loc":{"start":{"line":76,"column":16},"end":{"line":78,"column":5}},"line":76},"19":{"name":"(anonymous_19)","decl":{"start":{"line":79,"column":4},"end":{"line":79,"column":5}},"loc":{"start":{"line":79,"column":17},"end":{"line":81,"column":5}},"line":79},"20":{"name":"(anonymous_20)","decl":{"start":{"line":84,"column":4},"end":{"line":84,"column":5}},"loc":{"start":{"line":84,"column":20},"end":{"line":99,"column":5}},"line":84},"21":{"name":"(anonymous_21)","decl":{"start":{"line":87,"column":22},"end":{"line":87,"column":23}},"loc":{"start":{"line":87,"column":28},"end":{"line":98,"column":7}},"line":87},"22":{"name":"(anonymous_22)","decl":{"start":{"line":100,"column":4},"end":{"line":100,"column":5}},"loc":{"start":{"line":100,"column":20},"end":{"line":120,"column":5}},"line":100},"23":{"name":"(anonymous_23)","decl":{"start":{"line":121,"column":4},"end":{"line":121,"column":5}},"loc":{"start":{"line":121,"column":32},"end":{"line":123,"column":5}},"line":121},"24":{"name":"(anonymous_24)","decl":{"start":{"line":125,"column":2},"end":{"line":125,"column":3}},"loc":{"start":{"line":125,"column":13},"end":{"line":127,"column":3}},"line":125},"25":{"name":"(anonymous_25)","decl":{"start":{"line":128,"column":2},"end":{"line":128,"column":3}},"loc":{"start":{"line":128,"column":19},"end":{"line":130,"column":3}},"line":128}},"branchMap":{"0":{"loc":{"start":{"line":32,"column":13},"end":{"line":32,"column":57}},"type":"binary-expr","locations":[{"start":{"line":32,"column":13},"end":{"line":32,"column":28}},{"start":{"line":32,"column":32},"end":{"line":32,"column":57}}],"line":32},"1":{"loc":{"start":{"line":38,"column":13},"end":{"line":38,"column":57}},"type":"binary-expr","locations":[{"start":{"line":38,"column":13},"end":{"line":38,"column":37}},{"start":{"line":38,"column":41},"end":{"line":38,"column":57}}],"line":38},"2":{"loc":{"start":{"line":41,"column":13},"end":{"line":41,"column":53}},"type":"binary-expr","locations":[{"start":{"line":41,"column":13},"end":{"line":41,"column":34}},{"start":{"line":41,"column":38},"end":{"line":41,"column":53}}],"line":41},"3":{"loc":{"start":{"line":44,"column":13},"end":{"line":44,"column":67}},"type":"binary-expr","locations":[{"start":{"line":44,"column":13},"end":{"line":44,"column":38}},{"start":{"line":44,"column":42},"end":{"line":44,"column":67}}],"line":44},"4":{"loc":{"start":{"line":50,"column":13},"end":{"line":50,"column":48}},"type":"binary-expr","locations":[{"start":{"line":50,"column":13},"end":{"line":50,"column":29}},{"start":{"line":50,"column":33},"end":{"line":50,"column":48}}],"line":50},"5":{"loc":{"start":{"line":53,"column":13},"end":{"line":53,"column":79}},"type":"binary-expr","locations":[{"start":{"line":53,"column":13},"end":{"line":53,"column":24}},{"start":{"line":53,"column":28},"end":{"line":53,"column":40}},{"start":{"line":53,"column":44},"end":{"line":53,"column":60}},{"start":{"line":53,"column":64},"end":{"line":53,"column":79}}],"line":53},"6":{"loc":{"start":{"line":56,"column":13},"end":{"line":56,"column":43}},"type":"binary-expr","locations":[{"start":{"line":56,"column":13},"end":{"line":56,"column":24}},{"start":{"line":56,"column":28},"end":{"line":56,"column":43}}],"line":56},"7":{"loc":{"start":{"line":59,"column":13},"end":{"line":59,"column":47}},"type":"binary-expr","locations":[{"start":{"line":59,"column":13},"end":{"line":59,"column":28}},{"start":{"line":59,"column":32},"end":{"line":59,"column":47}}],"line":59},"8":{"loc":{"start":{"line":62,"column":13},"end":{"line":62,"column":42}},"type":"binary-expr","locations":[{"start":{"line":62,"column":13},"end":{"line":62,"column":24}},{"start":{"line":62,"column":28},"end":{"line":62,"column":42}}],"line":62},"9":{"loc":{"start":{"line":74,"column":13},"end":{"line":74,"column":48}},"type":"binary-expr","locations":[{"start":{"line":74,"column":13},"end":{"line":74,"column":28}},{"start":{"line":74,"column":32},"end":{"line":74,"column":48}}],"line":74},"10":{"loc":{"start":{"line":77,"column":13},"end":{"line":77,"column":39}},"type":"binary-expr","locations":[{"start":{"line":77,"column":13},"end":{"line":77,"column":24}},{"start":{"line":77,"column":28},"end":{"line":77,"column":39}}],"line":77},"11":{"loc":{"start":{"line":101,"column":6},"end":{"line":119,"column":7}},"type":"if","locations":[{"start":{"line":101,"column":6},"end":{"line":119,"column":7}},{"start":{"line":115,"column":13},"end":{"line":119,"column":7}}],"line":101},"12":{"loc":{"start":{"line":115,"column":13},"end":{"line":119,"column":7}},"type":"if","locations":[{"start":{"line":115,"column":13},"end":{"line":119,"column":7}},{"start":{"line":117,"column":13},"end":{"line":119,"column":7}}],"line":115},"13":{"loc":{"start":{"line":115,"column":17},"end":{"line":115,"column":66}},"type":"binary-expr","locations":[{"start":{"line":115,"column":17},"end":{"line":115,"column":29}},{"start":{"line":115,"column":33},"end":{"line":115,"column":66}}],"line":115},"14":{"loc":{"start":{"line":122,"column":6},"end":{"line":122,"column":44}},"type":"if","locations":[{"start":{"line":122,"column":6},"end":{"line":122,"column":44}},{"start":{},"end":{}}],"line":122}},"s":{"0":0,"1":0,"2":0,"3":0,"4":0,"5":0,"6":0,"7":0,"8":0,"9":0,"10":0,"11":0,"12":0,"13":0,"14":0,"15":0,"16":0,"17":0,"18":0,"19":0,"20":0,"21":0,"22":0,"23":0,"24":0,"25":0,"26":0,"27":0,"28":0,"29":0,"30":0,"31":0,"32":0,"33":0,"34":0,"35":0,"36":0,"37":0,"38":0,"39":0,"40":0,"41":0,"42":0,"43":0,"44":0,"45":0,"46":0,"47":0,"48":0,"49":0,"50":0},"f":{"0":0,"1":0,"2":0,"3":0,"4":0,"5":0,"6":0,"7":0,"8":0,"9":0,"10":0,"11":0,"12":0,"13":0,"14":0,"15":0,"16":0,"17":0,"18":0,"19":0,"20":0,"21":0,"22":0,"23":0,"24":0,"25":0},"b":{"0":[0,0],"1":[0,0],"2":[0,0],"3":[0,0],"4":[0,0],"5":[0,0,0,0],"6":[0,0],"7":[0,0],"8":[0,0],"9":[0,0],"10":[0,0],"11":[0,0],"12":[0,0],"13":[0,0],"14":[0,0]}}
,"C:\\projects\\bkit\\gui\\src\\workers\\restore\\Restore.vue": {"path":"C:\\projects\\bkit\\gui\\src\\workers\\restore\\Restore.vue","statementMap":{"0":{"start":{"line":72,"column":0},"end":{"line":72,"column":null}},"1":{"start":{"line":73,"column":0},"end":{"line":73,"column":null}},"2":{"start":{"line":74,"column":0},"end":{"line":74,"column":null}},"3":{"start":{"line":75,"column":0},"end":{"line":75,"column":null}},"4":{"start":{"line":76,"column":0},"end":{"line":76,"column":null}},"5":{"start":{"line":79,"column":0},"end":{"line":79,"column":null}},"6":{"start":{"line":81,"column":0},"end":{"line":81,"column":null}},"7":{"start":{"line":82,"column":0},"end":{"line":82,"column":null}},"8":{"start":{"line":83,"column":0},"end":{"line":83,"column":null}},"9":{"start":{"line":84,"column":0},"end":{"line":84,"column":null}},"10":{"start":{"line":86,"column":0},"end":{"line":86,"column":null}}},"fnMap":{"0":{"name":"isDryRun","decl":{"start":{"line":86,"column":0},"end":{"line":86,"column":null}},"loc":{"start":{"line":86,"column":0},"end":{"line":86,"column":null}}}},"branchMap":{},"s":{"0":0,"1":0,"2":0,"3":0,"4":0,"5":0,"6":0,"7":0,"8":0,"9":0,"10":0},"f":{"0":0},"b":{}}
,"C:\\projects\\bkit\\gui\\src\\workers\\restore\\RestoreProgress.vue": {"path":"C:\\projects\\bkit\\gui\\src\\workers\\restore\\RestoreProgress.vue","statementMap":{"0":{"start":{"line":30,"column":0},"end":{"line":30,"column":null}},"1":{"start":{"line":31,"column":0},"end":{"line":31,"column":null}},"2":{"start":{"line":32,"column":0},"end":{"line":32,"column":null}}},"fnMap":{},"branchMap":{},"s":{"0":0,"1":0,"2":0},"f":{},"b":{}}
}
