{"C:\\bkit\\gui\\src-electron\\main-process\\electron-main.dev.js": {"path":"C:\\bkit\\gui\\src-electron\\main-process\\electron-main.dev.js","statementMap":{"0":{"start":{"line":9,"column":0},"end":{"line":9,"column":49}},"1":{"start":{"line":12,"column":0},"end":{"line":19,"column":2}},"2":{"start":{"line":13,"column":25},"end":{"line":13,"column":63}},"3":{"start":{"line":14,"column":2},"end":{"line":18,"column":6}},"4":{"start":{"line":17,"column":6},"end":{"line":17,"column":62}},"5":{"start":{"line":22,"column":0},"end":{"line":22,"column":26}}},"fnMap":{"0":{"name":"(anonymous_0)","decl":{"start":{"line":12,"column":36},"end":{"line":12,"column":37}},"loc":{"start":{"line":12,"column":42},"end":{"line":19,"column":1}},"line":12},"1":{"name":"(anonymous_1)","decl":{"start":{"line":15,"column":10},"end":{"line":15,"column":11}},"loc":{"start":{"line":15,"column":16},"end":{"line":15,"column":18}},"line":15},"2":{"name":"(anonymous_2)","decl":{"start":{"line":16,"column":11},"end":{"line":16,"column":12}},"loc":{"start":{"line":16,"column":18},"end":{"line":18,"column":5}},"line":16}},"branchMap":{},"s":{"0":0,"1":0,"2":0,"3":0,"4":0,"5":0},"f":{"0":0,"1":0,"2":0},"b":{},"hash":"96b69162bc7e0499f4e2abaee5ea644b15a909c1"}
,"C:\\bkit\\gui\\src-electron\\main-process\\electron-main.js": {"path":"C:\\bkit\\gui\\src-electron\\main-process\\electron-main.js","statementMap":{"0":{"start":{"line":2,"column":12},"end":{"line":2,"column":35}},"1":{"start":{"line":3,"column":24},"end":{"line":3,"column":51}},"2":{"start":{"line":5,"column":0},"end":{"line":5,"column":24}},"3":{"start":{"line":6,"column":0},"end":{"line":6,"column":33}},"4":{"start":{"line":7,"column":0},"end":{"line":7,"column":40}},"5":{"start":{"line":8,"column":0},"end":{"line":8,"column":32}},"6":{"start":{"line":9,"column":0},"end":{"line":9,"column":49}},"7":{"start":{"line":10,"column":0},"end":{"line":12,"column":2}},"8":{"start":{"line":11,"column":2},"end":{"line":11,"column":15}},"9":{"start":{"line":14,"column":0},"end":{"line":14,"column":28}},"10":{"start":{"line":16,"column":0},"end":{"line":20,"column":15}},"11":{"start":{"line":17,"column":2},"end":{"line":19,"column":3}},"12":{"start":{"line":18,"column":4},"end":{"line":18,"column":98}},"13":{"start":{"line":26,"column":0},"end":{"line":28,"column":1}},"14":{"start":{"line":27,"column":2},"end":{"line":27,"column":86}},"15":{"start":{"line":34,"column":28},"end":{"line":34,"column":60}},"16":{"start":{"line":35,"column":26},"end":{"line":38,"column":4}},"17":{"start":{"line":40,"column":2},"end":{"line":55,"column":4}},"18":{"start":{"line":60,"column":2},"end":{"line":60,"column":41}},"19":{"start":{"line":62,"column":2},"end":{"line":64,"column":4}},"20":{"start":{"line":63,"column":4},"end":{"line":63,"column":21}},"21":{"start":{"line":66,"column":2},"end":{"line":66,"column":36}},"22":{"start":{"line":70,"column":2},"end":{"line":80,"column":4}},"23":{"start":{"line":71,"column":4},"end":{"line":71,"column":28}},"24":{"start":{"line":72,"column":4},"end":{"line":72,"column":18}},"25":{"start":{"line":73,"column":4},"end":{"line":79,"column":5}},"26":{"start":{"line":74,"column":21},"end":{"line":77,"column":8}},"27":{"start":{"line":78,"column":6},"end":{"line":78,"column":19}},"28":{"start":{"line":81,"column":2},"end":{"line":81,"column":42}},"29":{"start":{"line":82,"column":2},"end":{"line":82,"column":34}},"30":{"start":{"line":83,"column":2},"end":{"line":83,"column":34}},"31":{"start":{"line":84,"column":2},"end":{"line":84,"column":40}},"32":{"start":{"line":88,"column":2},"end":{"line":88,"column":31}},"33":{"start":{"line":89,"column":2},"end":{"line":94,"column":4}},"34":{"start":{"line":90,"column":4},"end":{"line":93,"column":6}},"35":{"start":{"line":95,"column":2},"end":{"line":97,"column":4}},"36":{"start":{"line":96,"column":4},"end":{"line":96,"column":52}},"37":{"start":{"line":96,"column":23},"end":{"line":96,"column":51}},"38":{"start":{"line":98,"column":2},"end":{"line":98,"column":41}},"39":{"start":{"line":99,"column":2},"end":{"line":99,"column":33}},"40":{"start":{"line":100,"column":2},"end":{"line":100,"column":57}},"41":{"start":{"line":101,"column":2},"end":{"line":101,"column":38}},"42":{"start":{"line":105,"column":17},"end":{"line":180,"column":1}},"43":{"start":{"line":115,"column":14},"end":{"line":115,"column":38}},"44":{"start":{"line":120,"column":14},"end":{"line":120,"column":40}},"45":{"start":{"line":182,"column":13},"end":{"line":182,"column":45}},"46":{"start":{"line":183,"column":0},"end":{"line":183,"column":29}},"47":{"start":{"line":186,"column":0},"end":{"line":200,"column":2}},"48":{"start":{"line":187,"column":13},"end":{"line":187,"column":26}},"49":{"start":{"line":189,"column":2},"end":{"line":197,"column":3}},"50":{"start":{"line":190,"column":20},"end":{"line":195,"column":6}},"51":{"start":{"line":196,"column":4},"end":{"line":196,"column":41}},"52":{"start":{"line":196,"column":17},"end":{"line":196,"column":41}},"53":{"start":{"line":198,"column":2},"end":{"line":198,"column":16}},"54":{"start":{"line":199,"column":2},"end":{"line":199,"column":17}},"55":{"start":{"line":202,"column":0},"end":{"line":206,"column":2}},"56":{"start":{"line":203,"column":2},"end":{"line":205,"column":3}},"57":{"start":{"line":204,"column":4},"end":{"line":204,"column":14}},"58":{"start":{"line":208,"column":0},"end":{"line":212,"column":2}},"59":{"start":{"line":209,"column":2},"end":{"line":211,"column":3}},"60":{"start":{"line":210,"column":4},"end":{"line":210,"column":18}},"61":{"start":{"line":214,"column":0},"end":{"line":216,"column":2}},"62":{"start":{"line":215,"column":2},"end":{"line":215,"column":39}},"63":{"start":{"line":218,"column":14},"end":{"line":218,"column":39}},"64":{"start":{"line":219,"column":14},"end":{"line":219,"column":43}},"65":{"start":{"line":220,"column":15},"end":{"line":220,"column":40}},"66":{"start":{"line":222,"column":0},"end":{"line":224,"column":1}},"67":{"start":{"line":223,"column":2},"end":{"line":223,"column":54}},"68":{"start":{"line":226,"column":0},"end":{"line":229,"column":2}},"69":{"start":{"line":227,"column":2},"end":{"line":227,"column":28}},"70":{"start":{"line":228,"column":2},"end":{"line":228,"column":33}},"71":{"start":{"line":231,"column":0},"end":{"line":233,"column":2}},"72":{"start":{"line":232,"column":2},"end":{"line":232,"column":38}},"73":{"start":{"line":237,"column":0},"end":{"line":237,"column":39}},"74":{"start":{"line":239,"column":0},"end":{"line":246,"column":2}},"75":{"start":{"line":240,"column":2},"end":{"line":240,"column":54}},"76":{"start":{"line":241,"column":2},"end":{"line":241,"column":29}},"77":{"start":{"line":245,"column":2},"end":{"line":245,"column":36}},"78":{"start":{"line":251,"column":2},"end":{"line":251,"column":16}},"79":{"start":{"line":252,"column":2},"end":{"line":252,"column":46}}},"fnMap":{"0":{"name":"(anonymous_0)","decl":{"start":{"line":10,"column":24},"end":{"line":10,"column":25}},"loc":{"start":{"line":10,"column":33},"end":{"line":12,"column":1}},"line":10},"1":{"name":"createWindow","decl":{"start":{"line":32,"column":9},"end":{"line":32,"column":21}},"loc":{"start":{"line":32,"column":25},"end":{"line":67,"column":1}},"line":32},"2":{"name":"(anonymous_2)","decl":{"start":{"line":62,"column":26},"end":{"line":62,"column":27}},"loc":{"start":{"line":62,"column":32},"end":{"line":64,"column":3}},"line":62},"3":{"name":"check4updates","decl":{"start":{"line":69,"column":9},"end":{"line":69,"column":22}},"loc":{"start":{"line":69,"column":26},"end":{"line":85,"column":1}},"line":69},"4":{"name":"(anonymous_4)","decl":{"start":{"line":70,"column":37},"end":{"line":70,"column":38}},"loc":{"start":{"line":70,"column":47},"end":{"line":80,"column":3}},"line":70},"5":{"name":"getUpdates","decl":{"start":{"line":87,"column":9},"end":{"line":87,"column":19}},"loc":{"start":{"line":87,"column":40},"end":{"line":102,"column":1}},"line":87},"6":{"name":"(anonymous_6)","decl":{"start":{"line":89,"column":41},"end":{"line":89,"column":42}},"loc":{"start":{"line":89,"column":51},"end":{"line":94,"column":3}},"line":89},"7":{"name":"(anonymous_7)","decl":{"start":{"line":95,"column":38},"end":{"line":95,"column":39}},"loc":{"start":{"line":95,"column":48},"end":{"line":97,"column":3}},"line":95},"8":{"name":"(anonymous_8)","decl":{"start":{"line":96,"column":17},"end":{"line":96,"column":18}},"loc":{"start":{"line":96,"column":23},"end":{"line":96,"column":51}},"line":96},"9":{"name":"(anonymous_9)","decl":{"start":{"line":114,"column":19},"end":{"line":114,"column":20}},"loc":{"start":{"line":114,"column":31},"end":{"line":116,"column":13}},"line":114},"10":{"name":"(anonymous_10)","decl":{"start":{"line":119,"column":19},"end":{"line":119,"column":20}},"loc":{"start":{"line":119,"column":31},"end":{"line":121,"column":13}},"line":119},"11":{"name":"(anonymous_11)","decl":{"start":{"line":186,"column":16},"end":{"line":186,"column":17}},"loc":{"start":{"line":186,"column":22},"end":{"line":200,"column":1}},"line":186},"12":{"name":"(anonymous_12)","decl":{"start":{"line":202,"column":28},"end":{"line":202,"column":29}},"loc":{"start":{"line":202,"column":34},"end":{"line":206,"column":1}},"line":202},"13":{"name":"(anonymous_13)","decl":{"start":{"line":208,"column":19},"end":{"line":208,"column":20}},"loc":{"start":{"line":208,"column":25},"end":{"line":212,"column":1}},"line":208},"14":{"name":"(anonymous_14)","decl":{"start":{"line":214,"column":20},"end":{"line":214,"column":21}},"loc":{"start":{"line":214,"column":36},"end":{"line":216,"column":1}},"line":214},"15":{"name":"(anonymous_15)","decl":{"start":{"line":226,"column":26},"end":{"line":226,"column":27}},"loc":{"start":{"line":226,"column":37},"end":{"line":229,"column":1}},"line":226},"16":{"name":"(anonymous_16)","decl":{"start":{"line":231,"column":26},"end":{"line":231,"column":27}},"loc":{"start":{"line":231,"column":37},"end":{"line":233,"column":1}},"line":231},"17":{"name":"(anonymous_17)","decl":{"start":{"line":239,"column":24},"end":{"line":239,"column":25}},"loc":{"start":{"line":239,"column":30},"end":{"line":246,"column":1}},"line":239},"18":{"name":"sendStatusToWindow","decl":{"start":{"line":250,"column":9},"end":{"line":250,"column":27}},"loc":{"start":{"line":250,"column":34},"end":{"line":253,"column":1}},"line":250}},"branchMap":{"0":{"loc":{"start":{"line":17,"column":2},"end":{"line":19,"column":3}},"type":"if","locations":[{"start":{"line":17,"column":2},"end":{"line":19,"column":3}},{"start":{"line":17,"column":2},"end":{"line":19,"column":3}}],"line":17},"1":{"loc":{"start":{"line":17,"column":6},"end":{"line":17,"column":78}},"type":"binary-expr","locations":[{"start":{"line":17,"column":6},"end":{"line":17,"column":34}},{"start":{"line":17,"column":38},"end":{"line":17,"column":78}}],"line":17},"2":{"loc":{"start":{"line":26,"column":0},"end":{"line":28,"column":1}},"type":"if","locations":[{"start":{"line":26,"column":0},"end":{"line":28,"column":1}},{"start":{"line":26,"column":0},"end":{"line":28,"column":1}}],"line":26},"3":{"loc":{"start":{"line":73,"column":4},"end":{"line":79,"column":5}},"type":"if","locations":[{"start":{"line":73,"column":4},"end":{"line":79,"column":5}},{"start":{"line":73,"column":4},"end":{"line":79,"column":5}}],"line":73},"4":{"loc":{"start":{"line":87,"column":20},"end":{"line":87,"column":38}},"type":"default-arg","locations":[{"start":{"line":87,"column":30},"end":{"line":87,"column":38}}],"line":87},"5":{"loc":{"start":{"line":189,"column":2},"end":{"line":197,"column":3}},"type":"if","locations":[{"start":{"line":189,"column":2},"end":{"line":197,"column":3}},{"start":{"line":189,"column":2},"end":{"line":197,"column":3}}],"line":189},"6":{"loc":{"start":{"line":189,"column":5},"end":{"line":189,"column":48}},"type":"binary-expr","locations":[{"start":{"line":189,"column":5},"end":{"line":189,"column":17}},{"start":{"line":189,"column":21},"end":{"line":189,"column":48}}],"line":189},"7":{"loc":{"start":{"line":196,"column":4},"end":{"line":196,"column":41}},"type":"if","locations":[{"start":{"line":196,"column":4},"end":{"line":196,"column":41}},{"start":{"line":196,"column":4},"end":{"line":196,"column":41}}],"line":196},"8":{"loc":{"start":{"line":203,"column":2},"end":{"line":205,"column":3}},"type":"if","locations":[{"start":{"line":203,"column":2},"end":{"line":205,"column":3}},{"start":{"line":203,"column":2},"end":{"line":205,"column":3}}],"line":203},"9":{"loc":{"start":{"line":209,"column":2},"end":{"line":211,"column":3}},"type":"if","locations":[{"start":{"line":209,"column":2},"end":{"line":211,"column":3}},{"start":{"line":209,"column":2},"end":{"line":211,"column":3}}],"line":209},"10":{"loc":{"start":{"line":220,"column":15},"end":{"line":220,"column":40}},"type":"binary-expr","locations":[{"start":{"line":220,"column":15},"end":{"line":220,"column":34}},{"start":{"line":220,"column":38},"end":{"line":220,"column":40}}],"line":220},"11":{"loc":{"start":{"line":222,"column":0},"end":{"line":224,"column":1}},"type":"if","locations":[{"start":{"line":222,"column":0},"end":{"line":224,"column":1}},{"start":{"line":222,"column":0},"end":{"line":224,"column":1}}],"line":222}},"s":{"0":0,"1":0,"2":0,"3":0,"4":0,"5":0,"6":0,"7":0,"8":0,"9":0,"10":0,"11":0,"12":0,"13":0,"14":0,"15":0,"16":0,"17":0,"18":0,"19":0,"20":0,"21":0,"22":0,"23":0,"24":0,"25":0,"26":0,"27":0,"28":0,"29":0,"30":0,"31":0,"32":0,"33":0,"34":0,"35":0,"36":0,"37":0,"38":0,"39":0,"40":0,"41":0,"42":0,"43":0,"44":0,"45":0,"46":0,"47":0,"48":0,"49":0,"50":0,"51":0,"52":0,"53":0,"54":0,"55":0,"56":0,"57":0,"58":0,"59":0,"60":0,"61":0,"62":0,"63":0,"64":0,"65":0,"66":0,"67":0,"68":0,"69":0,"70":0,"71":0,"72":0,"73":0,"74":0,"75":0,"76":0,"77":0,"78":0,"79":0},"f":{"0":0,"1":0,"2":0,"3":0,"4":0,"5":0,"6":0,"7":0,"8":0,"9":0,"10":0,"11":0,"12":0,"13":0,"14":0,"15":0,"16":0,"17":0,"18":0},"b":{"0":[0,0],"1":[0,0],"2":[0,0],"3":[0,0],"4":[0],"5":[0,0],"6":[0,0],"7":[0,0],"8":[0,0],"9":[0,0],"10":[0,0],"11":[0,0]},"hash":"af7aa2edb1b85d36a8a29badf87c70556d9c3ad5"}
,"C:\\bkit\\gui\\src\\boot\\i18n.js": {"path":"C:\\bkit\\gui\\src\\boot\\i18n.js","statementMap":{"0":{"start":{"line":5,"column":0},"end":{"line":5,"column":16}},"1":{"start":{"line":7,"column":13},"end":{"line":11,"column":2}},"2":{"start":{"line":15,"column":2},"end":{"line":15,"column":17}}},"fnMap":{"0":{"name":"(anonymous_0)","decl":{"start":{"line":13,"column":15},"end":{"line":13,"column":16}},"loc":{"start":{"line":13,"column":28},"end":{"line":16,"column":1}},"line":13}},"branchMap":{},"s":{"0":0,"1":0,"2":0},"f":{"0":0},"b":{},"hash":"4a2f87c7f0327ea8ded423ac973b3da289cf9e7a"}
,"C:\\bkit\\gui\\src\\boot\\notify-defaults.js": {"path":"C:\\bkit\\gui\\src\\boot\\notify-defaults.js","statementMap":{"0":{"start":{"line":5,"column":0},"end":{"line":10,"column":2}},"1":{"start":{"line":16,"column":2},"end":{"line":16,"column":11}}},"fnMap":{"0":{"name":"(anonymous_0)","decl":{"start":{"line":14,"column":15},"end":{"line":14,"column":16}},"loc":{"start":{"line":14,"column":34},"end":{"line":17,"column":1}},"line":14}},"branchMap":{},"s":{"0":0,"1":0},"f":{"0":0},"b":{},"hash":"717571b85ec80f64865948675ff429b5d2e79290"}
,"C:\\bkit\\gui\\src\\components\\Job2run.vue": {"path":"C:\\bkit\\gui\\src\\components\\Job2run.vue","statementMap":{"0":{"start":{"line":37,"column":0},"end":{"line":37,"column":null}},"1":{"start":{"line":38,"column":0},"end":{"line":38,"column":null}},"2":{"start":{"line":43,"column":0},"end":{"line":43,"column":null}},"3":{"start":{"line":58,"column":0},"end":{"line":58,"column":null}},"4":{"start":{"line":59,"column":0},"end":{"line":59,"column":null}},"5":{"start":{"line":58,"column":0},"end":{"line":61,"column":null}},"6":{"start":{"line":61,"column":0},"end":{"line":61,"column":null}},"7":{"start":{"line":63,"column":0},"end":{"line":63,"column":null}},"8":{"start":{"line":64,"column":0},"end":{"line":64,"column":null}},"9":{"start":{"line":65,"column":0},"end":{"line":67,"column":null}},"10":{"start":{"line":66,"column":0},"end":{"line":66,"column":null}},"11":{"start":{"line":68,"column":0},"end":{"line":68,"column":null}},"12":{"start":{"line":70,"column":0},"end":{"line":70,"column":null}},"13":{"start":{"line":71,"column":0},"end":{"line":71,"column":null}}},"fnMap":{"0":{"name":"data","decl":{"start":{"line":42,"column":0},"end":{"line":42,"column":null}},"loc":{"start":{"line":42,"column":0},"end":{"line":50,"column":null}}},"1":{"name":"show_task","decl":{"start":{"line":58,"column":0},"end":{"line":58,"column":null}},"loc":{"start":{"line":58,"column":0},"end":{"line":73,"column":null}}},"2":{"name":"mounted","decl":{"start":{"line":75,"column":0},"end":{"line":75,"column":null}},"loc":{"start":{"line":75,"column":0},"end":{"line":77,"column":null}}}},"branchMap":{"0":{"loc":{"start":{"line":58,"column":0},"end":{"line":58,"column":null}},"type":"switch","locations":[{"start":{"line":58,"column":0},"end":{"line":58,"column":null}},{"start":{"line":58,"column":0},"end":{"line":61,"column":null}},{"start":{"line":58,"column":0},"end":{"line":58,"column":null}},{"start":{"line":58,"column":0},"end":{"line":58,"column":null}},{"start":{"line":58,"column":0},"end":{"line":71,"column":null}},{"start":{"line":58,"column":0},"end":{"line":58,"column":null}},{"start":{"line":58,"column":0},"end":{"line":58,"column":null}}]},"1":{"loc":{"start":{"line":58,"column":0},"end":{"line":58,"column":null}},"type":"if","locations":[{"start":{"line":58,"column":0},"end":{"line":58,"column":null}},{"start":{"line":58,"column":0},"end":{"line":58,"column":null}}]},"2":{"loc":{"start":{"line":65,"column":0},"end":{"line":67,"column":null}},"type":"if","locations":[{"start":{"line":65,"column":0},"end":{"line":67,"column":null}},{"start":{"line":65,"column":0},"end":{"line":67,"column":null}}]}},"s":{"0":0,"1":0,"2":0,"3":0,"4":0,"5":0,"6":0,"7":0,"8":0,"9":0,"10":0,"11":0,"12":0,"13":0},"f":{"0":0,"1":0,"2":0},"b":{"0":[0,0,0,0,0,0,0],"1":[0,0],"2":[0,0]}}
,"C:\\bkit\\gui\\src\\components\\tooltip.vue": {"path":"C:\\bkit\\gui\\src\\components\\tooltip.vue","statementMap":{"0":{"start":{"line":16,"column":0},"end":{"line":16,"column":null}}},"fnMap":{"0":{"name":"data","decl":{"start":{"line":15,"column":0},"end":{"line":15,"column":null}},"loc":{"start":{"line":15,"column":0},"end":{"line":17,"column":null}}},"1":{"name":"mounted","decl":{"start":{"line":26,"column":0},"end":{"line":26,"column":null}},"loc":{"start":{"line":26,"column":0},"end":{"line":26,"column":null}}}},"branchMap":{},"s":{"0":0},"f":{"0":0,"1":0},"b":{}}
,"C:\\bkit\\gui\\src\\helpers\\LRU.js": {"path":"C:\\bkit\\gui\\src\\helpers\\LRU.js","statementMap":{"0":{"start":{"line":4,"column":4},"end":{"line":4,"column":18}},"1":{"start":{"line":5,"column":4},"end":{"line":5,"column":22}},"2":{"start":{"line":6,"column":4},"end":{"line":6,"column":20}},"3":{"start":{"line":7,"column":4},"end":{"line":7,"column":20}},"4":{"start":{"line":14,"column":4},"end":{"line":14,"column":17}},"5":{"start":{"line":15,"column":4},"end":{"line":15,"column":22}},"6":{"start":{"line":16,"column":4},"end":{"line":16,"column":20}},"7":{"start":{"line":17,"column":4},"end":{"line":17,"column":20}},"8":{"start":{"line":18,"column":4},"end":{"line":18,"column":19}},"9":{"start":{"line":24,"column":4},"end":{"line":24,"column":23}},"10":{"start":{"line":26,"column":4},"end":{"line":32,"column":5}},"11":{"start":{"line":27,"column":6},"end":{"line":27,"column":50}},"12":{"start":{"line":29,"column":19},"end":{"line":29,"column":50}},"13":{"start":{"line":30,"column":6},"end":{"line":30,"column":27}},"14":{"start":{"line":31,"column":6},"end":{"line":31,"column":22}},"15":{"start":{"line":35,"column":4},"end":{"line":35,"column":31}},"16":{"start":{"line":36,"column":4},"end":{"line":36,"column":15}},"17":{"start":{"line":40,"column":4},"end":{"line":42,"column":5}},"18":{"start":{"line":41,"column":6},"end":{"line":41,"column":23}},"19":{"start":{"line":43,"column":4},"end":{"line":43,"column":28}},"20":{"start":{"line":48,"column":4},"end":{"line":59,"column":5}},"21":{"start":{"line":49,"column":20},"end":{"line":49,"column":41}},"22":{"start":{"line":52,"column":6},"end":{"line":52,"column":23}},"23":{"start":{"line":54,"column":6},"end":{"line":54,"column":30}},"24":{"start":{"line":56,"column":6},"end":{"line":56,"column":18}},"25":{"start":{"line":58,"column":6},"end":{"line":58,"column":22}},"26":{"start":{"line":63,"column":4},"end":{"line":66,"column":5}},"27":{"start":{"line":64,"column":6},"end":{"line":64,"column":33}},"28":{"start":{"line":65,"column":6},"end":{"line":65,"column":54}},"29":{"start":{"line":70,"column":17},"end":{"line":70,"column":32}},"30":{"start":{"line":71,"column":4},"end":{"line":71,"column":27}},"31":{"start":{"line":71,"column":15},"end":{"line":71,"column":27}},"32":{"start":{"line":73,"column":4},"end":{"line":77,"column":5}},"33":{"start":{"line":74,"column":6},"end":{"line":74,"column":32}},"34":{"start":{"line":76,"column":6},"end":{"line":76,"column":27}},"35":{"start":{"line":79,"column":4},"end":{"line":83,"column":5}},"36":{"start":{"line":80,"column":6},"end":{"line":80,"column":32}},"37":{"start":{"line":82,"column":6},"end":{"line":82,"column":27}},"38":{"start":{"line":85,"column":4},"end":{"line":85,"column":26}},"39":{"start":{"line":86,"column":4},"end":{"line":86,"column":15}},"40":{"start":{"line":90,"column":4},"end":{"line":90,"column":45}},"41":{"start":{"line":91,"column":4},"end":{"line":91,"column":21}},"42":{"start":{"line":95,"column":4},"end":{"line":95,"column":20}},"43":{"start":{"line":96,"column":4},"end":{"line":96,"column":20}},"44":{"start":{"line":97,"column":4},"end":{"line":97,"column":17}},"45":{"start":{"line":98,"column":4},"end":{"line":98,"column":19}},"46":{"start":{"line":103,"column":15},"end":{"line":103,"column":24}},"47":{"start":{"line":104,"column":18},"end":{"line":104,"column":19}},"48":{"start":{"line":105,"column":4},"end":{"line":109,"column":5}},"49":{"start":{"line":106,"column":6},"end":{"line":106,"column":23}},"50":{"start":{"line":107,"column":6},"end":{"line":107,"column":22}},"51":{"start":{"line":108,"column":6},"end":{"line":108,"column":15}},"52":{"start":{"line":114,"column":15},"end":{"line":114,"column":24}},"53":{"start":{"line":115,"column":4},"end":{"line":118,"column":5}},"54":{"start":{"line":116,"column":6},"end":{"line":116,"column":16}},"55":{"start":{"line":117,"column":6},"end":{"line":117,"column":22}}},"fnMap":{"0":{"name":"(anonymous_0)","decl":{"start":{"line":3,"column":2},"end":{"line":3,"column":3}},"loc":{"start":{"line":3,"column":53},"end":{"line":8,"column":3}},"line":3},"1":{"name":"(anonymous_1)","decl":{"start":{"line":13,"column":2},"end":{"line":13,"column":3}},"loc":{"start":{"line":13,"column":27},"end":{"line":19,"column":3}},"line":13},"2":{"name":"(anonymous_2)","decl":{"start":{"line":23,"column":2},"end":{"line":23,"column":3}},"loc":{"start":{"line":23,"column":23},"end":{"line":37,"column":3}},"line":23},"3":{"name":"(anonymous_3)","decl":{"start":{"line":39,"column":2},"end":{"line":39,"column":3}},"loc":{"start":{"line":39,"column":21},"end":{"line":44,"column":3}},"line":39},"4":{"name":"(anonymous_4)","decl":{"start":{"line":47,"column":2},"end":{"line":47,"column":3}},"loc":{"start":{"line":47,"column":13},"end":{"line":60,"column":3}},"line":47},"5":{"name":"(anonymous_5)","decl":{"start":{"line":62,"column":2},"end":{"line":62,"column":3}},"loc":{"start":{"line":62,"column":18},"end":{"line":67,"column":3}},"line":62},"6":{"name":"(anonymous_6)","decl":{"start":{"line":69,"column":2},"end":{"line":69,"column":3}},"loc":{"start":{"line":69,"column":16},"end":{"line":87,"column":3}},"line":69},"7":{"name":"(anonymous_7)","decl":{"start":{"line":89,"column":2},"end":{"line":89,"column":3}},"loc":{"start":{"line":89,"column":15},"end":{"line":92,"column":3}},"line":89},"8":{"name":"(anonymous_8)","decl":{"start":{"line":94,"column":2},"end":{"line":94,"column":3}},"loc":{"start":{"line":94,"column":11},"end":{"line":99,"column":3}},"line":94},"9":{"name":"(anonymous_9)","decl":{"start":{"line":102,"column":2},"end":{"line":102,"column":3}},"loc":{"start":{"line":102,"column":15},"end":{"line":110,"column":3}},"line":102},"10":{"name":"(anonymous_10)","decl":{"start":{"line":113,"column":2},"end":{"line":113,"column":3}},"loc":{"start":{"line":113,"column":24},"end":{"line":119,"column":3}},"line":113}},"branchMap":{"0":{"loc":{"start":{"line":3,"column":27},"end":{"line":3,"column":38}},"type":"default-arg","locations":[{"start":{"line":3,"column":34},"end":{"line":3,"column":38}}],"line":3},"1":{"loc":{"start":{"line":3,"column":40},"end":{"line":3,"column":51}},"type":"default-arg","locations":[{"start":{"line":3,"column":47},"end":{"line":3,"column":51}}],"line":3},"2":{"loc":{"start":{"line":13,"column":15},"end":{"line":13,"column":25}},"type":"default-arg","locations":[{"start":{"line":13,"column":23},"end":{"line":13,"column":25}}],"line":13},"3":{"loc":{"start":{"line":26,"column":4},"end":{"line":32,"column":5}},"type":"if","locations":[{"start":{"line":26,"column":4},"end":{"line":32,"column":5}},{"start":{"line":26,"column":4},"end":{"line":32,"column":5}}],"line":26},"4":{"loc":{"start":{"line":40,"column":4},"end":{"line":42,"column":5}},"type":"if","locations":[{"start":{"line":40,"column":4},"end":{"line":42,"column":5}},{"start":{"line":40,"column":4},"end":{"line":42,"column":5}}],"line":40},"5":{"loc":{"start":{"line":48,"column":4},"end":{"line":59,"column":5}},"type":"if","locations":[{"start":{"line":48,"column":4},"end":{"line":59,"column":5}},{"start":{"line":48,"column":4},"end":{"line":59,"column":5}}],"line":48},"6":{"loc":{"start":{"line":63,"column":4},"end":{"line":66,"column":5}},"type":"if","locations":[{"start":{"line":63,"column":4},"end":{"line":66,"column":5}},{"start":{"line":63,"column":4},"end":{"line":66,"column":5}}],"line":63},"7":{"loc":{"start":{"line":71,"column":4},"end":{"line":71,"column":27}},"type":"if","locations":[{"start":{"line":71,"column":4},"end":{"line":71,"column":27}},{"start":{"line":71,"column":4},"end":{"line":71,"column":27}}],"line":71},"8":{"loc":{"start":{"line":73,"column":4},"end":{"line":77,"column":5}},"type":"if","locations":[{"start":{"line":73,"column":4},"end":{"line":77,"column":5}},{"start":{"line":73,"column":4},"end":{"line":77,"column":5}}],"line":73},"9":{"loc":{"start":{"line":79,"column":4},"end":{"line":83,"column":5}},"type":"if","locations":[{"start":{"line":79,"column":4},"end":{"line":83,"column":5}},{"start":{"line":79,"column":4},"end":{"line":83,"column":5}}],"line":79}},"s":{"0":0,"1":0,"2":0,"3":0,"4":0,"5":0,"6":0,"7":0,"8":0,"9":0,"10":0,"11":0,"12":0,"13":0,"14":0,"15":0,"16":0,"17":0,"18":0,"19":0,"20":0,"21":0,"22":0,"23":0,"24":0,"25":0,"26":0,"27":0,"28":0,"29":0,"30":0,"31":0,"32":0,"33":0,"34":0,"35":0,"36":0,"37":0,"38":0,"39":0,"40":0,"41":0,"42":0,"43":0,"44":0,"45":0,"46":0,"47":0,"48":0,"49":0,"50":0,"51":0,"52":0,"53":0,"54":0,"55":0},"f":{"0":0,"1":0,"2":0,"3":0,"4":0,"5":0,"6":0,"7":0,"8":0,"9":0,"10":0},"b":{"0":[0],"1":[0],"2":[0],"3":[0,0],"4":[0,0],"5":[0,0],"6":[0,0],"7":[0,0],"8":[0,0],"9":[0,0]},"hash":"7f1a269bafb8201e827a42f699b4b43d26265be0"}
,"C:\\bkit\\gui\\src\\helpers\\bash.js": {"path":"C:\\bkit\\gui\\src\\helpers\\bash.js","statementMap":{"0":{"start":{"line":3,"column":19},"end":{"line":3,"column":36}},"1":{"start":{"line":4,"column":15},"end":{"line":4,"column":48}},"2":{"start":{"line":5,"column":28},"end":{"line":5,"column":52}},"3":{"start":{"line":6,"column":17},"end":{"line":6,"column":36}},"4":{"start":{"line":7,"column":24},"end":{"line":7,"column":43}},"5":{"start":{"line":9,"column":13},"end":{"line":9,"column":23}},"6":{"start":{"line":9,"column":19},"end":{"line":9,"column":23}},"7":{"start":{"line":13,"column":0},"end":{"line":22,"column":1}},"8":{"start":{"line":14,"column":2},"end":{"line":20,"column":3}},"9":{"start":{"line":15,"column":4},"end":{"line":15,"column":27}},"10":{"start":{"line":16,"column":4},"end":{"line":16,"column":22}},"11":{"start":{"line":17,"column":4},"end":{"line":17,"column":23}},"12":{"start":{"line":19,"column":4},"end":{"line":19,"column":21}},"13":{"start":{"line":21,"column":2},"end":{"line":21,"column":13}},"14":{"start":{"line":24,"column":17},"end":{"line":24,"column":52}},"15":{"start":{"line":27,"column":2},"end":{"line":27,"column":17}},"16":{"start":{"line":31,"column":13},"end":{"line":35,"column":3}},"17":{"start":{"line":36,"column":2},"end":{"line":36,"column":12}},"18":{"start":{"line":41,"column":15},"end":{"line":41,"column":79}},"19":{"start":{"line":41,"column":24},"end":{"line":41,"column":79}},"20":{"start":{"line":43,"column":81},"end":{"line":43,"column":87}},"21":{"start":{"line":45,"column":2},"end":{"line":45,"column":46}},"22":{"start":{"line":46,"column":13},"end":{"line":50,"column":3}},"23":{"start":{"line":52,"column":2},"end":{"line":56,"column":4}},"24":{"start":{"line":53,"column":4},"end":{"line":53,"column":53}},"25":{"start":{"line":54,"column":4},"end":{"line":54,"column":58}},"26":{"start":{"line":54,"column":14},"end":{"line":54,"column":58}},"27":{"start":{"line":55,"column":4},"end":{"line":55,"column":14}},"28":{"start":{"line":58,"column":2},"end":{"line":58,"column":25}},"29":{"start":{"line":60,"column":2},"end":{"line":67,"column":4}},"30":{"start":{"line":61,"column":4},"end":{"line":61,"column":17}},"31":{"start":{"line":62,"column":4},"end":{"line":66,"column":5}},"32":{"start":{"line":63,"column":21},"end":{"line":63,"column":35}},"33":{"start":{"line":64,"column":6},"end":{"line":64,"column":66}},"34":{"start":{"line":65,"column":6},"end":{"line":65,"column":16}},"35":{"start":{"line":69,"column":2},"end":{"line":71,"column":4}},"36":{"start":{"line":70,"column":4},"end":{"line":70,"column":34}},"37":{"start":{"line":72,"column":13},"end":{"line":75,"column":4}},"38":{"start":{"line":76,"column":2},"end":{"line":76,"column":27}},"39":{"start":{"line":78,"column":2},"end":{"line":86,"column":4}},"40":{"start":{"line":79,"column":18},"end":{"line":79,"column":26}},"41":{"start":{"line":80,"column":19},"end":{"line":80,"column":32}},"42":{"start":{"line":81,"column":4},"end":{"line":85,"column":5}},"43":{"start":{"line":82,"column":6},"end":{"line":82,"column":12}},"44":{"start":{"line":83,"column":6},"end":{"line":83,"column":17}},"45":{"start":{"line":84,"column":6},"end":{"line":84,"column":15}},"46":{"start":{"line":87,"column":2},"end":{"line":87,"column":15}},"47":{"start":{"line":95,"column":6},"end":{"line":95,"column":12}},"48":{"start":{"line":92,"column":20},"end":{"line":92,"column":52}},"49":{"start":{"line":93,"column":23},"end":{"line":93,"column":28}},"50":{"start":{"line":94,"column":23},"end":{"line":94,"column":79}},"51":{"start":{"line":96,"column":2},"end":{"line":96,"column":82}},"52":{"start":{"line":101,"column":16},"end":{"line":101,"column":18}},"53":{"start":{"line":102,"column":52},"end":{"line":102,"column":58}},"54":{"start":{"line":102,"column":31},"end":{"line":102,"column":47}},"55":{"start":{"line":103,"column":2},"end":{"line":107,"column":4}},"56":{"start":{"line":104,"column":17},"end":{"line":104,"column":37}},"57":{"start":{"line":104,"column":23},"end":{"line":104,"column":37}},"58":{"start":{"line":105,"column":20},"end":{"line":105,"column":26}},"59":{"start":{"line":106,"column":4},"end":{"line":106,"column":68}},"60":{"start":{"line":111,"column":2},"end":{"line":113,"column":4}},"61":{"start":{"line":112,"column":4},"end":{"line":112,"column":68}}},"fnMap":{"0":{"name":"(anonymous_0)","decl":{"start":{"line":9,"column":13},"end":{"line":9,"column":14}},"loc":{"start":{"line":9,"column":19},"end":{"line":9,"column":23}},"line":9},"1":{"name":"user","decl":{"start":{"line":26,"column":16},"end":{"line":26,"column":20}},"loc":{"start":{"line":26,"column":24},"end":{"line":28,"column":1}},"line":26},"2":{"name":"shell","decl":{"start":{"line":30,"column":16},"end":{"line":30,"column":21}},"loc":{"start":{"line":30,"column":25},"end":{"line":37,"column":1}},"line":30},"3":{"name":"invokeBash","decl":{"start":{"line":40,"column":9},"end":{"line":40,"column":19}},"loc":{"start":{"line":40,"column":59},"end":{"line":88,"column":1}},"line":40},"4":{"name":"(anonymous_4)","decl":{"start":{"line":41,"column":15},"end":{"line":41,"column":16}},"loc":{"start":{"line":41,"column":24},"end":{"line":41,"column":79}},"line":41},"5":{"name":"(anonymous_5)","decl":{"start":{"line":52,"column":17},"end":{"line":52,"column":18}},"loc":{"start":{"line":52,"column":27},"end":{"line":56,"column":3}},"line":52},"6":{"name":"(anonymous_6)","decl":{"start":{"line":60,"column":16},"end":{"line":60,"column":17}},"loc":{"start":{"line":60,"column":23},"end":{"line":67,"column":3}},"line":60},"7":{"name":"(anonymous_7)","decl":{"start":{"line":69,"column":22},"end":{"line":69,"column":23}},"loc":{"start":{"line":69,"column":29},"end":{"line":71,"column":3}},"line":69},"8":{"name":"(anonymous_8)","decl":{"start":{"line":78,"column":23},"end":{"line":78,"column":24}},"loc":{"start":{"line":78,"column":30},"end":{"line":86,"column":3}},"line":78},"9":{"name":"bash","decl":{"start":{"line":90,"column":16},"end":{"line":90,"column":20}},"loc":{"start":{"line":90,"column":58},"end":{"line":97,"column":1}},"line":90},"10":{"name":"(anonymous_10)","decl":{"start":{"line":92,"column":14},"end":{"line":92,"column":15}},"loc":{"start":{"line":92,"column":20},"end":{"line":92,"column":52}},"line":92},"11":{"name":"(anonymous_11)","decl":{"start":{"line":93,"column":17},"end":{"line":93,"column":18}},"loc":{"start":{"line":93,"column":23},"end":{"line":93,"column":28}},"line":93},"12":{"name":"(anonymous_12)","decl":{"start":{"line":94,"column":14},"end":{"line":94,"column":15}},"loc":{"start":{"line":94,"column":23},"end":{"line":94,"column":79}},"line":94},"13":{"name":"asyncInvokeBash","decl":{"start":{"line":100,"column":16},"end":{"line":100,"column":31}},"loc":{"start":{"line":100,"column":63},"end":{"line":108,"column":1}},"line":100},"14":{"name":"(anonymous_14)","decl":{"start":{"line":102,"column":23},"end":{"line":102,"column":24}},"loc":{"start":{"line":102,"column":31},"end":{"line":102,"column":47}},"line":102},"15":{"name":"(anonymous_15)","decl":{"start":{"line":103,"column":21},"end":{"line":103,"column":22}},"loc":{"start":{"line":103,"column":42},"end":{"line":107,"column":3}},"line":103},"16":{"name":"(anonymous_16)","decl":{"start":{"line":104,"column":17},"end":{"line":104,"column":18}},"loc":{"start":{"line":104,"column":23},"end":{"line":104,"column":37}},"line":104},"17":{"name":"killtree","decl":{"start":{"line":110,"column":16},"end":{"line":110,"column":24}},"loc":{"start":{"line":110,"column":31},"end":{"line":114,"column":1}},"line":110},"18":{"name":"(anonymous_18)","decl":{"start":{"line":111,"column":21},"end":{"line":111,"column":22}},"loc":{"start":{"line":111,"column":42},"end":{"line":113,"column":3}},"line":111}},"branchMap":{"0":{"loc":{"start":{"line":13,"column":0},"end":{"line":22,"column":1}},"type":"if","locations":[{"start":{"line":13,"column":0},"end":{"line":22,"column":1}},{"start":{"line":13,"column":0},"end":{"line":22,"column":1}}],"line":13},"1":{"loc":{"start":{"line":40,"column":33},"end":{"line":40,"column":44}},"type":"default-arg","locations":[{"start":{"line":40,"column":42},"end":{"line":40,"column":44}}],"line":40},"2":{"loc":{"start":{"line":40,"column":46},"end":{"line":40,"column":57}},"type":"default-arg","locations":[{"start":{"line":40,"column":53},"end":{"line":40,"column":57}}],"line":40},"3":{"loc":{"start":{"line":43,"column":10},"end":{"line":43,"column":27}},"type":"default-arg","locations":[{"start":{"line":43,"column":23},"end":{"line":43,"column":27}}],"line":43},"4":{"loc":{"start":{"line":43,"column":29},"end":{"line":43,"column":43}},"type":"default-arg","locations":[{"start":{"line":43,"column":39},"end":{"line":43,"column":43}}],"line":43},"5":{"loc":{"start":{"line":43,"column":45},"end":{"line":43,"column":58}},"type":"default-arg","locations":[{"start":{"line":43,"column":54},"end":{"line":43,"column":58}}],"line":43},"6":{"loc":{"start":{"line":43,"column":60},"end":{"line":43,"column":76}},"type":"default-arg","locations":[{"start":{"line":43,"column":72},"end":{"line":43,"column":76}}],"line":43},"7":{"loc":{"start":{"line":54,"column":4},"end":{"line":54,"column":58}},"type":"if","locations":[{"start":{"line":54,"column":4},"end":{"line":54,"column":58}},{"start":{"line":54,"column":4},"end":{"line":54,"column":58}}],"line":54},"8":{"loc":{"start":{"line":62,"column":4},"end":{"line":66,"column":5}},"type":"if","locations":[{"start":{"line":62,"column":4},"end":{"line":66,"column":5}},{"start":{"line":62,"column":4},"end":{"line":66,"column":5}}],"line":62},"9":{"loc":{"start":{"line":81,"column":4},"end":{"line":85,"column":5}},"type":"if","locations":[{"start":{"line":81,"column":4},"end":{"line":85,"column":5}},{"start":{"line":81,"column":4},"end":{"line":85,"column":5}}],"line":81},"10":{"loc":{"start":{"line":90,"column":34},"end":{"line":90,"column":43}},"type":"default-arg","locations":[{"start":{"line":90,"column":41},"end":{"line":90,"column":43}}],"line":90},"11":{"loc":{"start":{"line":90,"column":45},"end":{"line":90,"column":56}},"type":"default-arg","locations":[{"start":{"line":90,"column":54},"end":{"line":90,"column":56}}],"line":90},"12":{"loc":{"start":{"line":92,"column":4},"end":{"line":92,"column":52}},"type":"default-arg","locations":[{"start":{"line":92,"column":14},"end":{"line":92,"column":52}}],"line":92},"13":{"loc":{"start":{"line":93,"column":4},"end":{"line":93,"column":28}},"type":"default-arg","locations":[{"start":{"line":93,"column":17},"end":{"line":93,"column":28}}],"line":93},"14":{"loc":{"start":{"line":94,"column":4},"end":{"line":94,"column":79}},"type":"default-arg","locations":[{"start":{"line":94,"column":14},"end":{"line":94,"column":79}}],"line":94},"15":{"loc":{"start":{"line":100,"column":39},"end":{"line":100,"column":48}},"type":"default-arg","locations":[{"start":{"line":100,"column":46},"end":{"line":100,"column":48}}],"line":100},"16":{"loc":{"start":{"line":100,"column":50},"end":{"line":100,"column":61}},"type":"default-arg","locations":[{"start":{"line":100,"column":59},"end":{"line":100,"column":61}}],"line":100},"17":{"loc":{"start":{"line":102,"column":10},"end":{"line":102,"column":47}},"type":"default-arg","locations":[{"start":{"line":102,"column":23},"end":{"line":102,"column":47}}],"line":102}},"s":{"0":0,"1":0,"2":0,"3":0,"4":0,"5":0,"6":0,"7":0,"8":0,"9":0,"10":0,"11":0,"12":0,"13":0,"14":0,"15":0,"16":0,"17":0,"18":0,"19":0,"20":0,"21":0,"22":0,"23":0,"24":0,"25":0,"26":0,"27":0,"28":0,"29":0,"30":0,"31":0,"32":0,"33":0,"34":0,"35":0,"36":0,"37":0,"38":0,"39":0,"40":0,"41":0,"42":0,"43":0,"44":0,"45":0,"46":0,"47":0,"48":0,"49":0,"50":0,"51":0,"52":0,"53":0,"54":0,"55":0,"56":0,"57":0,"58":0,"59":0,"60":0,"61":0},"f":{"0":0,"1":0,"2":0,"3":0,"4":0,"5":0,"6":0,"7":0,"8":0,"9":0,"10":0,"11":0,"12":0,"13":0,"14":0,"15":0,"16":0,"17":0,"18":0},"b":{"0":[0,0],"1":[0],"2":[0],"3":[0],"4":[0],"5":[0],"6":[0],"7":[0,0],"8":[0,0],"9":[0,0],"10":[0],"11":[0],"12":[0],"13":[0],"14":[0],"15":[0],"16":[0],"17":[0]},"hash":"57a5b49f0a911da62edc6d38f01b057be00be010"}
,"C:\\bkit\\gui\\src\\helpers\\bkit.js": {"path":"C:\\bkit\\gui\\src\\helpers\\bkit.js","statementMap":{"0":{"start":{"line":6,"column":13},"end":{"line":6,"column":28}},"1":{"start":{"line":7,"column":13},"end":{"line":7,"column":23}},"2":{"start":{"line":7,"column":19},"end":{"line":7,"column":23}},"3":{"start":{"line":8,"column":15},"end":{"line":8,"column":51}},"4":{"start":{"line":8,"column":21},"end":{"line":8,"column":51}},"5":{"start":{"line":14,"column":21},"end":{"line":14,"column":37}},"6":{"start":{"line":15,"column":20},"end":{"line":15,"column":36}},"7":{"start":{"line":16,"column":21},"end":{"line":16,"column":37}},"8":{"start":{"line":21,"column":2},"end":{"line":24,"column":3}},"9":{"start":{"line":22,"column":4},"end":{"line":22,"column":18}},"10":{"start":{"line":23,"column":4},"end":{"line":23,"column":15}},"11":{"start":{"line":25,"column":14},"end":{"line":25,"column":49}},"12":{"start":{"line":27,"column":2},"end":{"line":27,"column":70}},"13":{"start":{"line":27,"column":29},"end":{"line":27,"column":64}},"14":{"start":{"line":31,"column":21},"end":{"line":31,"column":77}},"15":{"start":{"line":34,"column":2},"end":{"line":34,"column":69}},"16":{"start":{"line":38,"column":2},"end":{"line":38,"column":70}},"17":{"start":{"line":42,"column":2},"end":{"line":42,"column":61}},"18":{"start":{"line":46,"column":18},"end":{"line":46,"column":51}},"19":{"start":{"line":47,"column":2},"end":{"line":47,"column":19}},"20":{"start":{"line":50,"column":18},"end":{"line":50,"column":67}},"21":{"start":{"line":51,"column":2},"end":{"line":51,"column":19}},"22":{"start":{"line":54,"column":2},"end":{"line":54,"column":41}},"23":{"start":{"line":58,"column":12},"end":{"line":58,"column":80}},"24":{"start":{"line":59,"column":2},"end":{"line":59,"column":48}},"25":{"start":{"line":63,"column":2},"end":{"line":63,"column":70}},"26":{"start":{"line":67,"column":12},"end":{"line":67,"column":13}},"27":{"start":{"line":68,"column":21},"end":{"line":68,"column":32}},"28":{"start":{"line":68,"column":27},"end":{"line":68,"column":32}},"29":{"start":{"line":69,"column":2},"end":{"line":69,"column":102}},"30":{"start":{"line":69,"column":98},"end":{"line":69,"column":101}},"31":{"start":{"line":73,"column":2},"end":{"line":79,"column":4}},"32":{"start":{"line":74,"column":19},"end":{"line":74,"column":21}},"33":{"start":{"line":75,"column":19},"end":{"line":75,"column":42}},"34":{"start":{"line":75,"column":26},"end":{"line":75,"column":42}},"35":{"start":{"line":76,"column":4},"end":{"line":78,"column":48}},"36":{"start":{"line":77,"column":22},"end":{"line":77,"column":49}},"37":{"start":{"line":78,"column":22},"end":{"line":78,"column":47}},"38":{"start":{"line":83,"column":21},"end":{"line":83,"column":32}},"39":{"start":{"line":84,"column":20},"end":{"line":84,"column":31}},"40":{"start":{"line":87,"column":30},"end":{"line":87,"column":36}},"41":{"start":{"line":88,"column":14},"end":{"line":88,"column":73}},"42":{"start":{"line":89,"column":2},"end":{"line":92,"column":4}},"43":{"start":{"line":90,"column":19},"end":{"line":90,"column":37}},"44":{"start":{"line":91,"column":20},"end":{"line":91,"column":39}},"45":{"start":{"line":93,"column":18},"end":{"line":93,"column":79}},"46":{"start":{"line":93,"column":38},"end":{"line":93,"column":73}},"47":{"start":{"line":94,"column":2},"end":{"line":94,"column":16}},"48":{"start":{"line":98,"column":2},"end":{"line":98,"column":36}},"49":{"start":{"line":106,"column":6},"end":{"line":106,"column":12}},"50":{"start":{"line":108,"column":15},"end":{"line":114,"column":3}},"51":{"start":{"line":116,"column":2},"end":{"line":116,"column":67}},"52":{"start":{"line":121,"column":26},"end":{"line":126,"column":3}},"53":{"start":{"line":127,"column":21},"end":{"line":127,"column":43}},"54":{"start":{"line":128,"column":2},"end":{"line":134,"column":4}},"55":{"start":{"line":146,"column":6},"end":{"line":146,"column":12}},"56":{"start":{"line":148,"column":17},"end":{"line":175,"column":3}},"57":{"start":{"line":151,"column":32},"end":{"line":151,"column":59}},"58":{"start":{"line":161,"column":32},"end":{"line":161,"column":62}},"59":{"start":{"line":165,"column":26},"end":{"line":165,"column":59}},"60":{"start":{"line":169,"column":26},"end":{"line":169,"column":56}},"61":{"start":{"line":173,"column":26},"end":{"line":173,"column":50}},"62":{"start":{"line":176,"column":2},"end":{"line":185,"column":3}},"63":{"start":{"line":177,"column":4},"end":{"line":177,"column":36}},"64":{"start":{"line":178,"column":4},"end":{"line":184,"column":5}},"65":{"start":{"line":179,"column":21},"end":{"line":179,"column":40}},"66":{"start":{"line":180,"column":6},"end":{"line":183,"column":7}},"67":{"start":{"line":181,"column":8},"end":{"line":181,"column":34}},"68":{"start":{"line":182,"column":8},"end":{"line":182,"column":13}},"69":{"start":{"line":191,"column":56},"end":{"line":191,"column":62}},"70":{"start":{"line":192,"column":17},"end":{"line":192,"column":38}},"71":{"start":{"line":193,"column":2},"end":{"line":198,"column":4}},"72":{"start":{"line":208,"column":6},"end":{"line":208,"column":12}},"73":{"start":{"line":210,"column":17},"end":{"line":239,"column":3}},"74":{"start":{"line":225,"column":8},"end":{"line":225,"column":88}},"75":{"start":{"line":225,"column":82},"end":{"line":225,"column":88}},"76":{"start":{"line":226,"column":8},"end":{"line":226,"column":39}},"77":{"start":{"line":231,"column":24},"end":{"line":231,"column":53}},"78":{"start":{"line":237,"column":24},"end":{"line":237,"column":50}},"79":{"start":{"line":241,"column":21},"end":{"line":250,"column":3}},"80":{"start":{"line":242,"column":4},"end":{"line":242,"column":36}},"81":{"start":{"line":243,"column":4},"end":{"line":249,"column":5}},"82":{"start":{"line":244,"column":21},"end":{"line":244,"column":40}},"83":{"start":{"line":245,"column":6},"end":{"line":248,"column":7}},"84":{"start":{"line":246,"column":8},"end":{"line":246,"column":34}},"85":{"start":{"line":247,"column":8},"end":{"line":247,"column":13}},"86":{"start":{"line":252,"column":2},"end":{"line":252,"column":33}},"87":{"start":{"line":258,"column":19},"end":{"line":258,"column":109}},"88":{"start":{"line":261,"column":2},"end":{"line":271,"column":3}},"89":{"start":{"line":262,"column":4},"end":{"line":262,"column":35}},"90":{"start":{"line":263,"column":18},"end":{"line":263,"column":40}},"91":{"start":{"line":264,"column":58},"end":{"line":264,"column":81}},"92":{"start":{"line":265,"column":4},"end":{"line":270,"column":5}},"93":{"start":{"line":266,"column":20},"end":{"line":266,"column":40}},"94":{"start":{"line":267,"column":24},"end":{"line":267,"column":44}},"95":{"start":{"line":268,"column":19},"end":{"line":268,"column":37}},"96":{"start":{"line":269,"column":6},"end":{"line":269,"column":60}},"97":{"start":{"line":275,"column":2},"end":{"line":275,"column":57}},"98":{"start":{"line":276,"column":16},"end":{"line":276,"column":79}},"99":{"start":{"line":277,"column":2},"end":{"line":277,"column":31}},"100":{"start":{"line":281,"column":17},"end":{"line":281,"column":73}},"101":{"start":{"line":284,"column":17},"end":{"line":291,"column":3}},"102":{"start":{"line":286,"column":4},"end":{"line":286,"column":41}},"103":{"start":{"line":287,"column":18},"end":{"line":287,"column":26}},"104":{"start":{"line":288,"column":18},"end":{"line":288,"column":99}},"105":{"start":{"line":289,"column":4},"end":{"line":290,"column":25}},"106":{"start":{"line":289,"column":15},"end":{"line":289,"column":28}},"107":{"start":{"line":290,"column":9},"end":{"line":290,"column":25}},"108":{"start":{"line":292,"column":2},"end":{"line":292,"column":46}},"109":{"start":{"line":296,"column":22},"end":{"line":296,"column":66}},"110":{"start":{"line":297,"column":21},"end":{"line":297,"column":62}},"111":{"start":{"line":298,"column":21},"end":{"line":298,"column":62}},"112":{"start":{"line":301,"column":22},"end":{"line":301,"column":74}},"113":{"start":{"line":302,"column":21},"end":{"line":302,"column":68}},"114":{"start":{"line":304,"column":66},"end":{"line":304,"column":85}},"115":{"start":{"line":308,"column":16},"end":{"line":315,"column":3}},"116":{"start":{"line":309,"column":21},"end":{"line":309,"column":36}},"117":{"start":{"line":310,"column":4},"end":{"line":313,"column":5}},"118":{"start":{"line":311,"column":6},"end":{"line":311,"column":28}},"119":{"start":{"line":312,"column":6},"end":{"line":312,"column":17}},"120":{"start":{"line":314,"column":4},"end":{"line":314,"column":16}},"121":{"start":{"line":317,"column":2},"end":{"line":332,"column":3}},"122":{"start":{"line":318,"column":4},"end":{"line":318,"column":35}},"123":{"start":{"line":319,"column":4},"end":{"line":331,"column":5}},"124":{"start":{"line":320,"column":6},"end":{"line":320,"column":76}},"125":{"start":{"line":321,"column":11},"end":{"line":331,"column":5}},"126":{"start":{"line":322,"column":6},"end":{"line":322,"column":92}},"127":{"start":{"line":323,"column":11},"end":{"line":331,"column":5}},"128":{"start":{"line":324,"column":6},"end":{"line":324,"column":75}},"129":{"start":{"line":325,"column":11},"end":{"line":331,"column":5}},"130":{"start":{"line":326,"column":6},"end":{"line":326,"column":91}},"131":{"start":{"line":327,"column":11},"end":{"line":331,"column":5}},"132":{"start":{"line":328,"column":6},"end":{"line":328,"column":83}},"133":{"start":{"line":330,"column":6},"end":{"line":330,"column":46}},"134":{"start":{"line":336,"column":2},"end":{"line":336,"column":66}},"135":{"start":{"line":337,"column":19},"end":{"line":337,"column":62}},"136":{"start":{"line":338,"column":21},"end":{"line":338,"column":76}},"137":{"start":{"line":339,"column":2},"end":{"line":339,"column":37}},"138":{"start":{"line":342,"column":14},"end":{"line":342,"column":63}},"139":{"start":{"line":345,"column":2},"end":{"line":349,"column":3}},"140":{"start":{"line":346,"column":4},"end":{"line":346,"column":51}},"141":{"start":{"line":348,"column":4},"end":{"line":348,"column":31}},"142":{"start":{"line":353,"column":15},"end":{"line":353,"column":32}},"143":{"start":{"line":354,"column":0},"end":{"line":354,"column":19}},"144":{"start":{"line":355,"column":21},"end":{"line":355,"column":131}},"145":{"start":{"line":360,"column":21},"end":{"line":360,"column":37}},"146":{"start":{"line":363,"column":2},"end":{"line":372,"column":3}},"147":{"start":{"line":364,"column":4},"end":{"line":364,"column":37}},"148":{"start":{"line":365,"column":18},"end":{"line":365,"column":42}},"149":{"start":{"line":366,"column":4},"end":{"line":371,"column":5}},"150":{"start":{"line":367,"column":51},"end":{"line":367,"column":74}},"151":{"start":{"line":369,"column":19},"end":{"line":369,"column":94}},"152":{"start":{"line":370,"column":6},"end":{"line":370,"column":35}},"153":{"start":{"line":376,"column":16},"end":{"line":376,"column":89}},"154":{"start":{"line":377,"column":2},"end":{"line":377,"column":33}},"155":{"start":{"line":381,"column":21},"end":{"line":381,"column":80}},"156":{"start":{"line":384,"column":2},"end":{"line":384,"column":33}},"157":{"start":{"line":388,"column":19},"end":{"line":388,"column":35}},"158":{"start":{"line":397,"column":8},"end":{"line":397,"column":14}},"159":{"start":{"line":392,"column":4},"end":{"line":392,"column":43}},"160":{"start":{"line":393,"column":18},"end":{"line":393,"column":26}},"161":{"start":{"line":394,"column":18},"end":{"line":394,"column":98}},"162":{"start":{"line":395,"column":4},"end":{"line":396,"column":25}},"163":{"start":{"line":395,"column":15},"end":{"line":395,"column":28}},"164":{"start":{"line":396,"column":9},"end":{"line":396,"column":25}},"165":{"start":{"line":398,"column":2},"end":{"line":398,"column":94}},"166":{"start":{"line":406,"column":21},"end":{"line":406,"column":36}},"167":{"start":{"line":407,"column":18},"end":{"line":407,"column":33}},"168":{"start":{"line":413,"column":14},"end":{"line":413,"column":52}},"169":{"start":{"line":414,"column":2},"end":{"line":414,"column":36}},"170":{"start":{"line":415,"column":2},"end":{"line":415,"column":39}},"171":{"start":{"line":415,"column":12},"end":{"line":415,"column":39}},"172":{"start":{"line":416,"column":18},"end":{"line":416,"column":44}},"173":{"start":{"line":416,"column":24},"end":{"line":416,"column":44}},"174":{"start":{"line":417,"column":2},"end":{"line":417,"column":42}},"175":{"start":{"line":425,"column":14},"end":{"line":425,"column":45}},"176":{"start":{"line":426,"column":2},"end":{"line":426,"column":39}},"177":{"start":{"line":426,"column":12},"end":{"line":426,"column":39}},"178":{"start":{"line":427,"column":2},"end":{"line":434,"column":3}},"179":{"start":{"line":430,"column":4},"end":{"line":430,"column":48}},"180":{"start":{"line":432,"column":20},"end":{"line":432,"column":42}},"181":{"start":{"line":432,"column":26},"end":{"line":432,"column":42}},"182":{"start":{"line":433,"column":4},"end":{"line":433,"column":44}},"183":{"start":{"line":440,"column":19},"end":{"line":440,"column":34}},"184":{"start":{"line":446,"column":14},"end":{"line":446,"column":27}},"185":{"start":{"line":447,"column":2},"end":{"line":447,"column":36}},"186":{"start":{"line":448,"column":2},"end":{"line":448,"column":39}},"187":{"start":{"line":448,"column":12},"end":{"line":448,"column":39}},"188":{"start":{"line":449,"column":18},"end":{"line":449,"column":44}},"189":{"start":{"line":449,"column":24},"end":{"line":449,"column":44}},"190":{"start":{"line":450,"column":2},"end":{"line":450,"column":42}},"191":{"start":{"line":458,"column":14},"end":{"line":458,"column":38}},"192":{"start":{"line":459,"column":2},"end":{"line":459,"column":39}},"193":{"start":{"line":459,"column":12},"end":{"line":459,"column":39}},"194":{"start":{"line":460,"column":2},"end":{"line":467,"column":3}},"195":{"start":{"line":463,"column":4},"end":{"line":463,"column":48}},"196":{"start":{"line":465,"column":20},"end":{"line":465,"column":42}},"197":{"start":{"line":465,"column":26},"end":{"line":465,"column":42}},"198":{"start":{"line":466,"column":4},"end":{"line":466,"column":44}},"199":{"start":{"line":474,"column":18},"end":{"line":474,"column":23}},"200":{"start":{"line":475,"column":17},"end":{"line":475,"column":22}},"201":{"start":{"line":476,"column":18},"end":{"line":476,"column":23}},"202":{"start":{"line":477,"column":17},"end":{"line":477,"column":22}},"203":{"start":{"line":478,"column":18},"end":{"line":478,"column":23}},"204":{"start":{"line":479,"column":18},"end":{"line":479,"column":23}},"205":{"start":{"line":480,"column":19},"end":{"line":480,"column":24}},"206":{"start":{"line":481,"column":16},"end":{"line":481,"column":21}},"207":{"start":{"line":482,"column":16},"end":{"line":489,"column":3}},"208":{"start":{"line":483,"column":21},"end":{"line":483,"column":36}},"209":{"start":{"line":484,"column":4},"end":{"line":487,"column":5}},"210":{"start":{"line":485,"column":6},"end":{"line":485,"column":27}},"211":{"start":{"line":486,"column":6},"end":{"line":486,"column":17}},"212":{"start":{"line":488,"column":4},"end":{"line":488,"column":16}},"213":{"start":{"line":490,"column":20},"end":{"line":492,"column":3}},"214":{"start":{"line":491,"column":4},"end":{"line":491,"column":77}},"215":{"start":{"line":493,"column":19},"end":{"line":495,"column":3}},"216":{"start":{"line":494,"column":4},"end":{"line":494,"column":75}},"217":{"start":{"line":496,"column":22},"end":{"line":498,"column":3}},"218":{"start":{"line":497,"column":4},"end":{"line":497,"column":93}},"219":{"start":{"line":499,"column":21},"end":{"line":501,"column":3}},"220":{"start":{"line":500,"column":4},"end":{"line":500,"column":91}},"221":{"start":{"line":502,"column":23},"end":{"line":504,"column":3}},"222":{"start":{"line":503,"column":4},"end":{"line":503,"column":84}},"223":{"start":{"line":505,"column":21},"end":{"line":514,"column":3}},"224":{"start":{"line":506,"column":4},"end":{"line":506,"column":35}},"225":{"start":{"line":507,"column":4},"end":{"line":513,"column":5}},"226":{"start":{"line":512,"column":6},"end":{"line":512,"column":45}},"227":{"start":{"line":515,"column":2},"end":{"line":518,"column":3}},"228":{"start":{"line":521,"column":49},"end":{"line":521,"column":73}},"229":{"start":{"line":523,"column":2},"end":{"line":523,"column":48}},"230":{"start":{"line":524,"column":18},"end":{"line":524,"column":43}},"231":{"start":{"line":526,"column":19},"end":{"line":526,"column":56}},"232":{"start":{"line":527,"column":2},"end":{"line":527,"column":38}},"233":{"start":{"line":530,"column":52},"end":{"line":530,"column":81}},"234":{"start":{"line":531,"column":19},"end":{"line":531,"column":40}},"235":{"start":{"line":532,"column":2},"end":{"line":532,"column":51}},"236":{"start":{"line":533,"column":2},"end":{"line":547,"column":4}},"237":{"start":{"line":536,"column":6},"end":{"line":536,"column":35}},"238":{"start":{"line":537,"column":20},"end":{"line":537,"column":42}},"239":{"start":{"line":538,"column":60},"end":{"line":538,"column":83}},"240":{"start":{"line":539,"column":6},"end":{"line":545,"column":7}},"241":{"start":{"line":540,"column":25},"end":{"line":540,"column":50}},"242":{"start":{"line":541,"column":22},"end":{"line":541,"column":42}},"243":{"start":{"line":542,"column":26},"end":{"line":542,"column":46}},"244":{"start":{"line":543,"column":21},"end":{"line":543,"column":39}},"245":{"start":{"line":544,"column":8},"end":{"line":544,"column":79}},"246":{"start":{"line":553,"column":2},"end":{"line":553,"column":45}},"247":{"start":{"line":557,"column":2},"end":{"line":557,"column":43}},"248":{"start":{"line":561,"column":2},"end":{"line":585,"column":4}},"249":{"start":{"line":564,"column":6},"end":{"line":564,"column":36}},"250":{"start":{"line":565,"column":39},"end":{"line":565,"column":54}},"251":{"start":{"line":566,"column":17},"end":{"line":566,"column":19}},"252":{"start":{"line":567,"column":6},"end":{"line":574,"column":7}},"253":{"start":{"line":568,"column":8},"end":{"line":568,"column":27}},"254":{"start":{"line":569,"column":8},"end":{"line":569,"column":48}},"255":{"start":{"line":569,"column":27},"end":{"line":569,"column":48}},"256":{"start":{"line":570,"column":13},"end":{"line":574,"column":7}},"257":{"start":{"line":571,"column":8},"end":{"line":571,"column":20}},"258":{"start":{"line":573,"column":8},"end":{"line":573,"column":19}},"259":{"start":{"line":575,"column":6},"end":{"line":583,"column":8}}},"fnMap":{"0":{"name":"(anonymous_0)","decl":{"start":{"line":7,"column":13},"end":{"line":7,"column":14}},"loc":{"start":{"line":7,"column":19},"end":{"line":7,"column":23}},"line":7},"1":{"name":"(anonymous_1)","decl":{"start":{"line":8,"column":15},"end":{"line":8,"column":16}},"loc":{"start":{"line":8,"column":21},"end":{"line":8,"column":51}},"line":8},"2":{"name":"enqueue2bash","decl":{"start":{"line":20,"column":16},"end":{"line":20,"column":28}},"loc":{"start":{"line":20,"column":82},"end":{"line":28,"column":1}},"line":20},"3":{"name":"(anonymous_3)","decl":{"start":{"line":27,"column":23},"end":{"line":27,"column":24}},"loc":{"start":{"line":27,"column":29},"end":{"line":27,"column":64}},"line":27},"4":{"name":"listDisksOnBackup","decl":{"start":{"line":33,"column":22},"end":{"line":33,"column":39}},"loc":{"start":{"line":33,"column":43},"end":{"line":35,"column":1}},"line":33},"5":{"name":"listLocalDisks","decl":{"start":{"line":37,"column":22},"end":{"line":37,"column":36}},"loc":{"start":{"line":37,"column":40},"end":{"line":39,"column":1}},"line":37},"6":{"name":"getDiskName","decl":{"start":{"line":41,"column":22},"end":{"line":41,"column":33}},"loc":{"start":{"line":41,"column":41},"end":{"line":43,"column":1}},"line":41},"7":{"name":"getServer","decl":{"start":{"line":45,"column":22},"end":{"line":45,"column":31}},"loc":{"start":{"line":45,"column":35},"end":{"line":48,"column":1}},"line":45},"8":{"name":"changeServer","decl":{"start":{"line":49,"column":22},"end":{"line":49,"column":34}},"loc":{"start":{"line":49,"column":44},"end":{"line":52,"column":1}},"line":49},"9":{"name":"listServers","decl":{"start":{"line":53,"column":22},"end":{"line":53,"column":33}},"loc":{"start":{"line":53,"column":37},"end":{"line":55,"column":1}},"line":53},"10":{"name":"getSize","decl":{"start":{"line":57,"column":22},"end":{"line":57,"column":29}},"loc":{"start":{"line":57,"column":37},"end":{"line":60,"column":1}},"line":57},"11":{"name":"findFiles","decl":{"start":{"line":62,"column":22},"end":{"line":62,"column":31}},"loc":{"start":{"line":62,"column":48},"end":{"line":64,"column":1}},"line":62},"12":{"name":"countFiles","decl":{"start":{"line":66,"column":22},"end":{"line":66,"column":32}},"loc":{"start":{"line":66,"column":49},"end":{"line":70,"column":1}},"line":66},"13":{"name":"(anonymous_13)","decl":{"start":{"line":68,"column":21},"end":{"line":68,"column":22}},"loc":{"start":{"line":68,"column":27},"end":{"line":68,"column":32}},"line":68},"14":{"name":"(anonymous_14)","decl":{"start":{"line":69,"column":92},"end":{"line":69,"column":93}},"loc":{"start":{"line":69,"column":98},"end":{"line":69,"column":101}},"line":69},"15":{"name":"createTask","decl":{"start":{"line":72,"column":22},"end":{"line":72,"column":32}},"loc":{"start":{"line":72,"column":43},"end":{"line":80,"column":1}},"line":72},"16":{"name":"(anonymous_16)","decl":{"start":{"line":73,"column":21},"end":{"line":73,"column":22}},"loc":{"start":{"line":73,"column":42},"end":{"line":79,"column":3}},"line":73},"17":{"name":"(anonymous_17)","decl":{"start":{"line":75,"column":19},"end":{"line":75,"column":20}},"loc":{"start":{"line":75,"column":26},"end":{"line":75,"column":42}},"line":75},"18":{"name":"(anonymous_18)","decl":{"start":{"line":77,"column":12},"end":{"line":77,"column":13}},"loc":{"start":{"line":77,"column":22},"end":{"line":77,"column":49}},"line":77},"19":{"name":"(anonymous_19)","decl":{"start":{"line":78,"column":13},"end":{"line":78,"column":14}},"loc":{"start":{"line":78,"column":22},"end":{"line":78,"column":47}},"line":78},"20":{"name":"_Queue","decl":{"start":{"line":86,"column":9},"end":{"line":86,"column":15}},"loc":{"start":{"line":86,"column":64},"end":{"line":95,"column":1}},"line":86},"21":{"name":"(anonymous_21)","decl":{"start":{"line":90,"column":13},"end":{"line":90,"column":14}},"loc":{"start":{"line":90,"column":19},"end":{"line":90,"column":37}},"line":90},"22":{"name":"(anonymous_22)","decl":{"start":{"line":91,"column":14},"end":{"line":91,"column":15}},"loc":{"start":{"line":91,"column":20},"end":{"line":91,"column":39}},"line":91},"23":{"name":"(anonymous_23)","decl":{"start":{"line":93,"column":32},"end":{"line":93,"column":33}},"loc":{"start":{"line":93,"column":38},"end":{"line":93,"column":73}},"line":93},"24":{"name":"_kit","decl":{"start":{"line":97,"column":9},"end":{"line":97,"column":13}},"loc":{"start":{"line":97,"column":46},"end":{"line":117,"column":1}},"line":97},"25":{"name":"rKit","decl":{"start":{"line":120,"column":16},"end":{"line":120,"column":20}},"loc":{"start":{"line":120,"column":59},"end":{"line":135,"column":1}},"line":120},"26":{"name":"matchLine4rKit","decl":{"start":{"line":138,"column":9},"end":{"line":138,"column":23}},"loc":{"start":{"line":138,"column":38},"end":{"line":186,"column":1}},"line":138},"27":{"name":"(anonymous_27)","decl":{"start":{"line":151,"column":15},"end":{"line":151,"column":16}},"loc":{"start":{"line":151,"column":32},"end":{"line":151,"column":59}},"line":151},"28":{"name":"(anonymous_28)","decl":{"start":{"line":161,"column":15},"end":{"line":161,"column":16}},"loc":{"start":{"line":161,"column":32},"end":{"line":161,"column":62}},"line":161},"29":{"name":"(anonymous_29)","decl":{"start":{"line":165,"column":15},"end":{"line":165,"column":16}},"loc":{"start":{"line":165,"column":26},"end":{"line":165,"column":59}},"line":165},"30":{"name":"(anonymous_30)","decl":{"start":{"line":169,"column":15},"end":{"line":169,"column":16}},"loc":{"start":{"line":169,"column":26},"end":{"line":169,"column":56}},"line":169},"31":{"name":"(anonymous_31)","decl":{"start":{"line":173,"column":15},"end":{"line":173,"column":16}},"loc":{"start":{"line":173,"column":26},"end":{"line":173,"column":50}},"line":173},"32":{"name":"(anonymous_32)","decl":{"start":{"line":176,"column":9},"end":{"line":176,"column":10}},"loc":{"start":{"line":176,"column":19},"end":{"line":185,"column":3}},"line":176},"33":{"name":"bKit","decl":{"start":{"line":189,"column":16},"end":{"line":189,"column":20}},"loc":{"start":{"line":189,"column":41},"end":{"line":199,"column":1}},"line":189},"34":{"name":"matchLine4bKit","decl":{"start":{"line":201,"column":9},"end":{"line":201,"column":23}},"loc":{"start":{"line":201,"column":38},"end":{"line":253,"column":1}},"line":201},"35":{"name":"(anonymous_35)","decl":{"start":{"line":223,"column":15},"end":{"line":223,"column":16}},"loc":{"start":{"line":223,"column":32},"end":{"line":227,"column":7}},"line":223},"36":{"name":"(anonymous_36)","decl":{"start":{"line":231,"column":15},"end":{"line":231,"column":16}},"loc":{"start":{"line":231,"column":24},"end":{"line":231,"column":53}},"line":231},"37":{"name":"(anonymous_37)","decl":{"start":{"line":237,"column":15},"end":{"line":237,"column":16}},"loc":{"start":{"line":237,"column":24},"end":{"line":237,"column":50}},"line":237},"38":{"name":"(anonymous_38)","decl":{"start":{"line":241,"column":21},"end":{"line":241,"column":22}},"loc":{"start":{"line":241,"column":31},"end":{"line":250,"column":3}},"line":241},"39":{"name":"line2entry","decl":{"start":{"line":260,"column":10},"end":{"line":260,"column":20}},"loc":{"start":{"line":260,"column":34},"end":{"line":272,"column":1}},"line":260},"40":{"name":"_listDirs","decl":{"start":{"line":274,"column":15},"end":{"line":274,"column":24}},"loc":{"start":{"line":274,"column":45},"end":{"line":278,"column":1}},"line":274},"41":{"name":"listDirs","decl":{"start":{"line":283,"column":22},"end":{"line":283,"column":30}},"loc":{"start":{"line":283,"column":44},"end":{"line":293,"column":1}},"line":283},"42":{"name":"(anonymous_42)","decl":{"start":{"line":284,"column":17},"end":{"line":284,"column":18}},"loc":{"start":{"line":284,"column":26},"end":{"line":291,"column":3}},"line":284},"43":{"name":"rsync2entry","decl":{"start":{"line":306,"column":10},"end":{"line":306,"column":21}},"loc":{"start":{"line":306,"column":30},"end":{"line":333,"column":1}},"line":306},"44":{"name":"(anonymous_44)","decl":{"start":{"line":308,"column":16},"end":{"line":308,"column":17}},"loc":{"start":{"line":308,"column":31},"end":{"line":315,"column":3}},"line":308},"45":{"name":"_dKit","decl":{"start":{"line":335,"column":15},"end":{"line":335,"column":20}},"loc":{"start":{"line":335,"column":37},"end":{"line":340,"column":1}},"line":335},"46":{"name":"dKit","decl":{"start":{"line":344,"column":22},"end":{"line":344,"column":26}},"loc":{"start":{"line":344,"column":74},"end":{"line":350,"column":1}},"line":344},"47":{"name":"matchVersion","decl":{"start":{"line":362,"column":10},"end":{"line":362,"column":22}},"loc":{"start":{"line":362,"column":31},"end":{"line":373,"column":1}},"line":362},"48":{"name":"_getVersions","decl":{"start":{"line":375,"column":15},"end":{"line":375,"column":27}},"loc":{"start":{"line":375,"column":44},"end":{"line":378,"column":1}},"line":375},"49":{"name":"getVersions","decl":{"start":{"line":383,"column":22},"end":{"line":383,"column":33}},"loc":{"start":{"line":383,"column":50},"end":{"line":385,"column":1}},"line":383},"50":{"name":"listSnaps","decl":{"start":{"line":389,"column":22},"end":{"line":389,"column":31}},"loc":{"start":{"line":389,"column":52},"end":{"line":399,"column":1}},"line":389},"51":{"name":"(anonymous_51)","decl":{"start":{"line":390,"column":19},"end":{"line":390,"column":20}},"loc":{"start":{"line":390,"column":28},"end":{"line":397,"column":3}},"line":390},"52":{"name":"listDir4Snap","decl":{"start":{"line":409,"column":22},"end":{"line":409,"column":34}},"loc":{"start":{"line":412,"column":8},"end":{"line":418,"column":1}},"line":412},"53":{"name":"(anonymous_53)","decl":{"start":{"line":416,"column":18},"end":{"line":416,"column":19}},"loc":{"start":{"line":416,"column":24},"end":{"line":416,"column":44}},"line":416},"54":{"name":"diffList4Snap","decl":{"start":{"line":420,"column":22},"end":{"line":420,"column":35}},"loc":{"start":{"line":424,"column":8},"end":{"line":435,"column":1}},"line":424},"55":{"name":"(anonymous_55)","decl":{"start":{"line":432,"column":20},"end":{"line":432,"column":21}},"loc":{"start":{"line":432,"column":26},"end":{"line":432,"column":42}},"line":432},"56":{"name":"listLastDir","decl":{"start":{"line":442,"column":22},"end":{"line":442,"column":33}},"loc":{"start":{"line":445,"column":8},"end":{"line":451,"column":1}},"line":445},"57":{"name":"(anonymous_57)","decl":{"start":{"line":449,"column":18},"end":{"line":449,"column":19}},"loc":{"start":{"line":449,"column":24},"end":{"line":449,"column":44}},"line":449},"58":{"name":"diffLastDir","decl":{"start":{"line":453,"column":22},"end":{"line":453,"column":33}},"loc":{"start":{"line":457,"column":8},"end":{"line":468,"column":1}},"line":457},"59":{"name":"(anonymous_59)","decl":{"start":{"line":465,"column":20},"end":{"line":465,"column":21}},"loc":{"start":{"line":465,"column":26},"end":{"line":465,"column":42}},"line":465},"60":{"name":"onRsyncLine","decl":{"start":{"line":473,"column":16},"end":{"line":473,"column":27}},"loc":{"start":{"line":481,"column":23},"end":{"line":519,"column":1}},"line":481},"61":{"name":"(anonymous_61)","decl":{"start":{"line":474,"column":12},"end":{"line":474,"column":13}},"loc":{"start":{"line":474,"column":18},"end":{"line":474,"column":23}},"line":474},"62":{"name":"(anonymous_62)","decl":{"start":{"line":475,"column":11},"end":{"line":475,"column":12}},"loc":{"start":{"line":475,"column":17},"end":{"line":475,"column":22}},"line":475},"63":{"name":"(anonymous_63)","decl":{"start":{"line":476,"column":12},"end":{"line":476,"column":13}},"loc":{"start":{"line":476,"column":18},"end":{"line":476,"column":23}},"line":476},"64":{"name":"(anonymous_64)","decl":{"start":{"line":477,"column":11},"end":{"line":477,"column":12}},"loc":{"start":{"line":477,"column":17},"end":{"line":477,"column":22}},"line":477},"65":{"name":"(anonymous_65)","decl":{"start":{"line":478,"column":12},"end":{"line":478,"column":13}},"loc":{"start":{"line":478,"column":18},"end":{"line":478,"column":23}},"line":478},"66":{"name":"(anonymous_66)","decl":{"start":{"line":479,"column":12},"end":{"line":479,"column":13}},"loc":{"start":{"line":479,"column":18},"end":{"line":479,"column":23}},"line":479},"67":{"name":"(anonymous_67)","decl":{"start":{"line":480,"column":13},"end":{"line":480,"column":14}},"loc":{"start":{"line":480,"column":19},"end":{"line":480,"column":24}},"line":480},"68":{"name":"(anonymous_68)","decl":{"start":{"line":481,"column":10},"end":{"line":481,"column":11}},"loc":{"start":{"line":481,"column":16},"end":{"line":481,"column":21}},"line":481},"69":{"name":"(anonymous_69)","decl":{"start":{"line":482,"column":16},"end":{"line":482,"column":17}},"loc":{"start":{"line":482,"column":41},"end":{"line":489,"column":3}},"line":482},"70":{"name":"(anonymous_70)","decl":{"start":{"line":490,"column":20},"end":{"line":490,"column":21}},"loc":{"start":{"line":490,"column":34},"end":{"line":492,"column":3}},"line":490},"71":{"name":"(anonymous_71)","decl":{"start":{"line":493,"column":19},"end":{"line":493,"column":20}},"loc":{"start":{"line":493,"column":33},"end":{"line":495,"column":3}},"line":493},"72":{"name":"(anonymous_72)","decl":{"start":{"line":496,"column":22},"end":{"line":496,"column":23}},"loc":{"start":{"line":496,"column":36},"end":{"line":498,"column":3}},"line":496},"73":{"name":"(anonymous_73)","decl":{"start":{"line":499,"column":21},"end":{"line":499,"column":22}},"loc":{"start":{"line":499,"column":35},"end":{"line":501,"column":3}},"line":499},"74":{"name":"(anonymous_74)","decl":{"start":{"line":502,"column":23},"end":{"line":502,"column":24}},"loc":{"start":{"line":502,"column":37},"end":{"line":504,"column":3}},"line":502},"75":{"name":"(anonymous_75)","decl":{"start":{"line":505,"column":21},"end":{"line":505,"column":22}},"loc":{"start":{"line":505,"column":31},"end":{"line":514,"column":3}},"line":505},"76":{"name":"dkit","decl":{"start":{"line":521,"column":16},"end":{"line":521,"column":20}},"loc":{"start":{"line":521,"column":75},"end":{"line":528,"column":1}},"line":521},"77":{"name":"(anonymous_77)","decl":{"start":{"line":521,"column":43},"end":{"line":521,"column":44}},"loc":{"start":{"line":521,"column":49},"end":{"line":521,"column":73}},"line":521},"78":{"name":"listdirs","decl":{"start":{"line":530,"column":16},"end":{"line":530,"column":24}},"loc":{"start":{"line":530,"column":83},"end":{"line":548,"column":1}},"line":530},"79":{"name":"(anonymous_79)","decl":{"start":{"line":530,"column":46},"end":{"line":530,"column":47}},"loc":{"start":{"line":530,"column":52},"end":{"line":530,"column":81}},"line":530},"80":{"name":"(anonymous_80)","decl":{"start":{"line":535,"column":16},"end":{"line":535,"column":17}},"loc":{"start":{"line":535,"column":26},"end":{"line":546,"column":5}},"line":535},"81":{"name":"getLocalDisks","decl":{"start":{"line":552,"column":16},"end":{"line":552,"column":29}},"loc":{"start":{"line":552,"column":39},"end":{"line":554,"column":1}},"line":552},"82":{"name":"getDisksOnBackup","decl":{"start":{"line":556,"column":16},"end":{"line":556,"column":32}},"loc":{"start":{"line":556,"column":42},"end":{"line":558,"column":1}},"line":556},"83":{"name":"getDisks","decl":{"start":{"line":560,"column":16},"end":{"line":560,"column":24}},"loc":{"start":{"line":560,"column":46},"end":{"line":586,"column":1}},"line":560},"84":{"name":"(anonymous_84)","decl":{"start":{"line":563,"column":16},"end":{"line":563,"column":17}},"loc":{"start":{"line":563,"column":26},"end":{"line":584,"column":5}},"line":563}},"branchMap":{"0":{"loc":{"start":{"line":20,"column":36},"end":{"line":20,"column":45}},"type":"default-arg","locations":[{"start":{"line":20,"column":43},"end":{"line":20,"column":45}}],"line":20},"1":{"loc":{"start":{"line":20,"column":47},"end":{"line":20,"column":58}},"type":"default-arg","locations":[{"start":{"line":20,"column":56},"end":{"line":20,"column":58}}],"line":20},"2":{"loc":{"start":{"line":20,"column":60},"end":{"line":20,"column":80}},"type":"default-arg","locations":[{"start":{"line":20,"column":68},"end":{"line":20,"column":80}}],"line":20},"3":{"loc":{"start":{"line":21,"column":2},"end":{"line":24,"column":3}},"type":"if","locations":[{"start":{"line":21,"column":2},"end":{"line":24,"column":3}},{"start":{"line":21,"column":2},"end":{"line":24,"column":3}}],"line":21},"4":{"loc":{"start":{"line":34,"column":9},"end":{"line":34,"column":69}},"type":"binary-expr","locations":[{"start":{"line":34,"column":9},"end":{"line":34,"column":63}},{"start":{"line":34,"column":67},"end":{"line":34,"column":69}}],"line":34},"5":{"loc":{"start":{"line":38,"column":9},"end":{"line":38,"column":70}},"type":"binary-expr","locations":[{"start":{"line":38,"column":9},"end":{"line":38,"column":64}},{"start":{"line":38,"column":68},"end":{"line":38,"column":70}}],"line":38},"6":{"loc":{"start":{"line":58,"column":12},"end":{"line":58,"column":80}},"type":"binary-expr","locations":[{"start":{"line":58,"column":12},"end":{"line":58,"column":74}},{"start":{"line":58,"column":78},"end":{"line":58,"column":80}}],"line":58},"7":{"loc":{"start":{"line":86,"column":29},"end":{"line":86,"column":40}},"type":"default-arg","locations":[{"start":{"line":86,"column":38},"end":{"line":86,"column":40}}],"line":86},"8":{"loc":{"start":{"line":86,"column":42},"end":{"line":86,"column":62}},"type":"default-arg","locations":[{"start":{"line":86,"column":50},"end":{"line":86,"column":62}}],"line":86},"9":{"loc":{"start":{"line":87,"column":10},"end":{"line":87,"column":25}},"type":"default-arg","locations":[{"start":{"line":87,"column":21},"end":{"line":87,"column":25}}],"line":87},"10":{"loc":{"start":{"line":97,"column":33},"end":{"line":97,"column":44}},"type":"default-arg","locations":[{"start":{"line":97,"column":42},"end":{"line":97,"column":44}}],"line":97},"11":{"loc":{"start":{"line":101,"column":4},"end":{"line":101,"column":16}},"type":"default-arg","locations":[{"start":{"line":101,"column":14},"end":{"line":101,"column":16}}],"line":101},"12":{"loc":{"start":{"line":102,"column":4},"end":{"line":102,"column":21}},"type":"default-arg","locations":[{"start":{"line":102,"column":19},"end":{"line":102,"column":21}}],"line":102},"13":{"loc":{"start":{"line":103,"column":4},"end":{"line":103,"column":21}},"type":"default-arg","locations":[{"start":{"line":103,"column":17},"end":{"line":103,"column":21}}],"line":103},"14":{"loc":{"start":{"line":104,"column":4},"end":{"line":104,"column":23}},"type":"default-arg","locations":[{"start":{"line":104,"column":12},"end":{"line":104,"column":23}}],"line":104},"15":{"loc":{"start":{"line":138,"column":25},"end":{"line":138,"column":36}},"type":"default-arg","locations":[{"start":{"line":138,"column":34},"end":{"line":138,"column":36}}],"line":138},"16":{"loc":{"start":{"line":140,"column":4},"end":{"line":140,"column":18}},"type":"default-arg","locations":[{"start":{"line":140,"column":14},"end":{"line":140,"column":18}}],"line":140},"17":{"loc":{"start":{"line":141,"column":4},"end":{"line":141,"column":19}},"type":"default-arg","locations":[{"start":{"line":141,"column":15},"end":{"line":141,"column":19}}],"line":141},"18":{"loc":{"start":{"line":142,"column":4},"end":{"line":142,"column":21}},"type":"default-arg","locations":[{"start":{"line":142,"column":17},"end":{"line":142,"column":21}}],"line":142},"19":{"loc":{"start":{"line":143,"column":4},"end":{"line":143,"column":23}},"type":"default-arg","locations":[{"start":{"line":143,"column":19},"end":{"line":143,"column":23}}],"line":143},"20":{"loc":{"start":{"line":144,"column":4},"end":{"line":144,"column":22}},"type":"default-arg","locations":[{"start":{"line":144,"column":18},"end":{"line":144,"column":22}}],"line":144},"21":{"loc":{"start":{"line":145,"column":4},"end":{"line":145,"column":21}},"type":"default-arg","locations":[{"start":{"line":145,"column":17},"end":{"line":145,"column":21}}],"line":145},"22":{"loc":{"start":{"line":180,"column":6},"end":{"line":183,"column":7}},"type":"if","locations":[{"start":{"line":180,"column":6},"end":{"line":183,"column":7}},{"start":{"line":180,"column":6},"end":{"line":183,"column":7}}],"line":180},"23":{"loc":{"start":{"line":189,"column":28},"end":{"line":189,"column":39}},"type":"default-arg","locations":[{"start":{"line":189,"column":37},"end":{"line":189,"column":39}}],"line":189},"24":{"loc":{"start":{"line":191,"column":10},"end":{"line":191,"column":22}},"type":"default-arg","locations":[{"start":{"line":191,"column":20},"end":{"line":191,"column":22}}],"line":191},"25":{"loc":{"start":{"line":191,"column":24},"end":{"line":191,"column":41}},"type":"default-arg","locations":[{"start":{"line":191,"column":39},"end":{"line":191,"column":41}}],"line":191},"26":{"loc":{"start":{"line":201,"column":25},"end":{"line":201,"column":36}},"type":"default-arg","locations":[{"start":{"line":201,"column":34},"end":{"line":201,"column":36}}],"line":201},"27":{"loc":{"start":{"line":203,"column":4},"end":{"line":203,"column":16}},"type":"default-arg","locations":[{"start":{"line":203,"column":12},"end":{"line":203,"column":16}}],"line":203},"28":{"loc":{"start":{"line":204,"column":4},"end":{"line":204,"column":15}},"type":"default-arg","locations":[{"start":{"line":204,"column":11},"end":{"line":204,"column":15}}],"line":204},"29":{"loc":{"start":{"line":205,"column":4},"end":{"line":205,"column":19}},"type":"default-arg","locations":[{"start":{"line":205,"column":15},"end":{"line":205,"column":19}}],"line":205},"30":{"loc":{"start":{"line":206,"column":4},"end":{"line":206,"column":15}},"type":"default-arg","locations":[{"start":{"line":206,"column":11},"end":{"line":206,"column":15}}],"line":206},"31":{"loc":{"start":{"line":225,"column":8},"end":{"line":225,"column":88}},"type":"if","locations":[{"start":{"line":225,"column":8},"end":{"line":225,"column":88}},{"start":{"line":225,"column":8},"end":{"line":225,"column":88}}],"line":225},"32":{"loc":{"start":{"line":245,"column":6},"end":{"line":248,"column":7}},"type":"if","locations":[{"start":{"line":245,"column":6},"end":{"line":248,"column":7}},{"start":{"line":245,"column":6},"end":{"line":248,"column":7
[...]
oc":{"start":{"line":193,"column":0},"end":{"line":195,"column":null}}},"29":{"name":"isOpen","decl":{"start":{"line":196,"column":0},"end":{"line":196,"column":null}},"loc":{"start":{"line":196,"column":0},"end":{"line":198,"column":null}}},"30":{"name":"isOpen","decl":{"start":{"line":201,"column":0},"end":{"line":201,"column":null}},"loc":{"start":{"line":201,"column":0},"end":{"line":206,"column":null}}},"31":{"name":"isIncluded","decl":{"start":{"line":207,"column":0},"end":{"line":207,"column":null}},"loc":{"start":{"line":207,"column":0},"end":{"line":213,"column":null}}},"32":{"name":"isExcluded","decl":{"start":{"line":214,"column":0},"end":{"line":214,"column":null}},"loc":{"start":{"line":214,"column":0},"end":{"line":218,"column":null}}},"33":{"name":"debug","decl":{"start":{"line":221,"column":0},"end":{"line":221,"column":null}},"loc":{"start":{"line":221,"column":0},"end":{"line":223,"column":null}}},"34":{"name":"showChildrens","decl":{"start":{"line":224,"column":0},"end":{"line":224,"column":null}},"loc":{"start":{"line":224,"column":0},"end":{"line":226,"column":null}}},"35":{"name":"updateChildrens","decl":{"start":{"line":227,"column":0},"end":{"line":227,"column":null}},"loc":{"start":{"line":227,"column":0},"end":{"line":239,"column":null}}},"36":{"name":"(anonymous_42)","decl":{"start":{"line":231,"column":0},"end":{"line":231,"column":null}},"loc":{"start":{"line":231,"column":0},"end":{"line":231,"column":null}}},"37":{"name":"opendir","decl":{"start":{"line":240,"column":0},"end":{"line":240,"column":null}},"loc":{"start":{"line":240,"column":0},"end":{"line":245,"column":null}}},"38":{"name":"refresh","decl":{"start":{"line":246,"column":0},"end":{"line":246,"column":null}},"loc":{"start":{"line":246,"column":0},"end":{"line":250,"column":null}}},"39":{"name":"readdir","decl":{"start":{"line":251,"column":0},"end":{"line":251,"column":null}},"loc":{"start":{"line":251,"column":0},"end":{"line":257,"column":null}}},"40":{"name":"mounted","decl":{"start":{"line":259,"column":0},"end":{"line":259,"column":null}},"loc":{"start":{"line":259,"column":0},"end":{"line":259,"column":null}}}},"branchMap":{"0":{"loc":{"start":{"line":70,"column":0},"end":{"line":70,"column":null}},"type":"if","locations":[{"start":{"line":70,"column":0},"end":{"line":70,"column":null}},{"start":{"line":70,"column":0},"end":{"line":70,"column":null}}]},"1":{"loc":{"start":{"line":71,"column":0},"end":{"line":71,"column":null}},"type":"if","locations":[{"start":{"line":71,"column":0},"end":{"line":71,"column":null}},{"start":{"line":71,"column":0},"end":{"line":71,"column":null}}]},"2":{"loc":{"start":{"line":75,"column":0},"end":{"line":75,"column":null}},"type":"if","locations":[{"start":{"line":75,"column":0},"end":{"line":75,"column":null}},{"start":{"line":75,"column":0},"end":{"line":75,"column":null}}]},"3":{"loc":{"start":{"line":83,"column":0},"end":{"line":83,"column":null}},"type":"if","locations":[{"start":{"line":83,"column":0},"end":{"line":83,"column":null}},{"start":{"line":83,"column":0},"end":{"line":83,"column":null}}]},"4":{"loc":{"start":{"line":84,"column":0},"end":{"line":84,"column":null}},"type":"if","locations":[{"start":{"line":84,"column":0},"end":{"line":84,"column":null}},{"start":{"line":84,"column":0},"end":{"line":84,"column":null}}]},"5":{"loc":{"start":{"line":123,"column":0},"end":{"line":123,"column":null}},"type":"cond-expr","locations":[{"start":{"line":123,"column":0},"end":{"line":123,"column":null}},{"start":{"line":123,"column":0},"end":{"line":123,"column":null}}]},"6":{"loc":{"start":{"line":126,"column":0},"end":{"line":142,"column":null}},"type":"if","locations":[{"start":{"line":126,"column":0},"end":{"line":142,"column":null}},{"start":{"line":126,"column":0},"end":{"line":142,"column":null}}]},"7":{"loc":{"start":{"line":126,"column":0},"end":{"line":126,"column":null}},"type":"binary-expr","locations":[{"start":{"line":126,"column":0},"end":{"line":126,"column":null}},{"start":{"line":126,"column":0},"end":{"line":126,"column":null}}]},"8":{"loc":{"start":{"line":128,"column":0},"end":{"line":142,"column":null}},"type":"if","locations":[{"start":{"line":128,"column":0},"end":{"line":142,"column":null}},{"start":{"line":128,"column":0},"end":{"line":142,"column":null}}]},"9":{"loc":{"start":{"line":128,"column":0},"end":{"line":128,"column":null}},"type":"binary-expr","locations":[{"start":{"line":128,"column":0},"end":{"line":128,"column":null}},{"start":{"line":128,"column":0},"end":{"line":128,"column":null}}]},"10":{"loc":{"start":{"line":133,"column":0},"end":{"line":141,"column":null}},"type":"if","locations":[{"start":{"line":133,"column":0},"end":{"line":141,"column":null}},{"start":{"line":133,"column":0},"end":{"line":141,"column":null}}]},"11":{"loc":{"start":{"line":136,"column":0},"end":{"line":141,"column":null}},"type":"if","locations":[{"start":{"line":136,"column":0},"end":{"line":141,"column":null}},{"start":{"line":136,"column":0},"end":{"line":141,"column":null}}]},"12":{"loc":{"start":{"line":157,"column":0},"end":{"line":157,"column":null}},"type":"cond-expr","locations":[{"start":{"line":157,"column":0},"end":{"line":157,"column":null}},{"start":{"line":157,"column":0},"end":{"line":157,"column":null}}]},"13":{"loc":{"start":{"line":166,"column":0},"end":{"line":166,"column":null}},"type":"binary-expr","locations":[{"start":{"line":166,"column":0},"end":{"line":166,"column":null}},{"start":{"line":166,"column":0},"end":{"line":166,"column":null}}]},"14":{"loc":{"start":{"line":170,"column":0},"end":{"line":170,"column":null}},"type":"binary-expr","locations":[{"start":{"line":170,"column":0},"end":{"line":170,"column":null}},{"start":{"line":170,"column":0},"end":{"line":170,"column":null}}]},"15":{"loc":{"start":{"line":174,"column":0},"end":{"line":174,"column":null}},"type":"binary-expr","locations":[{"start":{"line":174,"column":0},"end":{"line":174,"column":null}},{"start":{"line":174,"column":0},"end":{"line":174,"column":null}},{"start":{"line":174,"column":0},"end":{"line":174,"column":null}}]},"16":{"loc":{"start":{"line":175,"column":0},"end":{"line":175,"column":null}},"type":"binary-expr","locations":[{"start":{"line":175,"column":0},"end":{"line":175,"column":null}},{"start":{"line":175,"column":0},"end":{"line":175,"column":null}}]},"17":{"loc":{"start":{"line":176,"column":0},"end":{"line":176,"column":null}},"type":"cond-expr","locations":[{"start":{"line":176,"column":0},"end":{"line":176,"column":null}},{"start":{"line":176,"column":0},"end":{"line":176,"column":null}}]},"18":{"loc":{"start":{"line":191,"column":0},"end":{"line":191,"column":null}},"type":"cond-expr","locations":[{"start":{"line":191,"column":0},"end":{"line":191,"column":null}},{"start":{"line":191,"column":0},"end":{"line":191,"column":null}}]},"19":{"loc":{"start":{"line":197,"column":0},"end":{"line":197,"column":null}},"type":"binary-expr","locations":[{"start":{"line":197,"column":0},"end":{"line":197,"column":null}},{"start":{"line":197,"column":0},"end":{"line":197,"column":null}}]},"20":{"loc":{"start":{"line":202,"column":0},"end":{"line":205,"column":null}},"type":"if","locations":[{"start":{"line":202,"column":0},"end":{"line":205,"column":null}},{"start":{"line":202,"column":0},"end":{"line":205,"column":null}}]},"21":{"loc":{"start":{"line":202,"column":0},"end":{"line":202,"column":null}},"type":"binary-expr","locations":[{"start":{"line":202,"column":0},"end":{"line":202,"column":null}},{"start":{"line":202,"column":0},"end":{"line":202,"column":null}}]},"22":{"loc":{"start":{"line":208,"column":0},"end":{"line":212,"column":null}},"type":"if","locations":[{"start":{"line":208,"column":0},"end":{"line":212,"column":null}},{"start":{"line":208,"column":0},"end":{"line":212,"column":null}}]},"23":{"loc":{"start":{"line":208,"column":0},"end":{"line":208,"column":null}},"type":"binary-expr","locations":[{"start":{"line":208,"column":0},"end":{"line":208,"column":null}},{"start":{"line":208,"column":0},"end":{"line":208,"column":null}}]},"24":{"loc":{"start":{"line":210,"column":0},"end":{"line":212,"column":null}},"type":"if","locations":[{"start":{"line":210,"column":0},"end":{"line":212,"column":null}},{"start":{"line":210,"column":0},"end":{"line":212,"column":null}}]},"25":{"loc":{"start":{"line":210,"column":0},"end":{"line":210,"column":null}},"type":"binary-expr","locations":[{"start":{"line":210,"column":0},"end":{"line":210,"column":null}},{"start":{"line":210,"column":0},"end":{"line":210,"column":null}}]},"26":{"loc":{"start":{"line":215,"column":0},"end":{"line":217,"column":null}},"type":"if","locations":[{"start":{"line":215,"column":0},"end":{"line":217,"column":null}},{"start":{"line":215,"column":0},"end":{"line":217,"column":null}}]},"27":{"loc":{"start":{"line":215,"column":0},"end":{"line":215,"column":null}},"type":"binary-expr","locations":[{"start":{"line":215,"column":0},"end":{"line":215,"column":null}},{"start":{"line":215,"column":0},"end":{"line":215,"column":null}}]},"28":{"loc":{"start":{"line":221,"column":0},"end":{"line":221,"column":null}},"type":"cond-expr","locations":[{"start":{"line":221,"column":0},"end":{"line":221,"column":null}},{"start":{"line":221,"column":0},"end":{"line":221,"column":null}}]},"29":{"loc":{"start":{"line":232,"column":0},"end":{"line":237,"column":null}},"type":"if","locations":[{"start":{"line":232,"column":0},"end":{"line":237,"column":null}},{"start":{"line":232,"column":0},"end":{"line":237,"column":null}}]},"30":{"loc":{"start":{"line":240,"column":0},"end":{"line":240,"column":null}},"type":"switch","locations":[{"start":{"line":240,"column":0},"end":{"line":240,"column":null}},{"start":{"line":240,"column":0},"end":{"line":240,"column":null}},{"start":{"line":240,"column":0},"end":{"line":244,"column":null}},{"start":{"line":240,"column":0},"end":{"line":240,"column":null}},{"start":{"line":240,"column":0},"end":{"line":240,"column":null}}]},"31":{"loc":{"start":{"line":240,"column":0},"end":{"line":240,"column":null}},"type":"if","locations":[{"start":{"line":240,"column":0},"end":{"line":240,"column":null}},{"start":{"line":240,"column":0},"end":{"line":240,"column":null}}]},"32":{"loc":{"start":{"line":246,"column":0},"end":{"line":246,"column":null}},"type":"switch","locations":[{"start":{"line":246,"column":0},"end":{"line":246,"column":null}},{"start":{"line":246,"column":0},"end":{"line":249,"column":null}},{"start":{"line":246,"column":0},"end":{"line":246,"column":null}},{"start":{"line":246,"column":0},"end":{"line":246,"column":null}}]},"33":{"loc":{"start":{"line":251,"column":0},"end":{"line":251,"column":null}},"type":"switch","locations":[{"start":{"line":251,"column":0},"end":{"line":251,"column":null}},{"start":{"line":251,"column":0},"end":{"line":251,"column":null}},{"start":{"line":251,"column":0},"end":{"line":251,"column":null}},{"start":{"line":251,"column":0},"end":{"line":251,"column":null}},{"start":{"line":251,"column":0},"end":{"line":255,"column":null}},{"start":{"line":251,"column":0},"end":{"line":251,"column":null}},{"start":{"line":251,"column":0},"end":{"line":251,"column":null}},{"start":{"line":251,"column":0},"end":{"line":251,"column":null}},{"start":{"line":251,"column":0},"end":{"line":251,"column":null}},{"start":{"line":251,"column":0},"end":{"line":251,"column":null}},{"start":{"line":251,"column":0},"end":{"line":251,"column":null}},{"start":{"line":251,"column":0},"end":{"line":251,"column":null}},{"start":{"line":251,"column":0},"end":{"line":251,"column":null}},{"start":{"line":251,"column":0},"end":{"line":251,"column":null}}]},"34":{"loc":{"start":{"line":251,"column":0},"end":{"line":251,"column":null}},"type":"if","locations":[{"start":{"line":251,"column":0},"end":{"line":251,"column":null}},{"start":{"line":251,"column":0},"end":{"line":251,"column":null}}]}},"s":{"0":0,"1":0,"2":0,"3":0,"4":0,"5":0,"6":0,"7":0,"8":0,"9":0,"10":0,"11":0,"12":0,"13":0,"14":0,"15":0,"16":0,"17":0,"18":0,"19":0,"20":0,"21":0,"22":0,"23":0,"24":0,"25":0,"26":0,"27":0,"28":0,"29":0,"30":0,"31":0,"32":0,"33":0,"34":0,"35":0,"36":0,"37":0,"38":0,"39":0,"40":0,"41":0,"42":0,"43":0,"44":0,"45":0,"46":0,"47":0,"48":0,"49":0,"50":0,"51":0,"52":0,"53":0,"54":0,"55":0,"56":0,"57":0,"58":0,"59":0,"60":0,"61":0,"62":0,"63":0,"64":0,"65":0,"66":0,"67":0,"68":0,"69":0,"70":0,"71":0,"72":0,"73":0,"74":0,"75":0,"76":0,"77":0,"78":0,"79":0,"80":0},"f":{"0":0,"1":0,"2":0,"3":0,"4":0,"5":0,"6":0,"7":0,"8":0,"9":0,"10":0,"11":0,"12":0,"13":0,"14":0,"15":0,"16":0,"17":0,"18":0,"19":0,"20":0,"21":0,"22":0,"23":0,"24":0,"25":0,"26":0,"27":0,"28":0,"29":0,"30":0,"31":0,"32":0,"33":0,"34":0,"35":0,"36":0,"37":0,"38":0,"39":0,"40":0},"b":{"0":[0,0],"1":[0,0],"2":[0,0],"3":[0,0],"4":[0,0],"5":[0,0],"6":[0,0],"7":[0,0],"8":[0,0],"9":[0,0],"10":[0,0],"11":[0,0],"12":[0,0],"13":[0,0],"14":[0,0],"15":[0,0,0],"16":[0,0],"17":[0,0],"18":[0,0],"19":[0,0],"20":[0,0],"21":[0,0],"22":[0,0],"23":[0,0],"24":[0,0],"25":[0,0],"26":[0,0],"27":[0,0],"28":[0,0],"29":[0,0],"30":[0,0,0,0,0],"31":[0,0],"32":[0,0,0,0],"33":[0,0,0,0,0,0,0,0,0,0,0,0,0,0],"34":[0,0]}}
,"C:\\bkit\\gui\\src\\router\\index.js": {"path":"C:\\bkit\\gui\\src\\router\\index.js","statementMap":{"0":{"start":{"line":6,"column":0},"end":{"line":6,"column":18}},"1":{"start":{"line":18,"column":17},"end":{"line":27,"column":4}},"2":{"start":{"line":19,"column":27},"end":{"line":19,"column":41}},"3":{"start":{"line":29,"column":2},"end":{"line":29,"column":15}}},"fnMap":{"0":{"name":"(anonymous_0)","decl":{"start":{"line":17,"column":15},"end":{"line":17,"column":16}},"loc":{"start":{"line":17,"column":54},"end":{"line":30,"column":1}},"line":17},"1":{"name":"(anonymous_1)","decl":{"start":{"line":19,"column":20},"end":{"line":19,"column":21}},"loc":{"start":{"line":19,"column":27},"end":{"line":19,"column":41}},"line":19}},"branchMap":{},"s":{"0":0,"1":0,"2":0,"3":0},"f":{"0":0,"1":0},"b":{},"hash":"7bf20321fd4f8ecdd58faa881d0127a91758eee6"}
,"C:\\bkit\\gui\\src\\router\\routes.js": {"path":"C:\\bkit\\gui\\src\\router\\routes.js","statementMap":{"0":{"start":{"line":2,"column":15},"end":{"line":42,"column":1}},"1":{"start":{"line":5,"column":21},"end":{"line":5,"column":53}},"2":{"start":{"line":9,"column":25},"end":{"line":9,"column":53}},"3":{"start":{"line":19,"column":25},"end":{"line":19,"column":62}},"4":{"start":{"line":24,"column":25},"end":{"line":24,"column":52}},"5":{"start":{"line":29,"column":25},"end":{"line":29,"column":60}},"6":{"start":{"line":45,"column":0},"end":{"line":50,"column":1}},"7":{"start":{"line":46,"column":2},"end":{"line":49,"column":4}},"8":{"start":{"line":48,"column":21},"end":{"line":48,"column":49}}},"fnMap":{"0":{"name":"(anonymous_0)","decl":{"start":{"line":5,"column":15},"end":{"line":5,"column":16}},"loc":{"start":{"line":5,"column":21},"end":{"line":5,"column":53}},"line":5},"1":{"name":"(anonymous_1)","decl":{"start":{"line":9,"column":19},"end":{"line":9,"column":20}},"loc":{"start":{"line":9,"column":25},"end":{"line":9,"column":53}},"line":9},"2":{"name":"(anonymous_2)","decl":{"start":{"line":19,"column":19},"end":{"line":19,"column":20}},"loc":{"start":{"line":19,"column":25},"end":{"line":19,"column":62}},"line":19},"3":{"name":"(anonymous_3)","decl":{"start":{"line":24,"column":19},"end":{"line":24,"column":20}},"loc":{"start":{"line":24,"column":25},"end":{"line":24,"column":52}},"line":24},"4":{"name":"(anonymous_4)","decl":{"start":{"line":29,"column":19},"end":{"line":29,"column":20}},"loc":{"start":{"line":29,"column":25},"end":{"line":29,"column":60}},"line":29},"5":{"name":"(anonymous_5)","decl":{"start":{"line":48,"column":15},"end":{"line":48,"column":16}},"loc":{"start":{"line":48,"column":21},"end":{"line":48,"column":49}},"line":48}},"branchMap":{"0":{"loc":{"start":{"line":45,"column":0},"end":{"line":50,"column":1}},"type":"if","locations":[{"start":{"line":45,"column":0},"end":{"line":50,"column":1}},{"start":{"line":45,"column":0},"end":{"line":50,"column":1}}],"line":45}},"s":{"0":0,"1":0,"2":0,"3":0,"4":0,"5":0,"6":0,"7":0,"8":0},"f":{"0":0,"1":0,"2":0,"3":0,"4":0,"5":0},"b":{"0":[0,0]},"hash":"1328c9c2f8a162adea10daf90cba8b6fbe8f552b"}
,"C:\\bkit\\gui\\src\\store\\index.js": {"path":"C:\\bkit\\gui\\src\\store\\index.js","statementMap":{"0":{"start":{"line":6,"column":0},"end":{"line":6,"column":13}},"1":{"start":{"line":20,"column":21},"end":{"line":28,"column":2}},"2":{"start":{"line":41,"column":2},"end":{"line":41,"column":14}}},"fnMap":{"0":{"name":"(anonymous_0)","decl":{"start":{"line":30,"column":15},"end":{"line":30,"column":16}},"loc":{"start":{"line":30,"column":47},"end":{"line":42,"column":1}},"line":30}},"branchMap":{},"s":{"0":0,"1":0,"2":0},"f":{"0":0},"b":{},"hash":"9c92377e8421c57b628281feb3fba06d6169aebe"}
,"C:\\bkit\\gui\\src\\store\\global\\actions.js": {"path":"C:\\bkit\\gui\\src\\store\\global\\actions.js","statementMap":{},"fnMap":{},"branchMap":{},"s":{},"f":{},"b":{},"hash":"0d06ebce514d44c03d89dab54a8d18140ae39443"}
,"C:\\bkit\\gui\\src\\store\\global\\getters.js": {"path":"C:\\bkit\\gui\\src\\store\\global\\getters.js","statementMap":{"0":{"start":{"line":2,"column":2},"end":{"line":2,"column":21}}},"fnMap":{"0":{"name":"server","decl":{"start":{"line":1,"column":16},"end":{"line":1,"column":22}},"loc":{"start":{"line":1,"column":31},"end":{"line":3,"column":1}},"line":1}},"branchMap":{},"s":{"0":0},"f":{"0":0},"b":{},"hash":"b17e1f48540085e9cab7e5c5247d6abb66cbb946"}
,"C:\\bkit\\gui\\src\\store\\global\\index.js": {"path":"C:\\bkit\\gui\\src\\store\\global\\index.js","statementMap":{},"fnMap":{},"branchMap":{},"s":{},"f":{},"b":{},"hash":"c3c21ba3fe85dd5f16e130a413a15d833c71134d"}
,"C:\\bkit\\gui\\src\\store\\global\\mutations.js": {"path":"C:\\bkit\\gui\\src\\store\\global\\mutations.js","statementMap":{"0":{"start":{"line":2,"column":2},"end":{"line":2,"column":23}}},"fnMap":{"0":{"name":"setServer","decl":{"start":{"line":1,"column":16},"end":{"line":1,"column":25}},"loc":{"start":{"line":1,"column":42},"end":{"line":3,"column":1}},"line":1}},"branchMap":{},"s":{"0":0},"f":{"0":0},"b":{},"hash":"cf718f1d358280e3813ef67564b88f69037ca289"}
,"C:\\bkit\\gui\\src\\store\\global\\state.js": {"path":"C:\\bkit\\gui\\src\\store\\global\\state.js","statementMap":{"0":{"start":{"line":2,"column":2},"end":{"line":4,"column":3}}},"fnMap":{"0":{"name":"(anonymous_0)","decl":{"start":{"line":1,"column":15},"end":{"line":1,"column":16}},"loc":{"start":{"line":1,"column":27},"end":{"line":5,"column":1}},"line":1}},"branchMap":{},"s":{"0":0},"f":{"0":0},"b":{},"hash":"289b5663d3412272ba1fc15e3989c0918bfdf264"}
,"C:\\bkit\\gui\\src\\tests\\quasar.js": {"path":"C:\\bkit\\gui\\src\\tests\\quasar.js","statementMap":{"0":{"start":{"line":2,"column":26},"end":{"line":2,"column":29}},"1":{"start":{"line":4,"column":26},"end":{"line":10,"column":6}},"2":{"start":{"line":5,"column":14},"end":{"line":5,"column":22}},"3":{"start":{"line":6,"column":2},"end":{"line":8,"column":3}},"4":{"start":{"line":7,"column":4},"end":{"line":7,"column":21}},"5":{"start":{"line":9,"column":2},"end":{"line":9,"column":15}}},"fnMap":{"0":{"name":"(anonymous_0)","decl":{"start":{"line":4,"column":50},"end":{"line":4,"column":51}},"loc":{"start":{"line":4,"column":67},"end":{"line":10,"column":1}},"line":4}},"branchMap":{"0":{"loc":{"start":{"line":6,"column":2},"end":{"line":8,"column":3}},"type":"if","locations":[{"start":{"line":6,"column":2},"end":{"line":8,"column":3}},{"start":{"line":6,"column":2},"end":{"line":8,"column":3}}],"line":6},"1":{"loc":{"start":{"line":6,"column":6},"end":{"line":6,"column":56}},"type":"binary-expr","locations":[{"start":{"line":6,"column":6},"end":{"line":6,"column":9}},{"start":{"line":6,"column":13},"end":{"line":6,"column":26}},{"start":{"line":6,"column":30},"end":{"line":6,"column":56}}],"line":6}},"s":{"0":0,"1":0,"2":0,"3":0,"4":0,"5":0},"f":{"0":0},"b":{"0":[0,0],"1":[0,0,0]},"hash":"d46393a75a62bb10099552936c4a4c146266b937"}
}
