TN:
SF:C:\bkit\gui\src-electron\main-process\electron-main.dev.js
FN:12,(anonymous_0)
FN:15,(anonymous_1)
FN:16,(anonymous_2)
FNF:3
FNH:0
FNDA:0,(anonymous_0)
FNDA:0,(anonymous_1)
FNDA:0,(anonymous_2)
DA:9,0
DA:12,0
DA:13,0
DA:14,0
DA:17,0
DA:22,0
LF:6
LH:0
BRF:0
BRH:0
end_of_record
TN:
SF:C:\bkit\gui\src-electron\main-process\electron-main.js
FN:10,(anonymous_0)
FN:32,createWindow
FN:62,(anonymous_2)
FN:69,check4updates
FN:70,(anonymous_4)
FN:87,getUpdates
FN:89,(anonymous_6)
FN:95,(anonymous_7)
FN:96,(anonymous_8)
FN:114,(anonymous_9)
FN:119,(anonymous_10)
FN:186,(anonymous_11)
FN:202,(anonymous_12)
FN:208,(anonymous_13)
FN:214,(anonymous_14)
FN:226,(anonymous_15)
FN:231,(anonymous_16)
FN:239,(anonymous_17)
FN:250,sendStatusToWindow
FNF:19
FNH:0
FNDA:0,(anonymous_0)
FNDA:0,createWindow
FNDA:0,(anonymous_2)
FNDA:0,check4updates
FNDA:0,(anonymous_4)
FNDA:0,getUpdates
FNDA:0,(anonymous_6)
FNDA:0,(anonymous_7)
FNDA:0,(anonymous_8)
FNDA:0,(anonymous_9)
FNDA:0,(anonymous_10)
FNDA:0,(anonymous_11)
FNDA:0,(anonymous_12)
FNDA:0,(anonymous_13)
FNDA:0,(anonymous_14)
FNDA:0,(anonymous_15)
FNDA:0,(anonymous_16)
FNDA:0,(anonymous_17)
FNDA:0,sendStatusToWindow
DA:2,0
DA:3,0
DA:5,0
DA:6,0
DA:7,0
DA:8,0
DA:9,0
DA:10,0
DA:11,0
DA:14,0
DA:16,0
DA:17,0
DA:18,0
DA:26,0
DA:27,0
DA:34,0
DA:35,0
DA:40,0
DA:60,0
DA:62,0
DA:63,0
DA:66,0
DA:70,0
DA:71,0
DA:72,0
DA:73,0
DA:74,0
DA:78,0
DA:81,0
DA:82,0
DA:83,0
DA:84,0
DA:88,0
DA:89,0
DA:90,0
DA:95,0
DA:96,0
DA:98,0
DA:99,0
DA:100,0
DA:101,0
DA:105,0
DA:115,0
DA:120,0
DA:182,0
DA:183,0
DA:186,0
DA:187,0
DA:189,0
DA:190,0
DA:196,0
DA:198,0
DA:199,0
DA:202,0
DA:203,0
DA:204,0
DA:208,0
DA:209,0
DA:210,0
DA:214,0
DA:215,0
DA:218,0
DA:219,0
DA:220,0
DA:222,0
DA:223,0
DA:226,0
DA:227,0
DA:228,0
DA:231,0
DA:232,0
DA:237,0
DA:239,0
DA:240,0
DA:241,0
DA:245,0
DA:251,0
DA:252,0
LF:78
LH:0
BRDA:17,0,0,0
BRDA:17,0,1,0
BRDA:17,1,0,0
BRDA:17,1,1,0
BRDA:26,2,0,0
BRDA:26,2,1,0
BRDA:73,3,0,0
BRDA:73,3,1,0
BRDA:87,4,0,0
BRDA:189,5,0,0
BRDA:189,5,1,0
BRDA:189,6,0,0
BRDA:189,6,1,0
BRDA:196,7,0,0
BRDA:196,7,1,0
BRDA:203,8,0,0
BRDA:203,8,1,0
BRDA:209,9,0,0
BRDA:209,9,1,0
BRDA:220,10,0,0
BRDA:220,10,1,0
BRDA:222,11,0,0
BRDA:222,11,1,0
BRF:23
BRH:0
end_of_record
TN:
SF:C:\bkit\gui\src\boot\i18n.js
FN:13,(anonymous_0)
FNF:1
FNH:0
FNDA:0,(anonymous_0)
DA:5,0
DA:7,0
DA:15,0
LF:3
LH:0
BRF:0
BRH:0
end_of_record
TN:
SF:C:\bkit\gui\src\boot\notify-defaults.js
FN:14,(anonymous_0)
FNF:1
FNH:0
FNDA:0,(anonymous_0)
DA:5,0
DA:16,0
LF:2
LH:0
BRF:0
BRH:0
end_of_record
TN:
SF:C:\bkit\gui\src\components\Job2run.vue
FN:42,data
FN:58,show_task
FN:75,mounted
FNF:3
FNH:0
FNDA:0,data
FNDA:0,show_task
FNDA:0,mounted
DA:37,0
DA:38,0
DA:43,0
DA:58,0
DA:59,0
DA:61,0
DA:63,0
DA:64,0
DA:65,0
DA:66,0
DA:68,0
DA:70,0
DA:71,0
LF:13
LH:0
BRDA:58,0,0,0
BRDA:58,0,1,0
BRDA:58,0,2,0
BRDA:58,0,3,0
BRDA:58,0,4,0
BRDA:58,0,5,0
BRDA:58,0,6,0
BRDA:58,1,0,0
BRDA:58,1,1,0
BRDA:65,2,0,0
BRDA:65,2,1,0
BRF:11
BRH:0
end_of_record
TN:
SF:C:\bkit\gui\src\components\tooltip.vue
FN:15,data
FN:26,mounted
FNF:2
FNH:0
FNDA:0,data
FNDA:0,mounted
DA:16,0
LF:1
LH:0
BRF:0
BRH:0
end_of_record
TN:
SF:C:\bkit\gui\src\helpers\LRU.js
FN:3,(anonymous_0)
FN:13,(anonymous_1)
FN:23,(anonymous_2)
FN:39,(anonymous_3)
FN:47,(anonymous_4)
FN:62,(anonymous_5)
FN:69,(anonymous_6)
FN:89,(anonymous_7)
FN:94,(anonymous_8)
FN:102,(anonymous_9)
FN:113,(anonymous_10)
FNF:11
FNH:0
FNDA:0,(anonymous_0)
FNDA:0,(anonymous_1)
FNDA:0,(anonymous_2)
FNDA:0,(anonymous_3)
FNDA:0,(anonymous_4)
FNDA:0,(anonymous_5)
FNDA:0,(anonymous_6)
FNDA:0,(anonymous_7)
FNDA:0,(anonymous_8)
FNDA:0,(anonymous_9)
FNDA:0,(anonymous_10)
DA:4,0
DA:5,0
DA:6,0
DA:7,0
DA:14,0
DA:15,0
DA:16,0
DA:17,0
DA:18,0
DA:24,0
DA:26,0
DA:27,0
DA:29,0
DA:30,0
DA:31,0
DA:35,0
DA:36,0
DA:40,0
DA:41,0
DA:43,0
DA:48,0
DA:49,0
DA:52,0
DA:54,0
DA:56,0
DA:58,0
DA:63,0
DA:64,0
DA:65,0
DA:70,0
DA:71,0
DA:73,0
DA:74,0
DA:76,0
DA:79,0
DA:80,0
DA:82,0
DA:85,0
DA:86,0
DA:90,0
DA:91,0
DA:95,0
DA:96,0
DA:97,0
DA:98,0
DA:103,0
DA:104,0
DA:105,0
DA:106,0
DA:107,0
DA:108,0
DA:114,0
DA:115,0
DA:116,0
DA:117,0
LF:55
LH:0
BRDA:3,0,0,0
BRDA:3,1,0,0
BRDA:13,2,0,0
BRDA:26,3,0,0
BRDA:26,3,1,0
BRDA:40,4,0,0
BRDA:40,4,1,0
BRDA:48,5,0,0
BRDA:48,5,1,0
BRDA:63,6,0,0
BRDA:63,6,1,0
BRDA:71,7,0,0
BRDA:71,7,1,0
BRDA:73,8,0,0
BRDA:73,8,1,0
BRDA:79,9,0,0
BRDA:79,9,1,0
BRF:17
BRH:0
end_of_record
TN:
SF:C:\bkit\gui\src\helpers\bash.js
FN:9,(anonymous_0)
FN:26,user
FN:30,shell
FN:40,invokeBash
FN:41,(anonymous_4)
FN:52,(anonymous_5)
FN:60,(anonymous_6)
FN:69,(anonymous_7)
FN:78,(anonymous_8)
FN:90,bash
FN:92,(anonymous_10)
FN:93,(anonymous_11)
FN:94,(anonymous_12)
FN:100,asyncInvokeBash
FN:102,(anonymous_14)
FN:103,(anonymous_15)
FN:104,(anonymous_16)
FN:110,killtree
FN:111,(anonymous_18)
FNF:19
FNH:0
FNDA:0,(anonymous_0)
FNDA:0,user
FNDA:0,shell
FNDA:0,invokeBash
FNDA:0,(anonymous_4)
FNDA:0,(anonymous_5)
FNDA:0,(anonymous_6)
FNDA:0,(anonymous_7)
FNDA:0,(anonymous_8)
FNDA:0,bash
FNDA:0,(anonymous_10)
FNDA:0,(anonymous_11)
FNDA:0,(anonymous_12)
FNDA:0,asyncInvokeBash
FNDA:0,(anonymous_14)
FNDA:0,(anonymous_15)
FNDA:0,(anonymous_16)
FNDA:0,killtree
FNDA:0,(anonymous_18)
DA:3,0
DA:4,0
DA:5,0
DA:6,0
DA:7,0
DA:9,0
DA:13,0
DA:14,0
DA:15,0
DA:16,0
DA:17,0
DA:19,0
DA:21,0
DA:24,0
DA:27,0
DA:31,0
DA:36,0
DA:41,0
DA:43,0
DA:45,0
DA:46,0
DA:52,0
DA:53,0
DA:54,0
DA:55,0
DA:58,0
DA:60,0
DA:61,0
DA:62,0
DA:63,0
DA:64,0
DA:65,0
DA:69,0
DA:70,0
DA:72,0
DA:76,0
DA:78,0
DA:79,0
DA:80,0
DA:81,0
DA:82,0
DA:83,0
DA:84,0
DA:87,0
DA:92,0
DA:93,0
DA:94,0
DA:95,0
DA:96,0
DA:101,0
DA:102,0
DA:103,0
DA:104,0
DA:105,0
DA:106,0
DA:111,0
DA:112,0
LF:57
LH:0
BRDA:13,0,0,0
BRDA:13,0,1,0
BRDA:40,1,0,0
BRDA:40,2,0,0
BRDA:43,3,0,0
BRDA:43,4,0,0
BRDA:43,5,0,0
BRDA:43,6,0,0
BRDA:54,7,0,0
BRDA:54,7,1,0
BRDA:62,8,0,0
BRDA:62,8,1,0
BRDA:81,9,0,0
BRDA:81,9,1,0
BRDA:90,10,0,0
BRDA:90,11,0,0
BRDA:92,12,0,0
BRDA:93,13,0,0
BRDA:94,14,0,0
BRDA:100,15,0,0
BRDA:100,16,0,0
BRDA:102,17,0,0
BRF:22
BRH:0
end_of_record
TN:
SF:C:\bkit\gui\src\helpers\bkit.js
FN:7,(anonymous_0)
FN:8,(anonymous_1)
FN:20,enqueue2bash
FN:27,(anonymous_3)
FN:33,listDisksOnBackup
FN:37,listLocalDisks
FN:41,getDiskName
FN:45,getServer
FN:49,changeServer
FN:53,listServers
FN:57,getSize
FN:62,findFiles
FN:66,countFiles
FN:68,(anonymous_13)
FN:69,(anonymous_14)
FN:72,createTask
FN:73,(anonymous_16)
FN:75,(anonymous_17)
FN:77,(anonymous_18)
FN:78,(anonymous_19)
FN:86,_Queue
FN:90,(anonymous_21)
FN:91,(anonymous_22)
FN:93,(anonymous_23)
FN:97,_kit
FN:120,rKit
FN:138,matchLine4rKit
FN:151,(anonymous_27)
FN:161,(anonymous_28)
FN:165,(anonymous_29)
FN:169,(anonymous_30)
FN:173,(anonymous_31)
FN:176,(anonymous_32)
FN:189,bKit
FN:201,matchLine4bKit
FN:223,(anonymous_35)
FN:231,(anonymous_36)
FN:237,(anonymous_37)
FN:241,(anonymous_38)
FN:260,line2entry
FN:274,_listDirs
FN:283,listDirs
FN:284,(anonymous_42)
FN:306,rsync2entry
FN:308,(anonymous_44)
FN:335,_dKit
FN:344,dKit
FN:362,matchVersion
FN:375,_getVersions
FN:383,getVersions
FN:389,listSnaps
FN:390,(anonymous_51)
FN:409,listDir4Snap
FN:416,(anonymous_53)
FN:420,diffList4Snap
FN:432,(anonymous_55)
FN:442,listLastDir
FN:449,(anonymous_57)
FN:453,diffLastDir
FN:465,(anonymous_59)
FN:473,onRsyncLine
FN:474,(anonymous_61)
FN:475,(anonymous_62)
FN:476,(anonymous_63)
FN:477,(anonymous_64)
FN:478,(anonymous_65)
FN:479,(anonymous_66)
FN:480,(anonymous_67)
FN:481,(anonymous_68)
FN:482,(anonymous_69)
FN:490,(anonymous_70)
FN:493,(anonymous_71)
FN:496,(anonymous_72)
FN:499,(anonymous_73)
FN:502,(anonymous_74)
FN:505,(anonymous_75)
FN:521,dkit
FN:521,(anonymous_77)
FN:530,listdirs
FN:530,(anonymous_79)
FN:535,(anonymous_80)
FN:552,getLocalDisks
FN:556,getDisksOnBackup
FN:560,getDisks
FN:563,(anonymous_84)
FNF:85
FNH:0
FNDA:0,(anonymous_0)
FNDA:0,(anonymous_1)
FNDA:0,enqueue2bash
FNDA:0,(anonymous_3)
FNDA:0,listDisksOnBackup
FNDA:0,listLocalDisks
FNDA:0,getDiskName
FNDA:0,getServer
FNDA:0,changeServer
FNDA:0,listServers
FNDA:0,getSize
FNDA:0,findFiles
FNDA:0,countFiles
FNDA:0,(anonymous_13)
FNDA:0,(anonymous_14)
FNDA:0,createTask
FNDA:0,(anonymous_16)
FNDA:0,(anonymous_17)
FNDA:0,(anonymous_18)
FNDA:0,(anonymous_19)
FNDA:0,_Queue
FNDA:0,(anonymous_21)
FNDA:0,(anonymous_22)
FNDA:0,(anonymous_23)
FNDA:0,_kit
FNDA:0,rKit
FNDA:0,matchLine4rKit
FNDA:0,(anonymous_27)
FNDA:0,(anonymous_28)
FNDA:0,(anonymous_29)
FNDA:0,(anonymous_30)
FNDA:0,(anonymous_31)
FNDA:0,(anonymous_32)
FNDA:0,bKit
FNDA:0,matchLine4bKit
FNDA:0,(anonymous_35)
FNDA:0,(anonymous_36)
FNDA:0,(anonymous_37)
FNDA:0,(anonymous_38)
FNDA:0,line2entry
FNDA:0,_listDirs
FNDA:0,listDirs
FNDA:0,(anonymous_42)
FNDA:0,rsync2entry
FNDA:0,(anonymous_44)
FNDA:0,_dKit
FNDA:0,dKit
FNDA:0,matchVersion
FNDA:0,_getVersions
FNDA:0,getVersions
FNDA:0,listSnaps
FNDA:0,(anonymous_51)
FNDA:0,listDir4Snap
FNDA:0,(anonymous_53)
FNDA:0,diffList4Snap
FNDA:0,(anonymous_55)
FNDA:0,listLastDir
FNDA:0,(anonymous_57)
FNDA:0,diffLastDir
FNDA:0,(anonymous_59)
FNDA:0,onRsyncLine
FNDA:0,(anonymous_61)
FNDA:0,(anonymous_62)
FNDA:0,(anonymous_63)
FNDA:0,(anonymous_64)
FNDA:0,(anonymous_65)
FNDA:0,(anonymous_66)
FNDA:0,(anonymous_67)
FNDA:0,(anonymous_68)
FNDA:0,(anonymous_69)
FNDA:0,(anonymous_70)
FNDA:0,(anonymous_71)
FNDA:0,(anonymous_72)
FNDA:0,(anonymous_73)
FNDA:0,(anonymous_74)
FNDA:0,(anonymous_75)
FNDA:0,dkit
FNDA:0,(anonymous_77)
FNDA:0,listdirs
FNDA:0,(anonymous_79)
FNDA:0,(anonymous_80)
FNDA:0,getLocalDisks
FNDA:0,getDisksOnBackup
FNDA:0,getDisks
FNDA:0,(anonymous_84)
DA:6,0
DA:7,0
DA:8,0
DA:14,0
DA:15,0
DA:16,0
DA:21,0
DA:22,0
DA:23,0
DA:25,0
DA:27,0
DA:31,0
DA:34,0
DA:38,0
DA:42,0
DA:46,0
DA:47,0
DA:50,0
DA:51,0
DA:54,0
DA:58,0
DA:59,0
DA:63,0
DA:67,0
DA:68,0
DA:69,0
DA:73,0
DA:74,0
DA:75,0
DA:76,0
DA:77,0
DA:78,0
DA:83,0
DA:84,0
DA:87,0
DA:88,0
DA:89,0
DA:90,0
DA:91,0
DA:93,0
DA:94,0
DA:98,0
DA:106,0
DA:108,0
DA:116,0
DA:121,0
DA:127,0
DA:128,0
DA:146,0
DA:148,0
DA:151,0
DA:161,0
DA:165,0
DA:169,0
DA:173,0
DA:176,0
DA:177,0
DA:178,0
DA:179,0
DA:180,0
DA:181,0
DA:182,0
DA:191,0
DA:192,0
DA:193,0
DA:208,0
DA:210,0
DA:225,0
DA:226,0
DA:231,0
DA:237,0
DA:241,0
DA:242,0
DA:243,0
DA:244,0
DA:245,0
DA:246,0
DA:247,0
DA:252,0
DA:258,0
DA:261,0
DA:262,0
DA:263,0
DA:264,0
DA:265,0
DA:266,0
DA:267,0
DA:268,0
DA:269,0
DA:275,0
DA:276,0
DA:277,0
DA:281,0
DA:284,0
DA:286,0
DA:287,0
DA:288,0
DA:289,0
DA:290,0
DA:292,0
DA:296,0
DA:297,0
DA:298,0
DA:301,0
DA:302,0
DA:304,0
DA:308,0
DA:309,0
DA:310,0
DA:311,0
DA:312,0
DA:314,0
DA:317,0
DA:318,0
DA:319,0
DA:320,0
DA:321,0
DA:322,0
DA:323,0
DA:324,0
DA:325,0
DA:326,0
DA:327,0
DA:328,0
DA:330,0
DA:336,0
DA:337,0
DA:338,0
DA:339,0
DA:342,0
DA:345,0
DA:346,0
DA:348,0
DA:353,0
DA:354,0
DA:355,0
DA:360,0
DA:363,0
DA:364,0
DA:365,0
DA:366,0
DA:367,0
DA:369,0
DA:370,0
DA:376,0
DA:377,0
DA:381,0
DA:384,0
DA:388,0
DA:392,0
DA:393,0
DA:394,0
DA:395,0
DA:396,0
DA:397,0
DA:398,0
DA:406,0
DA:407,0
DA:413,0
DA:414,0
DA:415,0
DA:416,0
DA:417,0
DA:425,0
DA:426,0
DA:427,0
DA:430,0
DA:432,0
DA:433,0
DA:440,0
DA:446,0
DA:447,0
DA:448,0
DA:449,0
DA:450,0
DA:458,0
DA:459,0
DA:460,0
DA:463,0
DA:465,0
DA:466,0
DA:474,0
DA:475,0
DA:476,0
DA:477,0
DA:478,0
DA:479,0
DA:480,0
DA:481,0
DA:482,0
DA:483,0
DA:484,0
DA:485,0
DA:486,0
DA:488,0
DA:490,0
DA:491,0
DA:493,0
DA:494,0
DA:496,0
DA:497,0
DA:499,0
DA:500,0
DA:502,0
DA:503,0
DA:505,0
DA:506,0
DA:507,0
DA:512,0
DA:515,0
DA:521,0
DA:523,0
DA:524,0
DA:526,0
DA:527,0
DA:530,0
DA:531,0
DA:532,0
DA:533,0
DA:536,0
DA:537,0
DA:538,0
DA:539,0
DA:540,0
DA:541,0
DA:542,0
DA:543,0
DA:544,0
DA:553,0
DA:557,0
DA:561,0
DA:564,0
DA:565,0
DA:566,0
DA:567,0
DA:568,0
DA:569,0
DA:570,0
DA:571,0
DA:573,0
DA:575,0
LF:241
LH:0
BRDA:20,0,0,0
BRDA:20,1,0,0
BRDA:20,2,0,0
BRDA:21,3,0,0
BRDA:21,3,1,0
BRDA:34,4,0,0
BRDA:34,4,1,0
BRDA:38,5,0,0
BRDA:38,5,1,0
BRDA:58,6,0,0
BRDA:58,6,1,0
BRDA:86,7,0,0
BRDA:86,8,0,0
BRDA:87,9,0,0
BRDA:97,10,0,0
BRDA:101,11,0,0
BRDA:102,12,0,0
BRDA:103,13,0,0
BRDA:104,14,0,0
BRDA:138,15,0,0
BRDA:140,16,0,0
BRDA:141,17,0,0
BRDA:142,18,0,0
BRDA:143,19,0,0
BRDA:144,20,0,0
BRDA:145,21,0,0
BRDA:180,22,0,0
BRDA:180,22,1,0
BRDA:189,23,0,0
BRDA:191,24,0,0
BRDA:191,25,0,0
BRDA:201,26,0,0
BRDA:203,27,0,0
BRDA:204,28,0,0
BRDA:205,29,0,0
BRDA:206,30,0,0
BRDA:225,31,0,0
BRDA:225,31,1,0
BRDA:245,32,0,0
BRDA:245,32,1,0
BRDA:264,33,0,0
BRDA:264,33,1,0
BRDA:265,34,0,0
BRDA:265,34,1,0
BRDA:265,35,0,0
BRDA:265,35,1,0
BRDA:274,36,0,0
BRDA:289,37,0,0
BRDA:289,37,1,0
BRDA:310,38,0,0
BRDA:310,38,1,0
BRDA:319,39,0,0
BRDA:319,39,1,0
BRDA:321,40,0,0
BRDA:321,40,1,0
BRDA:323,41,0,0
BRDA:323,41,1,0
BRDA:325,42,0,0
BRDA:325,42,1,0
BRDA:327,43,0,0
BRDA:327,43,1,0
BRDA:344,44,0,0
BRDA:344,45,0,0
BRDA:345,46,0,0
BRDA:345,46,1,0
BRDA:366,47,0,0
BRDA:366,47,1,0
BRDA:367,48,0,0
BRDA:367,48,1,0
BRDA:389,49,0,0
BRDA:390,50,0,0
BRDA:395,51,0,0
BRDA:395,51,1,0
BRDA:409,52,0,0
BRDA:410,53,0,0
BRDA:411,54,0,0
BRDA:415,55,0,0
BRDA:415,55,1,0
BRDA:420,56,0,0
BRDA:421,57,0,0
BRDA:422,58,0,0
BRDA:423,59,0,0
BRDA:426,60,0,0
BRDA:426,60,1,0
BRDA:427,61,0,0
BRDA:427,61,1,0
BRDA:442,62,0,0
BRDA:443,63,0,0
BRDA:444,64,0,0
BRDA:448,65,0,0
BRDA:448,65,1,0
BRDA:453,66,0,0
BRDA:454,67,0,0
BRDA:455,68,0,0
BRDA:456,69,0,0
BRDA:459,70,0,0
BRDA:459,70,1,0
BRDA:460,71,0,0
BRDA:460,71,1,0
BRDA:474,72,0,0
BRDA:475,73,0,0
BRDA:476,74,0,0
BRDA:477,75,0,0
BRDA:478,76,0,0
BRDA:479,77,0,0
BRDA:480,78,0,0
BRDA:481,79,0,0
BRDA:484,80,0,0
BRDA:484,80,1,0
BRDA:507,81,0,0
BRDA:507,81,1,0
BRDA:507,82,0,0
BRDA:507,82,1,0
BRDA:507,82,2,0
BRDA:507,82,3,0
BRDA:507,82,4,0
BRDA:521,83,0,0
BRDA:530,84,0,0
BRDA:538,85,0,0
BRDA:538,85,1,0
BRDA:539,86,0,0
BRDA:539,86,1,0
BRDA:539,87,0,0
BRDA:539,87,1,0
BRDA:567,88,0,0
BRDA:567,88,1,0
BRDA:569,89,0,0
BRDA:569,89,1,0
BRDA:570,90,0,0
BRDA:570,90,1,0
BRF:130
BRH:0
end_of_record
TN:
SF:C:\bkit\gui\src\helpers\chockidar.js
FNF:0
FNH:0
DA:1,0
DA:2,0
LF:2
LH:0
BRF:0
BRH:0
end_of_record
TN:
SF:C:\bkit\gui\src\helpers\notify.js
FN:3,warn
FNF:1
FNH:0
FNDA:0,warn
DA:4,0
DA:5,0
DA:11,0
LF:3
LH:0
BRDA:3,0,0,0
BRDA:4,1,0,0
BRDA:4,1,1,0
BRF:3
BRH:0
end_of_record
TN:
SF:C:\bkit\gui\src\helpers\proxy.js
FN:4,(anonymous_0)
FN:8,deepFreeze
FN:29,(anonymous_2)
FN:43,proxyIt
FN:48,(anonymous_4)
FN:50,(anonymous_5)
FN:82,exclusiveProxy
FNF:7
FNH:0
FNDA:0,(anonymous_0)
FNDA:0,deepFreeze
FNDA:0,(anonymous_2)
FNDA:0,proxyIt
FNDA:0,(anonymous_4)
FNDA:0,(anonymous_5)
FNDA:0,exclusiveProxy
DA:4,0
DA:6,0
DA:10,0
DA:14,0
DA:15,0
DA:17,0
DA:18,0
DA:22,0
DA:30,0
DA:31,0
DA:32,0
DA:39,0
DA:41,0
DA:44,0
DA:45,0
DA:47,0
DA:50,0
DA:52,0
DA:53,0
DA:56,0
DA:58,0
DA:59,0
DA:60,0
DA:63,0
DA:64,0
DA:65,0
DA:66,0
DA:68,0
DA:69,0
DA:70,0
DA:71,0
DA:72,0
DA:73,0
DA:75,0
DA:83,0
DA:84,0
LF:36
LH:0
BRDA:17,0,0,0
BRDA:17,0,1,0
BRDA:17,1,0,0
BRDA:17,1,1,0
BRDA:43,2,0,0
BRDA:43,3,0,0
BRDA:44,4,0,0
BRDA:44,4,1,0
BRDA:52,5,0,0
BRDA:52,5,1,0
BRDA:58,6,0,0
BRDA:58,6,1,0
BRDA:64,7,0,0
BRDA:64,7,1,0
BRDA:82,8,0,0
BRDA:82,9,0,0
BRF:16
BRH:0
end_of_record
TN:
SF:C:\bkit\gui\src\helpers\queue.js
FN:3,(anonymous_0)
FN:9,(anonymous_1)
FN:10,(anonymous_2)
FN:16,(anonymous_3)
FN:29,(anonymous_4)
FN:40,(anonymous_5)
FN:41,(anonymous_6)
FN:44,(anonymous_7)
FN:48,(anonymous_8)
FN:52,(anonymous_9)
FN:62,(anonymous_10)
FN:63,(anonymous_11)
FN:67,(anonymous_12)
FN:76,(anonymous_13)
FN:79,(anonymous_14)
FN:82,(anonymous_15)
FN:85,(anonymous_16)
FN:90,(anonymous_17)
FN:91,(anonymous_18)
FN:92,(anonymous_19)
FN:100,(anonymous_20)
FNF:21
FNH:0
FNDA:0,(anonymous_0)
FNDA:0,(anonymous_1)
FNDA:0,(anonymous_2)
FNDA:0,(anonymous_3)
FNDA:0,(anonymous_4)
FNDA:0,(anonymous_5)
FNDA:0,(anonymous_6)
FNDA:0,(anonymous_7)
FNDA:0,(anonymous_8)
FNDA:0,(anonymous_9)
FNDA:0,(anonymous_10)
FNDA:0,(anonymous_11)
FNDA:0,(anonymous_12)
FNDA:0,(anonymous_13)
FNDA:0,(anonymous_14)
FNDA:0,(anonymous_15)
FNDA:0,(anonymous_16)
FNDA:0,(anonymous_17)
FNDA:0,(anonymous_18)
FNDA:0,(anonymous_19)
FNDA:0,(anonymous_20)
DA:4,0
DA:5,0
DA:6,0
DA:10,0
DA:11,0
DA:12,0
DA:17,0
DA:18,0
DA:19,0
DA:20,0
DA:21,0
DA:22,0
DA:23,0
DA:26,0
DA:30,0
DA:31,0
DA:32,0
DA:33,0
DA:34,0
DA:37,0
DA:41,0
DA:45,0
DA:49,0
DA:53,0
DA:54,0
DA:56,0
DA:57,0
DA:58,0
DA:60,0
DA:61,0
DA:62,0
DA:64,0
DA:65,0
DA:68,0
DA:69,0
DA:71,0
DA:77,0
DA:79,0
DA:83,0
DA:85,0
DA:91,0
DA:92,0
DA:93,0
DA:94,0
DA:101,0
DA:102,0
LF:46
LH:0
BRDA:3,0,0,0
BRDA:9,1,0,0
BRDA:17,2,0,0
BRDA:17,2,1,0
BRDA:21,3,0,0
BRDA:21,3,1,0
BRDA:30,4,0,0
BRDA:30,4,1,0
BRDA:33,5,0,0
BRDA:33,5,1,0
BRDA:53,6,0,0
BRDA:53,6,1,0
BRDA:57,7,0,0
BRDA:57,7,1,0
BRF:14
BRH:0
end_of_record
TN:
SF:C:\bkit\gui\src\helpers\readfs.js
FN:5,readdir
FN:42,readfile
FN:43,(anonymous_2)
FNF:3
FNH:0
FNDA:0,readdir
FNDA:0,readfile
FNDA:0,(anonymous_2)
DA:3,0
DA:4,0
DA:6,0
DA:7,0
DA:8,0
DA:9,0
DA:10,0
DA:11,0
DA:12,0
DA:13,0
DA:14,0
DA:15,0
DA:16,0
DA:25,0
DA:29,0
DA:30,0
DA:39,0
DA:43,0
DA:44,0
DA:45,0
LF:20
LH:0
BRDA:9,0,0,0
BRDA:9,0,1,0
BRDA:44,1,0,0
BRDA:44,1,1,0
BRF:4
BRH:0
end_of_record
TN:
SF:C:\bkit\gui\src\helpers\types.js
FN:2,(anonymous_0)
FNF:1
FNH:0
FNDA:0,(anonymous_0)
DA:3,0
DA:4,0
DA:5,0
DA:6,0
DA:7,0
DA:8,0
LF:6
LH:0
BRDA:2,0,0,0
BRDA:2,1,0,0
BRDA:2,2,0,0
BRF:3
BRH:0
end_of_record
TN:
SF:C:\bkit\gui\src\helpers\utils.js
FN:1,(anonymous_0)
FNF:1
FNH:0
FNDA:0,(anonymous_0)
DA:1,0
DA:2,0
DA:3,0
DA:4,0
DA:5,0
DA:7,0
DA:8,0
DA:9,0
DA:10,0
DA:11,0
LF:10
LH:0
BRDA:1,0,0,0
BRDA:7,1,0,0
BRDA:7,1,1,0
BRDA:8,2,0,0
BRDA:8,2,1,0
BRDA:9,3,0,0
BRDA:9,3,1,0
BRDA:10,4,0,0
BRDA:10,4,1,0
BRF:9
BRH:0
end_of_record
TN:
SF:C:\bkit\gui\src\i18n\index.js
FNF:0
FNH:0
LF:0
LH:0
BRF:0
BRH:0
end_of_record
TN:
SF:C:\bkit\gui\src\i18n\en-us\index.js
FNF:0
FNH:0
LF:0
LH:0
BRF:0
BRH:0
end_of_record
TN:
SF:C:\bkit\gui\src\layouts\MainLayout.vue
FN:113,(anonymous_1)
FN:121,data
FN:131,get
FN:134,set
FN:139,mounted
FN:143,getServer
FN:144,(anonymous_7)
FN:149,terminal
FN:152,debug
FNF:9
FNH:0
FNDA:0,(anonymous_1)
FNDA:0,data
FNDA:0,get
FNDA:0,set
FNDA:0,mounted
FNDA:0,getServer
FNDA:0,(anonymous_7)
FNDA:0,terminal
FNDA:0,debug
DA:108,0
DA:110,0
DA:111,0
DA:113,0
DA:114,0
DA:115,0
DA:122,0
DA:132,0
DA:135,0
DA:140,0
DA:143,0
DA:144,0
DA:146,0
DA:150,0
DA:153,0
LF:15
LH:0
BRF:0
BRH:0
end_of_record
TN:
SF:C:\bkit\gui\src\pages\HomePage.vue
FN:11,go
FN:15,mounted
FNF:2
FNH:0
FNDA:0,go
FNDA:0,mounted
DA:12,0
DA:16,0
LF:2
LH:0
BRF:0
BRH:0
end_of_record
TN:
SF:C:\bkit\gui\src\pages\Servers.vue
FN:58,data
FN:69,current
FN:74,color
FN:77,change
FN:78,(anonymous_5)
FN:81,add
FN:85,(anonymous_7)
FN:86,(anonymous_8)
FN:90,(anonymous_9)
FN:95,reload
FN:97,(anonymous_11)
FN:102,(anonymous_12)
FN:107,(anonymous_13)
FN:111,mounted
FNF:14
FNH:0
FNDA:0,data
FNDA:0,current
FNDA:0,color
FNDA:0,change
FNDA:0,(anonymous_5)
FNDA:0,add
FNDA:0,(anonymous_7)
FNDA:0,(anonymous_8)
FNDA:0,(anonymous_9)
FNDA:0,reload
FNDA:0,(anonymous_11)
FNDA:0,(anonymous_12)
FNDA:0,(anonymous_13)
FNDA:0,mounted
DA:53,0
DA:54,0
DA:59,0
DA:70,0
DA:75,0
DA:77,0
DA:78,0
DA:79,0
DA:81,0
DA:82,0
DA:83,0
DA:84,0
DA:85,0
DA:86,0
DA:88,0
DA:89,0
DA:92,0
DA:95,0
DA:96,0
DA:97,0
DA:99,0
DA:102,0
DA:104,0
DA:105,0
DA:107,0
DA:108,0
DA:112,0
LF:27
LH:0
BRDA:70,0,0,0
BRDA:70,0,1,0
BRDA:75,1,0,0
BRDA:75,1,1,0
BRDA:82,2,0,0
BRDA:82,2,1,0
BRF:6
BRH:0
end_of_record
TN:
SF:C:\bkit\gui\src\pages\backup\BackupPage.vue
FN:87,data
FN:101,get
FN:109,set
FN:113,server
FN:118,server
FN:129,color
FN:136,badge
FN:143,diskname
FN:153,getDisksOnBackup
FN:158,(anonymous_28)
FN:167,getLocalDisks
FN:177,restore
FN:181,recover
FN:185,backup
FN:188,destroy_restore
FN:191,destroy_backup
FN:195,load
FN:202,mounted
FNF:18
FNH:0
FNDA:0,data
FNDA:0,get
FNDA:0,set
FNDA:0,server
FNDA:0,server
FNDA:0,color
FNDA:0,badge
FNDA:0,diskname
FNDA:0,getDisksOnBackup
FNDA:0,(anonymous_28)
FNDA:0,getLocalDisks
FNDA:0,restore
FNDA:0,recover
FNDA:0,backup
FNDA:0,destroy_restore
FNDA:0,destroy_backup
FNDA:0,load
FNDA:0,mounted
DA:80,0
DA:81,0
DA:82,0
DA:83,0
DA:88,0
DA:102,0
DA:103,0
DA:105,0
DA:107,0
DA:110,0
DA:114,0
DA:119,0
DA:120,0
DA:130,0
DA:131,0
DA:132,0
DA:133,0
DA:134,0
DA:137,0
DA:138,0
DA:139,0
DA:140,0
DA:141,0
DA:144,0
DA:145,0
DA:146,0
DA:147,0
DA:148,0
DA:149,0
DA:150,0
DA:151,0
DA:153,0
DA:154,0
DA:155,0
DA:156,0
DA:158,0
DA:159,0
DA:160,0
DA:161,0
DA:163,0
DA:167,0
DA:168,0
DA:169,0
DA:170,0
DA:171,0
DA:173,0
DA:174,0
DA:179,0
DA:183,0
DA:186,0
DA:189,0
DA:192,0
DA:193,0
DA:195,0
DA:196,0
DA:199,0
DA:203,0
LF:57
LH:0
BRDA:103,0,0,0
BRDA:103,0,1,0
BRDA:130,1,0,0
BRDA:130,1,1,0
BRDA:132,2,0,0
BRDA:132,2,1,0
BRDA:137,3,0,0
BRDA:137,3,1,0
BRDA:139,4,0,0
BRDA:139,4,1,0
BRDA:145,5,0,0
BRDA:145,5,1,0
BRDA:145,6,0,0
BRDA:145,6,1,0
BRDA:145,6,2,0
BRDA:145,6,3,0
BRDA:147,7,0,0
BRDA:147,7,1,0
BRDA:147,8,0,0
BRDA:147,8,1,0
BRDA:149,9,0,0
BRDA:149,9,1,0
BRDA:149,10,0,0
BRDA:149,10,1,0
BRDA:153,11,0,0
BRDA:153,11,1,0
BRDA:153,11,2,0
BRDA:153,11,3,0
BRDA:153,11,4,0
BRDA:153,12,0,0
BRDA:153,12,1,0
BRDA:158,13,0,0
BRDA:158,13,1,0
BRDA:159,14,0,0
BRDA:159,14,1,0
BRDA:167,15,0,0
BRDA:167,15,1,0
BRDA:167,15,2,0
BRDA:167,15,3,0
BRDA:167,15,4,0
BRDA:167,16,0,0
BRDA:167,16,1,0
BRDA:195,17,0,0
BRDA:195,17,1,0
BRDA:195,17,2,0
BRDA:195,17,3,0
BRDA:195,17,4,0
BRF:47
BRH:0
end_of_record
TN:
SF:C:\bkit\gui\src\pages\backup\components\Backup.vue
FN:53,Counter
FN:67,data
FN:89,dequeued
FN:95,isRunning
FN:98,isDone
FN:101,isCanceled
FN:104,onQueue
FN:107,isCancelable
FN:110,isDryRun
FN:113,isDismissible
FN:127,_default
FN:132,cancel
FN:134,(anonymous_15)
FN:135,(anonymous_16)
FN:146,sent
FN:180,backup
FN:186,newphase
FN:193,done
FN:199,start
FN:204,enqueued
FN:208,oncespawn
FN:211,stderr
FN:183,(anonymous_27)
FN:220,(anonymous_28)
FN:223,(anonymous_29)
FN:228,mounted
FN:231,beforeUpdate
FN:234,beforeDestroy
FNF:28
FNH:0
FNDA:0,Counter
FNDA:0,data
FNDA:0,dequeued
FNDA:0,isRunning
FNDA:0,isDone
FNDA:0,isCanceled
FNDA:0,onQueue
FNDA:0,isCancelable
FNDA:0,isDryRun
FNDA:0,isDismissible
FNDA:0,_default
FNDA:0,cancel
FNDA:0,(anonymous_15)
FNDA:0,(anonymous_16)
FNDA:0,sent
FNDA:0,backup
FNDA:0,newphase
FNDA:0,done
FNDA:0,start
FNDA:0,enqueued
FNDA:0,oncespawn
FNDA:0,stderr
FNDA:0,(anonymous_27)
FNDA:0,(anonymous_28)
FNDA:0,(anonymous_29)
FNDA:0,mounted
FNDA:0,beforeUpdate
FNDA:0,beforeDestroy
DA:47,0
DA:48,0
DA:49,0
DA:50,0
DA:53,0
DA:54,0
DA:55,0
DA:56,0
DA:59,0
DA:60,0
DA:61,0
DA:68,0
DA:89,0
DA:96,0
DA:99,0
DA:102,0
DA:105,0
DA:108,0
DA:111,0
DA:114,0
DA:127,0
DA:132,0
DA:133,0
DA:134,0
DA:135,0
DA:136,0
DA:139,0
DA:140,0
DA:141,0
DA:144,0
DA:150,0
DA:151,0
DA:152,0
DA:153,0
DA:154,0
DA:155,0
DA:156,0
DA:157,0
DA:158,0
DA:159,0
DA:160,0
DA:161,0
DA:162,0
DA:163,0
DA:164,0
DA:165,0
DA:166,0
DA:168,0
DA:169,0
DA:170,0
DA:171,0
DA:172,0
DA:173,0
DA:174,0
DA:175,0
DA:177,0
DA:180,0
DA:181,0
DA:186,0
DA:187,0
DA:188,0
DA:189,0
DA:190,0
DA:191,0
DA:194,0
DA:195,0
DA:196,0
DA:197,0
DA:199,0
DA:200,0
DA:201,0
DA:202,0
DA:205,0
DA:206,0
DA:209,0
DA:212,0
DA:213,0
DA:214,0
DA:217,0
DA:218,0
DA:219,0
DA:221,0
DA:222,0
DA:224,0
DA:229,0
LF:85
LH:0
BRDA:108,0,0,0
BRDA:108,0,1,0
BRDA:114,1,0,0
BRDA:114,1,1,0
BRDA:133,2,0,0
BRDA:133,2,1,0
BRDA:139,3,0,0
BRDA:139,3,1,0
BRDA:139,4,0,0
BRDA:139,4,1,0
BRDA:155,5,0,0
BRDA:155,5,1,0
BRDA:157,6,0,0
BRDA:157,6,1,0
BRDA:159,7,0,0
BRDA:159,7,1,0
BRDA:160,8,0,0
BRDA:160,8,1,0
BRDA:162,9,0,0
BRDA:162,9,1,0
BRDA:163,10,0,0
BRDA:163,10,1,0
BRDA:165,11,0,0
BRDA:165,11,1,0
BRDA:168,12,0,0
BRDA:168,12,1,0
BRDA:170,13,0,0
BRDA:170,13,1,0
BRDA:172,14,0,0
BRDA:172,14,1,0
BRDA:174,15,0,0
BRDA:174,15,1,0
BRDA:180,16,0,0
BRDA:180,16,1,0
BRDA:180,16,2,0
BRF:35
BRH:0
end_of_record
TN:
SF:C:\bkit\gui\src\pages\backup\components\Explorer.vue
FN:83,comparenames
FN:88,compare
FN:102,unixPath
FN:113,data
FN:143,root
FN:149,isReady2Show
FN:152,steps
FN:156,drive
FN:159,token
FN:165,token
FN:171,handler
FN:180,(anonymous_19)
FN:188,snap
FN:192,mounted
FN:197,usesnap
FN:200,stepto
FN:205,show
FN:208,updateCurrentFiles
FN:211,(anonymous_26)
FN:220,cleanup
FN:228,markFiltered
FN:229,(anonymous_29)
FN:234,load
FN:244,refresh
FN:252,comparedir
FN:257,(anonymous_40)
FN:259,(anonymous_41)
FN:266,(anonymous_42)
FN:273,(anonymous_43)
FN:276,readDirOnBackup
FN:293,(anonymous_49)
FN:298,(anonymous_50)
FN:305,(anonymous_51)
FN:308,backup
FN:309,(anonymous_53)
FN:318,restore
FN:323,recover
FN:326,(anonymous_56)
FN:339,(anonymous_57)
FN:342,(anonymous_58)
FNF:40
FNH:0
FNDA:0,comparenames
FNDA:0,compare
FNDA:0,unixPath
FNDA:0,data
FNDA:0,root
FNDA:0,isReady2Show
FNDA:0,steps
FNDA:0,drive
FNDA:0,token
FNDA:0,token
FNDA:0,handler
FNDA:0,(anonymous_19)
FNDA:0,snap
FNDA:0,mounted
FNDA:0,usesnap
FNDA:0,stepto
FNDA:0,show
FNDA:0,updateCurrentFiles
FNDA:0,(anonymous_26)
FNDA:0,cleanup
FNDA:0,markFiltered
FNDA:0,(anonymous_29)
FNDA:0,load
FNDA:0,refresh
FNDA:0,comparedir
FNDA:0,(anonymous_40)
FNDA:0,(anonymous_41)
FNDA:0,(anonymous_42)
FNDA:0,(anonymous_43)
FNDA:0,readDirOnBackup
FNDA:0,(anonymous_49)
FNDA:0,(anonymous_50)
FNDA:0,(anonymous_51)
FNDA:0,backup
FNDA:0,(anonymous_53)
FNDA:0,restore
FNDA:0,recover
FNDA:0,(anonymous_56)
FNDA:0,(anonymous_57)
FNDA:0,(anonymous_58)
DA:72,0
DA:73,0
DA:75,0
DA:76,0
DA:77,0
DA:80,0
DA:81,0
DA:84,0
DA:85,0
DA:86,0
DA:89,0
DA:95,0
DA:102,0
DA:103,0
DA:104,0
DA:105,0
DA:109,0
DA:114,0
DA:143,0
DA:145,0
DA:146,0
DA:147,0
DA:150,0
DA:153,0
DA:154,0
DA:157,0
DA:161,0
DA:166,0
DA:167,0
DA:171,0
DA:172,0
DA:176,0
DA:178,0
DA:180,0
DA:181,0
DA:182,0
DA:183,0
DA:198,0
DA:201,0
DA:202,0
DA:203,0
DA:206,0
DA:209,0
DA:210,0
DA:211,0
DA:212,0
DA:213,0
DA:214,0
DA:216,0
DA:218,0
DA:221,0
DA:222,0
DA:223,0
DA:224,0
DA:229,0
DA:230,0
DA:231,0
DA:234,0
DA:236,0
DA:237,0
DA:238,0
DA:240,0
DA:242,0
DA:244,0
DA:249,0
DA:250,0
DA:252,0
DA:253,0
DA:255,0
DA:256,0
DA:259,0
DA:261,0
DA:262,0
DA:263,0
DA:265,0
DA:268,0
DA:269,0
DA:271,0
DA:274,0
DA:276,0
DA:277,0
DA:282,0
DA:287,0
DA:289,0
DA:293,0
DA:294,0
DA:295,0
DA:296,0
DA:300,0
DA:301,0
DA:303,0
DA:306,0
DA:308,0
DA:309,0
DA:310,0
DA:311,0
DA:312,0
DA:318,0
DA:320,0
DA:321,0
DA:323,0
DA:325,0
DA:326,0
DA:332,0
DA:333,0
DA:334,0
DA:335,0
DA:336,0
DA:340,0
DA:341,0
LF:110
LH:0
BRDA:84,0,0,0
BRDA:84,0,1,0
BRDA:85,1,0,0
BRDA:85,1,1,0
BRDA:89,2,0,0
BRDA:89,2,1,0
BRDA:103,3,0,0
BRDA:103,3,1,0
BRDA:109,4,0,0
BRDA:109,4,1,0
BRDA:150,5,0,0
BRDA:150,5,1,0
BRDA:154,6,0,0
BRDA:154,6,1,0
BRDA:166,7,0,0
BRDA:166,7,1,0
BRDA:171,8,0,0
BRDA:171,8,1,0
BRDA:171,8,2,0
BRDA:171,8,3,0
BRDA:171,8,4,0
BRDA:171,8,5,0
BRDA:171,9,0,0
BRDA:171,9,1,0
BRDA:212,10,0,0
BRDA:212,10,1,0
BRDA:213,11,0,0
BRDA:213,11,1,0
BRDA:223,12,0,0
BRDA:223,12,1,0
BRDA:234,13,0,0
BRDA:234,13,1,0
BRDA:234,13,2,0
BRDA:234,13,3,0
BRDA:234,13,4,0
BRDA:234,13,5,0
BRDA:234,13,6,0
BRDA:234,13,7,0
BRDA:234,13,8,0
BRDA:234,13,9,0
BRDA:234,13,10,0
BRDA:234,13,11,0
BRDA:234,13,12,0
BRDA:234,13,13,0
BRDA:234,13,14,0
BRDA:234,14,0,0
BRDA:234,14,1,0
BRDA:240,15,0,0
BRDA:240,15,1,0
BRDA:244,16,0,0
BRDA:244,16,1,0
BRDA:244,16,2,0
BRDA:244,16,3,0
BRDA:244,16,4,0
BRDA:244,16,5,0
BRDA:244,16,6,0
BRDA:244,17,0,0
BRDA:244,17,1,0
BRDA:252,18,0,0
BRDA:252,18,1,0
BRDA:252,18,2,0
BRDA:252,18,3,0
BRDA:252,19,0,0
BRDA:252,19,1,0
BRDA:252,20,0,0
BRDA:252,20,1,0
BRDA:252,20,2,0
BRDA:252,20,3,0
BRDA:261,21,0,0
BRDA:261,21,1,0
BRDA:263,22,0,0
BRDA:263,22,1,0
BRDA:268,23,0,0
BRDA:268,23,1,0
BRDA:268,24,0,0
BRDA:268,24,1,0
BRDA:276,25,0,0
BRDA:276,25,1,0
BRDA:276,25,2,0
BRDA:276,25,3,0
BRDA:276,26,0,0
BRDA:276,26,1,0
BRDA:276,27,0,0
BRDA:276,27,1,0
BRDA:276,27,2,0
BRDA:296,28,0,0
BRDA:296,28,1,0
BRDA:300,29,0,0
BRDA:300,29,1,0
BRDA:300,30,0,0
BRDA:300,30,1,0
BRDA:311,31,0,0
BRDA:311,31,1,0
BRDA:320,32,0,0
BRDA:320,32,1,0
BRDA:332,33,0,0
BRDA:332,33,1,0
BRDA:334,34,0,0
BRDA:334,34,1,0
BRF:99
BRH:0
end_of_record
TN:
SF:C:\bkit\gui\src\pages\backup\components\Restore.vue
FN:82,isDryRun
FN:85,data
FN:106,dequeued
FN:114,path
FN:117,isRunning
FN:120,isDone
FN:123,isCanceled
FN:126,isDismissible
FN:129,onQueue
FN:132,isCancelable
FN:135,filespercent
FN:138,sizepercent
FN:141,isDryRun
FN:152,_default
FN:157,cancel
FN:159,(anonymous_16)
FN:163,(anonymous_17)
FN:172,destroy
FN:176,restore
FN:185,enqueued
FN:189,onstart
FN:194,oncespawn
FN:197,stderr
FN:202,onfinish
FN:205,onrecvfile
FN:211,onprogress
FN:217,ontotalfiles
FN:218,ontotalsize
FN:184,(anonymous_29)
FN:223,(anonymous_30)
FN:226,(anonymous_31)
FN:231,mounted
FN:234,beforeDestroy
FNF:33
FNH:0
FNDA:0,isDryRun
FNDA:0,data
FNDA:0,dequeued
FNDA:0,path
FNDA:0,isRunning
FNDA:0,isDone
FNDA:0,isCanceled
FNDA:0,isDismissible
FNDA:0,onQueue
FNDA:0,isCancelable
FNDA:0,filespercent
FNDA:0,sizepercent
FNDA:0,isDryRun
FNDA:0,_default
FNDA:0,cancel
FNDA:0,(anonymous_16)
FNDA:0,(anonymous_17)
FNDA:0,destroy
FNDA:0,restore
FNDA:0,enqueued
FNDA:0,onstart
FNDA:0,oncespawn
FNDA:0,stderr
FNDA:0,onfinish
FNDA:0,onrecvfile
FNDA:0,onprogress
FNDA:0,ontotalfiles
FNDA:0,ontotalsize
FNDA:0,(anonymous_29)
FNDA:0,(anonymous_30)
FNDA:0,(anonymous_31)
FNDA:0,mounted
FNDA:0,beforeDestroy
DA:75,0
DA:76,0
DA:77,0
DA:78,0
DA:80,0
DA:82,0
DA:86,0
DA:106,0
DA:115,0
DA:118,0
DA:121,0
DA:124,0
DA:127,0
DA:130,0
DA:133,0
DA:136,0
DA:139,0
DA:142,0
DA:152,0
DA:157,0
DA:158,0
DA:159,0
DA:161,0
DA:162,0
DA:164,0
DA:167,0
DA:168,0
DA:169,0
DA:174,0
DA:176,0
DA:177,0
DA:178,0
DA:180,0
DA:184,0
DA:186,0
DA:187,0
DA:189,0
DA:190,0
DA:191,0
DA:192,0
DA:195,0
DA:198,0
DA:199,0
DA:200,0
DA:203,0
DA:205,0
DA:206,0
DA:207,0
DA:208,0
DA:209,0
DA:211,0
DA:212,0
DA:213,0
DA:214,0
DA:215,0
DA:217,0
DA:218,0
DA:220,0
DA:221,0
DA:222,0
DA:224,0
DA:225,0
DA:227,0
DA:232,0
LF:64
LH:0
BRDA:127,0,0,0
BRDA:127,0,1,0
BRDA:133,1,0,0
BRDA:133,1,1,0
BRDA:136,2,0,0
BRDA:136,2,1,0
BRDA:142,3,0,0
BRDA:142,3,1,0
BRDA:158,4,0,0
BRDA:158,4,1,0
BRDA:167,5,0,0
BRDA:167,5,1,0
BRDA:167,6,0,0
BRDA:167,6,1,0
BRF:14
BRH:0
end_of_record
TN:
SF:C:\bkit\gui\src\pages\backup\components\Snaps.vue
FN:43,data
FN:61,get
FN:62,set
FN:64,isEmpty
FN:69,rvid
FN:74,select
FN:81,load_snaps
FN:85,reload
FN:88,onreadline
FN:89,(anonymous_10)
FN:87,(anonymous_11)
FN:102,mounted
FNF:12
FNH:0
FNDA:0,data
FNDA:0,get
FNDA:0,set
FNDA:0,isEmpty
FNDA:0,rvid
FNDA:0,select
FNDA:0,load_snaps
FNDA:0,reload
FNDA:0,onreadline
FNDA:0,(anonymous_10)
FNDA:0,(anonymous_11)
FNDA:0,mounted
DA:34,0
DA:35,0
DA:36,0
DA:37,0
DA:38,0
DA:39,0
DA:40,0
DA:44,0
DA:61,0
DA:62,0
DA:65,0
DA:70,0
DA:75,0
DA:76,0
DA:78,0
DA:82,0
DA:83,0
DA:85,0
DA:86,0
DA:87,0
DA:89,0
DA:90,0
DA:96,0
DA:97,0
DA:98,0
DA:103,0
LF:26
LH:0
BRDA:75,0,0,0
BRDA:75,0,1,0
BRDA:89,1,0,0
BRDA:89,1,1,0
BRF:4
BRH:0
end_of_record
TN:
SF:C:\bkit\gui\src\pages\backup\components\item.vue
FN:124,data
FN:134,color
FN:135,description
FN:136,hasbackup
FN:137,wasdeleted
FN:138,isUpdate
FN:139,unchecked
FN:140,hasversions
FN:141,status
FN:159,isBackupable
FN:160,isRestorable
FN:178,_default
FN:184,open
FN:188,onVersionClick
FN:192,getVersions
FN:199,(anonymous_18)
FN:207,restore
FN:210,recover
FN:213,backup
FN:216,debug
FN:220,mounted
FNF:21
FNH:0
FNDA:0,data
FNDA:0,color
FNDA:0,description
FNDA:0,hasbackup
FNDA:0,wasdeleted
FNDA:0,isUpdate
FNDA:0,unchecked
FNDA:0,hasversions
FNDA:0,status
FNDA:0,isBackupable
FNDA:0,isRestorable
FNDA:0,_default
FNDA:0,open
FNDA:0,onVersionClick
FNDA:0,getVersions
FNDA:0,(anonymous_18)
FNDA:0,restore
FNDA:0,recover
FNDA:0,backup
FNDA:0,debug
FNDA:0,mounted
DA:93,0
DA:94,0
DA:96,0
DA:98,0
DA:99,0
DA:100,0
DA:104,0
DA:113,0
DA:125,0
DA:134,0
DA:135,0
DA:136,0
DA:137,0
DA:138,0
DA:139,0
DA:140,0
DA:142,0
DA:143,0
DA:144,0
DA:145,0
DA:146,0
DA:147,0
DA:148,0
DA:149,0
DA:150,0
DA:151,0
DA:152,0
DA:153,0
DA:154,0
DA:155,0
DA:157,0
DA:159,0
DA:160,0
DA:179,0
DA:185,0
DA:186,0
DA:189,0
DA:190,0
DA:192,0
DA:193,0
DA:194,0
DA:197,0
DA:199,0
DA:201,0
DA:203,0
DA:204,0
DA:208,0
DA:211,0
DA:214,0
DA:217,0
LF:50
LH:0
BRDA:136,0,0,0
BRDA:136,0,1,0
BRDA:137,1,0,0
BRDA:137,1,1,0
BRDA:137,1,2,0
BRDA:138,2,0,0
BRDA:138,2,1,0
BRDA:138,2,2,0
BRDA:138,2,3,0
BRDA:142,3,0,0
BRDA:142,3,1,0
BRDA:144,4,0,0
BRDA:144,4,1,0
BRDA:146,5,0,0
BRDA:146,5,1,0
BRDA:148,6,0,0
BRDA:148,6,1,0
BRDA:150,7,0,0
BRDA:150,7,1,0
BRDA:152,8,0,0
BRDA:152,8,1,0
BRDA:154,9,0,0
BRDA:154,9,1,0
BRDA:159,10,0,0
BRDA:159,10,1,0
BRDA:159,10,2,0
BRDA:160,11,0,0
BRDA:160,11,1,0
BRDA:160,11,2,0
BRDA:160,11,3,0
BRDA:192,12,0,0
BRDA:192,12,1,0
BRDA:192,12,2,0
BRDA:192,12,3,0
BRDA:192,12,4,0
BRDA:192,12,5,0
BRF:36
BRH:0
end_of_record
TN:
SF:C:\bkit\gui\src\pages\backup\components\tree.vue
FN:97,comparenames
FN:102,compare
FN:110,isChecked
FN:111,isNotChecked
FN:117,data
FN:154,folders
FN:155,(anonymous_12)
FN:157,files
FN:158,(anonymous_14)
FN:161,get
FN:164,set
FN:168,isSelected
FN:172,get
FN:175,set
FN:179,isloading
FN:182,isdir
FN:185,isroot
FN:188,path
FN:191,name
FN:194,leaf
FN:197,isOpen
FN:200,onbackup
FN:203,onlocal
FN:206,wasdeleted
FN:207,isfiltered
FN:208,isnew
FN:209,wasmodified
FN:210,isUpdate
FN:211,token
FN:216,selected
FN:218,(anonymous_36)
FN:220,displayNode
FN:226,isOpen
FN:232,snap
FN:238,onbackup
FN:244,isnew
FN:252,debug
FN:255,showChildrens
FN:258,childSelect
FN:267,see
FN:272,diffDir
FN:279,(anonymous_49)
FN:281,(anonymous_50)
FN:289,(anonymous_51)
FN:298,readDirOnBackup
FN:311,(anonymous_56)
FN:315,(anonymous_57)
FN:324,updateChildrens
FN:328,(anonymous_59)
FN:337,markAsUnverified
FN:338,(anonymous_61)
FN:343,rmUnverifield
FN:352,markFiltered
FN:354,(anonymous_64)
FN:358,checkDirOnBackup
FN:366,readdir
FN:374,opendir
FN:380,refresh
FN:387,mounted
FN:390,(anonymous_79)
FNF:60
FNH:0
FNDA:0,comparenames
FNDA:0,compare
FNDA:0,isChecked
FNDA:0,isNotChecked
FNDA:0,data
FNDA:0,folders
FNDA:0,(anonymous_12)
FNDA:0,files
FNDA:0,(anonymous_14)
FNDA:0,get
FNDA:0,set
FNDA:0,isSelected
FNDA:0,get
FNDA:0,set
FNDA:0,isloading
FNDA:0,isdir
FNDA:0,isroot
FNDA:0,path
FNDA:0,name
FNDA:0,leaf
FNDA:0,isOpen
FNDA:0,onbackup
FNDA:0,onlocal
FNDA:0,wasdeleted
FNDA:0,isfiltered
FNDA:0,isnew
FNDA:0,wasmodified
FNDA:0,isUpdate
FNDA:0,token
FNDA:0,selected
FNDA:0,(anonymous_36)
FNDA:0,displayNode
FNDA:0,isOpen
FNDA:0,snap
FNDA:0,onbackup
FNDA:0,isnew
FNDA:0,debug
FNDA:0,showChildrens
FNDA:0,childSelect
FNDA:0,see
FNDA:0,diffDir
FNDA:0,(anonymous_49)
FNDA:0,(anonymous_50)
FNDA:0,(anonymous_51)
FNDA:0,readDirOnBackup
FNDA:0,(anonymous_56)
FNDA:0,(anonymous_57)
FNDA:0,updateChildrens
FNDA:0,(anonymous_59)
FNDA:0,markAsUnverified
FNDA:0,(anonymous_61)
FNDA:0,rmUnverifield
FNDA:0,markFiltered
FNDA:0,(anonymous_64)
FNDA:0,checkDirOnBackup
FNDA:0,readdir
FNDA:0,opendir
FNDA:0,refresh
FNDA:0,mounted
FNDA:0,(anonymous_79)
DA:92,0
DA:93,0
DA:94,0
DA:95,0
DA:98,0
DA:99,0
DA:100,0
DA:103,0
DA:110,0
DA:111,0
DA:118,0
DA:155,0
DA:158,0
DA:162,0
DA:165,0
DA:169,0
DA:173,0
DA:176,0
DA:180,0
DA:183,0
DA:186,0
DA:189,0
DA:192,0
DA:195,0
DA:198,0
DA:201,0
DA:204,0
DA:206,0
DA:207,0
DA:208,0
DA:209,0
DA:210,0
DA:212,0
DA:218,0
DA:221,0
DA:223,0
DA:227,0
DA:229,0
DA:234,0
DA:235,0
DA:240,0
DA:241,0
DA:246,0
DA:247,0
DA:253,0
DA:256,0
DA:259,0
DA:260,0
DA:261,0
DA:262,0
DA:264,0
DA:268,0
DA:269,0
DA:270,0
DA:272,0
DA:273,0
DA:281,0
DA:282,0
DA:285,0
DA:288,0
DA:291,0
DA:292,0
DA:294,0
DA:298,0
DA:299,0
DA:305,0
DA:306,0
DA:307,0
DA:311,0
DA:312,0
DA:313,0
DA:317,0
DA:318,0
DA:320,0
DA:325,0
DA:326,0
DA:327,0
DA:328,0
DA:329,0
DA:330,0
DA:331,0
DA:333,0
DA:335,0
DA:338,0
DA:339,0
DA:340,0
DA:344,0
DA:345,0
DA:346,0
DA:347,0
DA:348,0
DA:353,0
DA:354,0
DA:355,0
DA:358,0
DA:360,0
DA:363,0
DA:364,0
DA:366,0
DA:369,0
DA:370,0
DA:371,0
DA:374,0
DA:376,0
DA:378,0
DA:380,0
DA:381,0
DA:384,0
DA:387,0
DA:388,0
DA:389,0
DA:390,0
DA:392,0
DA:393,0
DA:394,0
LF:115
LH:0
BRDA:98,0,0,0
BRDA:98,0,1,0
BRDA:99,1,0,0
BRDA:99,1,1,0
BRDA:103,2,0,0
BRDA:103,2,1,0
BRDA:192,3,0,0
BRDA:192,3,1,0
BRDA:198,4,0,0
BRDA:198,4,1,0
BRDA:206,5,0,0
BRDA:206,5,1,0
BRDA:208,6,0,0
BRDA:208,6,1,0
BRDA:208,6,2,0
BRDA:209,7,0,0
BRDA:209,7,1,0
BRDA:209,7,2,0
BRDA:210,8,0,0
BRDA:210,8,1,0
BRDA:210,8,2,0
BRDA:210,8,3,0
BRDA:218,9,0,0
BRDA:218,9,1,0
BRDA:221,10,0,0
BRDA:221,10,1,0
BRDA:221,11,0,0
BRDA:221,11,1,0
BRDA:227,12,0,0
BRDA:227,12,1,0
BRDA:227,13,0,0
BRDA:227,13,1,0
BRDA:234,14,0,0
BRDA:234,14,1,0
BRDA:240,15,0,0
BRDA:240,15,1,0
BRDA:246,16,0,0
BRDA:246,16,1,0
BRDA:259,17,0,0
BRDA:259,17,1,0
BRDA:261,18,0,0
BRDA:261,18,1,0
BRDA:268,19,0,0
BRDA:268,19,1,0
BRDA:272,20,0,0
BRDA:272,20,1,0
BRDA:272,20,2,0
BRDA:272,20,3,0
BRDA:272,21,0,0
BRDA:272,21,1,0
BRDA:272,22,0,0
BRDA:272,22,1,0
BRDA:272,22,2,0
BRDA:272,22,3,0
BRDA:272,22,4,0
BRDA:282,23,0,0
BRDA:282,23,1,0
BRDA:282,24,0,0
BRDA:282,24,1,0
BRDA:291,25,0,0
BRDA:291,25,1,0
BRDA:291,26,0,0
BRDA:291,26,1,0
BRDA:298,27,0,0
BRDA:298,27,1,0
BRDA:298,27,2,0
BRDA:298,27,3,0
BRDA:298,28,0,0
BRDA:298,28,1,0
BRDA:298,29,0,0
BRDA:298,29,1,0
BRDA:298,29,2,0
BRDA:298,29,3,0
BRDA:305,30,0,0
BRDA:305,30,1,0
BRDA:317,31,0,0
BRDA:317,31,1,0
BRDA:317,32,0,0
BRDA:317,32,1,0
BRDA:329,33,0,0
BRDA:329,33,1,0
BRDA:340,34,0,0
BRDA:340,34,1,0
BRDA:346,35,0,0
BRDA:346,35,1,0
BRDA:347,36,0,0
BRDA:347,36,1,0
BRDA:353,37,0,0
BRDA:353,37,1,0
BRDA:354,38,0,0
BRDA:354,38,1,0
BRDA:354,38,2,0
BRDA:358,39,0,0
BRDA:358,39,1,0
BRDA:358,39,2,0
BRDA:358,39,3,0
BRDA:358,39,4,0
BRDA:358,39,5,0
BRDA:358,40,0,0
BRDA:358,40,1,0
BRDA:366,41,0,0
BRDA:366,41,1,0
BRDA:366,41,2,0
BRDA:366,41,3,0
BRDA:366,41,4,0
BRDA:366,41,5,0
BRDA:366,41,6,0
BRDA:366,41,7,0
BRDA:366,41,8,0
BRDA:366,41,9,0
BRDA:366,41,10,0
BRDA:366,41,11,0
BRDA:366,41,12,0
BRDA:366,41,13,0
BRDA:366,42,0,0
BRDA:366,42,1,0
BRDA:366,43,0,0
BRDA:366,43,1,0
BRDA:366,43,2,0
BRDA:374,44,0,0
BRDA:374,44,1,0
BRDA:374,44,2,0
BRDA:374,44,3,0
BRDA:374,44,4,0
BRDA:374,45,0,0
BRDA:374,45,1,0
BRDA:380,46,0,0
BRDA:380,46,1,0
BRDA:380,46,2,0
BRDA:380,46,3,0
BRDA:380,46,4,0
BRDA:388,47,0,0
BRDA:388,47,1,0
BRDA:389,48,0,0
BRDA:389,48,1,0
BRDA:390,49,0,0
BRDA:390,49,1,0
BRDA:390,49,2,0
BRDA:390,50,0,0
BRDA:390,50,1,0
BRF:140
BRH:0
end_of_record
TN:
SF:C:\bkit\gui\src\pages\tasks\TasksPage.vue
FN:17,data
FN:31,refresh
FN:35,cancel
FN:39,mounted
FNF:4
FNH:0
FNDA:0,data
FNDA:0,refresh
FNDA:0,cancel
FNDA:0,mounted
DA:12,0
DA:13,0
DA:18,0
DA:32,0
DA:33,0
DA:36,0
LF:6
LH:0
BRF:0
BRH:0
end_of_record
TN:
SF:C:\bkit\gui\src\pages\tasks\components\NewTask.vue
FN:132,compare
FN:137,compareReverse
FN:138,bypath
FN:161,data
FN:178,showBack
FN:181,showNext
FN:184,showLast
FN:187,canIgo
FN:190,freq
FN:193,period
FN:196,periodName
FN:197,(anonymous_22)
FN:199,start
FN:202,hasScheduler
FN:205,hasName
FN:208,backups
FN:209,(anonymous_27)
FN:210,reducer
FN:211,(anonymous_29)
FN:216,hasBackups
FN:219,isReady
FN:222,whyNotReady
FN:229,includes
FN:230,(anonymous_34)
FN:232,hasIncludes
FN:235,excludes
FN:236,(anonymous_37)
FN:238,hasExcludes
FN:241,needs2include
FN:242,(anonymous_40)
FN:244,hasNeeds2include
FN:247,ancestors
FN:248,reducer
FN:250,(anonymous_44)
FN:256,(anonymous_45)
FN:258,filters
FN:261,(anonymous_47)
FN:271,(anonymous_48)
FN:282,getLocalDisks
FN:291,create
FN:293,(anonymous_53)
FN:296,(anonymous_54)
FN:300,(anonymous_55)
FN:302,(anonymous_56)
FN:308,submit
FN:311,force
FN:314,cancel
FN:317,finish
FN:320,next
FN:323,back
FN:327,mounted
FNF:51
FNH:0
FNDA:0,compare
FNDA:0,compareReverse
FNDA:0,bypath
FNDA:0,data
FNDA:0,showBack
FNDA:0,showNext
FNDA:0,showLast
FNDA:0,canIgo
FNDA:0,freq
FNDA:0,period
FNDA:0,periodName
FNDA:0,(anonymous_22)
FNDA:0,start
FNDA:0,hasScheduler
FNDA:0,hasName
FNDA:0,backups
FNDA:0,(anonymous_27)
FNDA:0,reducer
FNDA:0,(anonymous_29)
FNDA:0,hasBackups
FNDA:0,isReady
FNDA:0,whyNotReady
FNDA:0,includes
FNDA:0,(anonymous_34)
FNDA:0,hasIncludes
FNDA:0,excludes
FNDA:0,(anonymous_37)
FNDA:0,hasExcludes
FNDA:0,needs2include
FNDA:0,(anonymous_40)
FNDA:0,hasNeeds2include
FNDA:0,ancestors
FNDA:0,reducer
FNDA:0,(anonymous_44)
FNDA:0,(anonymous_45)
FNDA:0,filters
FNDA:0,(anonymous_47)
FNDA:0,(anonymous_48)
FNDA:0,getLocalDisks
FNDA:0,create
FNDA:0,(anonymous_53)
FNDA:0,(anonymous_54)
FNDA:0,(anonymous_55)
FNDA:0,(anonymous_56)
FNDA:0,submit
FNDA:0,force
FNDA:0,cancel
FNDA:0,finish
FNDA:0,next
FNDA:0,back
FNDA:0,mounted
DA:126,0
DA:127,0
DA:128,0
DA:129,0
DA:132,0
DA:133,0
DA:134,0
DA:135,0
DA:137,0
DA:138,0
DA:140,0
DA:162,0
DA:179,0
DA:182,0
DA:185,0
DA:188,0
DA:191,0
DA:194,0
DA:196,0
DA:197,0
DA:200,0
DA:203,0
DA:206,0
DA:209,0
DA:210,0
DA:211,0
DA:214,0
DA:217,0
DA:220,0
DA:223,0
DA:230,0
DA:233,0
DA:236,0
DA:239,0
DA:241,0
DA:242,0
DA:245,0
DA:248,0
DA:250,0
DA:251,0
DA:252,0
DA:253,0
DA:256,0
DA:258,0
DA:261,0
DA:263,0
DA:264,0
DA:267,0
DA:270,0
DA:271,0
DA:273,0
DA:282,0
DA:283,0
DA:284,0
DA:285,0
DA:287,0
DA:288,0
DA:291,0
DA:293,0
DA:294,0
DA:295,0
DA:296,0
DA:298,0
DA:299,0
DA:302,0
DA:303,0
DA:304,0
DA:305,0
DA:309,0
DA:312,0
DA:315,0
DA:318,0
DA:321,0
DA:324,0
DA:328,0
LF:75
LH:0
BRDA:133,0,0,0
BRDA:133,0,1,0
BRDA:134,1,0,0
BRDA:134,1,1,0
BRDA:203,2,0,0
BRDA:203,2,1,0
BRDA:203,2,2,0
BRDA:211,3,0,0
BRDA:211,3,1,0
BRDA:220,4,0,0
BRDA:220,4,1,0
BRDA:220,4,2,0
BRDA:223,5,0,0
BRDA:223,5,1,0
BRDA:263,6,0,0
BRDA:263,6,1,0
BRDA:264,7,0,0
BRDA:264,7,1,0
BRDA:267,8,0,0
BRDA:267,8,1,0
BRDA:282,9,0,0
BRDA:282,9,1,0
BRDA:282,9,2,0
BRDA:282,9,3,0
BRDA:282,9,4,0
BRDA:282,10,0,0
BRDA:282,10,1,0
BRDA:302,11,0,0
BRDA:302,11,1,0
BRDA:302,12,0,0
BRDA:302,12,1,0
BRF:31
BRH:0
end_of_record
TN:
SF:C:\bkit\gui\src\pages\tasks\components\Schedule.vue
FN:41,_default
FN:49,get
FN:50,set
FN:53,get
FN:54,set
FN:57,get
FN:58,set
FNF:7
FNH:0
FNDA:0,_default
FNDA:0,get
FNDA:0,set
FNDA:0,get
FNDA:0,set
FNDA:0,get
FNDA:0,set
DA:41,0
DA:49,0
DA:50,0
DA:53,0
DA:54,0
DA:57,0
DA:58,0
LF:7
LH:0
BRF:0
BRH:0
end_of_record
TN:
SF:C:\bkit\gui\src\pages\tasks\components\Schtasks.vue
FN:94,data
FN:114,viewable
FN:115,(anonymous_13)
FN:117,selectedTasks
FN:118,(anonymous_15)
FN:120,selectedList
FN:128,selected
FN:132,sanitize
FN:135,edit
FN:138,toggle
FN:141,remove
FN:154,load
FN:164,(anonymous_27)
FN:166,(anonymous_30)
FN:168,(anonymous_31)
FN:169,(anonymous_32)
FN:173,(anonymous_33)
FN:189,mounted
FNF:18
FNH:0
FNDA:0,data
FNDA:0,viewable
FNDA:0,(anonymous_13)
FNDA:0,selectedTasks
FNDA:0,(anonymous_15)
FNDA:0,selectedList
FNDA:0,selected
FNDA:0,sanitize
FNDA:0,edit
FNDA:0,toggle
FNDA:0,remove
FNDA:0,load
FNDA:0,(anonymous_27)
FNDA:0,(anonymous_30)
FNDA:0,(anonymous_31)
FNDA:0,(anonymous_32)
FNDA:0,(anonymous_33)
FNDA:0,mounted
DA:88,0
DA:89,0
DA:95,0
DA:115,0
DA:118,0
DA:121,0
DA:133,0
DA:136,0
DA:139,0
DA:141,0
DA:142,0
DA:144,0
DA:148,0
DA:150,0
DA:151,0
DA:154,0
DA:155,0
DA:156,0
DA:157,0
DA:158,0
DA:160,0
DA:161,0
DA:162,0
DA:163,0
DA:164,0
DA:165,0
DA:166,0
DA:167,0
DA:168,0
DA:169,0
DA:170,0
DA:171,0
DA:173,0
DA:174,0
DA:175,0
DA:176,0
DA:177,0
DA:179,0
DA:183,0
DA:185,0
DA:190,0
LF:41
LH:0
BRDA:141,0,0,0
BRDA:141,0,1,0
BRDA:141,0,2,0
BRDA:141,0,3,0
BRDA:141,0,4,0
BRDA:141,0,5,0
BRDA:141,0,6,0
BRDA:141,0,7,0
BRDA:141,0,8,0
BRDA:141,0,9,0
BRDA:141,0,10,0
BRDA:141,1,0,0
BRDA:141,1,1,0
BRDA:154,2,0,0
BRDA:154,2,1,0
BRDA:154,2,2,0
BRDA:154,2,3,0
BRDA:154,2,4,0
BRDA:154,2,5,0
BRDA:164,3,0,0
BRDA:164,3,1,0
BRDA:164,3,2,0
BRDA:164,3,3,0
BRDA:166,4,0,0
BRDA:166,4,1,0
BRDA:169,5,0,0
BRDA:169,5,1,0
BRDA:177,6,0,0
BRDA:177,6,1,0
BRF:29
BRH:0
end_of_record
TN:
SF:C:\bkit\gui\src\pages\tasks\components\Taskname.vue
FN:36,data
FN:45,check
FN:46,(anonymous_3)
FN:50,(anonymous_4)
FNF:4
FNH:2
FNDA:1,data
FNDA:1,check
FNDA:0,(anonymous_3)
FNDA:0,(anonymous_4)
DA:32,1
DA:37,1
DA:45,1
DA:46,1
DA:48,0
DA:49,0
DA:51,0
DA:52,0
DA:53,0
LF:9
LH:4
BRF:0
BRH:0
end_of_record
TN:
SF:C:\bkit\gui\src\pages\tasks\components\Tree.vue
FN:67,reducer
FN:69,comparenames
FN:74,compareChildrens
FN:82,compareReverse
FN:88,compareAncestors
FN:95,data
FN:110,_default
FN:114,folders
FN:115,(anonymous_14)
FN:117,files
FN:118,(anonymous_16)
FN:121,get
FN:122,(anonymous_18)
FN:125,set
FN:132,(anonymous_20)
FN:146,get
FN:149,set
FN:153,ancestors
FN:159,included
FN:161,(anonymous_25)
FN:165,isIncluded
FN:169,isExcluded
FN:173,markcolor
FN:178,isloading
FN:181,isdir
FN:184,isroot
FN:187,path
FN:190,name
FN:193,leaf
FN:196,isOpen
FN:201,isOpen
FN:207,isIncluded
FN:214,isExcluded
FN:221,debug
FN:224,showChildrens
FN:227,updateChildrens
FN:231,(anonymous_42)
FN:240,opendir
FN:246,refresh
FN:251,readdir
FN:259,mounted
FNF:41
FNH:0
FNDA:0,reducer
FNDA:0,comparenames
FNDA:0,compareChildrens
FNDA:0,compareReverse
FNDA:0,compareAncestors
FNDA:0,data
FNDA:0,_default
FNDA:0,folders
FNDA:0,(anonymous_14)
FNDA:0,files
FNDA:0,(anonymous_16)
FNDA:0,get
FNDA:0,(anonymous_18)
FNDA:0,set
FNDA:0,(anonymous_20)
FNDA:0,get
FNDA:0,set
FNDA:0,ancestors
FNDA:0,included
FNDA:0,(anonymous_25)
FNDA:0,isIncluded
FNDA:0,isExcluded
FNDA:0,markcolor
FNDA:0,isloading
FNDA:0,isdir
FNDA:0,isroot
FNDA:0,path
FNDA:0,name
FNDA:0,leaf
FNDA:0,isOpen
FNDA:0,isOpen
FNDA:0,isIncluded
FNDA:0,isExcluded
FNDA:0,debug
FNDA:0,showChildrens
FNDA:0,updateChildrens
FNDA:0,(anonymous_42)
FNDA:0,opendir
FNDA:0,refresh
FNDA:0,readdir
FNDA:0,mounted
DA:64,0
DA:65,0
DA:67,0
DA:70,0
DA:71,0
DA:72,0
DA:75,0
DA:82,0
DA:83,0
DA:84,0
DA:85,0
DA:88,0
DA:96,0
DA:110,0
DA:115,0
DA:118,0
DA:121,0
DA:122,0
DA:123,0
DA:126,0
DA:127,0
DA:128,0
DA:129,0
DA:130,0
DA:132,0
DA:133,0
DA:134,0
DA:135,0
DA:136,0
DA:137,0
DA:138,0
DA:140,0
DA:147,0
DA:150,0
DA:154,0
DA:155,0
DA:156,0
DA:157,0
DA:160,0
DA:161,0
DA:166,0
DA:170,0
DA:174,0
DA:175,0
DA:176,0
DA:179,0
DA:182,0
DA:185,0
DA:188,0
DA:191,0
DA:194,0
DA:197,0
DA:202,0
DA:204,0
DA:208,0
DA:209,0
DA:210,0
DA:211,0
DA:215,0
DA:216,0
DA:221,0
DA:222,0
DA:225,0
DA:228,0
DA:229,0
DA:230,0
DA:231,0
DA:232,0
DA:233,0
DA:234,0
DA:236,0
DA:238,0
DA:240,0
DA:242,0
DA:244,0
DA:246,0
DA:247,0
DA:249,0
DA:251,0
DA:254,0
DA:255,0
LF:81
LH:0
BRDA:70,0,0,0
BRDA:70,0,1,0
BRDA:71,1,0,0
BRDA:71,1,1,0
BRDA:75,2,0,0
BRDA:75,2,1,0
BRDA:83,3,0,0
BRDA:83,3,1,0
BRDA:84,4,0,0
BRDA:84,4,1,0
BRDA:123,5,0,0
BRDA:123,5,1,0
BRDA:126,6,0,0
BRDA:126,6,1,0
BRDA:126,7,0,0
BRDA:126,7,1,0
BRDA:128,8,0,0
BRDA:128,8,1,0
BRDA:128,9,0,0
BRDA:128,9,1,0
BRDA:133,10,0,0
BRDA:133,10,1,0
BRDA:136,11,0,0
BRDA:136,11,1,0
BRDA:157,12,0,0
BRDA:157,12,1,0
BRDA:166,13,0,0
BRDA:166,13,1,0
BRDA:170,14,0,0
BRDA:170,14,1,0
BRDA:174,15,0,0
BRDA:174,15,1,0
BRDA:174,15,2,0
BRDA:175,16,0,0
BRDA:175,16,1,0
BRDA:176,17,0,0
BRDA:176,17,1,0
BRDA:191,18,0,0
BRDA:191,18,1,0
BRDA:197,19,0,0
BRDA:197,19,1,0
BRDA:202,20,0,0
BRDA:202,20,1,0
BRDA:202,21,0,0
BRDA:202,21,1,0
BRDA:208,22,0,0
BRDA:208,22,1,0
BRDA:208,23,0,0
BRDA:208,23,1,0
BRDA:210,24,0,0
BRDA:210,24,1,0
BRDA:210,25,0,0
BRDA:210,25,1,0
BRDA:215,26,0,0
BRDA:215,26,1,0
BRDA:215,27,0,0
BRDA:215,27,1,0
BRDA:221,28,0,0
BRDA:221,28,1,0
BRDA:232,29,0,0
BRDA:232,29,1,0
BRDA:240,30,0,0
BRDA:240,30,1,0
BRDA:240,30,2,0
BRDA:240,30,3,0
BRDA:240,30,4,0
BRDA:240,31,0,0
BRDA:240,31,1,0
BRDA:246,32,0,0
BRDA:246,32,1,0
BRDA:246,32,2,0
BRDA:246,32,3,0
BRDA:251,33,0,0
BRDA:251,33,1,0
BRDA:251,33,2,0
BRDA:251,33,3,0
BRDA:251,33,4,0
BRDA:251,33,5,0
BRDA:251,33,6,0
BRDA:251,33,7,0
BRDA:251,33,8,0
BRDA:251,33,9,0
BRDA:251,33,10,0
BRDA:251,33,11,0
BRDA:251,33,12,0
BRDA:251,33,13,0
BRDA:251,34,0,0
BRDA:251,34,1,0
BRF:88
BRH:0
end_of_record
TN:
SF:C:\bkit\gui\src\router\index.js
FN:17,(anonymous_0)
FN:19,(anonymous_1)
FNF:2
FNH:0
FNDA:0,(anonymous_0)
FNDA:0,(anonymous_1)
DA:6,0
DA:18,0
DA:19,0
DA:29,0
LF:4
LH:0
BRF:0
BRH:0
end_of_record
TN:
SF:C:\bkit\gui\src\router\routes.js
FN:5,(anonymous_0)
FN:9,(anonymous_1)
FN:19,(anonymous_2)
FN:24,(anonymous_3)
FN:29,(anonymous_4)
FN:48,(anonymous_5)
FNF:6
FNH:0
FNDA:0,(anonymous_0)
FNDA:0,(anonymous_1)
FNDA:0,(anonymous_2)
FNDA:0,(anonymous_3)
FNDA:0,(anonymous_4)
FNDA:0,(anonymous_5)
DA:2,0
DA:5,0
DA:9,0
DA:19,0
DA:24,0
DA:29,0
DA:45,0
DA:46,0
DA:48,0
LF:9
LH:0
BRDA:45,0,0,0
BRDA:45,0,1,0
BRF:2
BRH:0
end_of_record
TN:
SF:C:\bkit\gui\src\store\index.js
FN:30,(anonymous_0)
FNF:1
FNH:0
FNDA:0,(anonymous_0)
DA:6,0
DA:20,0
DA:41,0
LF:3
LH:0
BRF:0
BRH:0
end_of_record
TN:
SF:C:\bkit\gui\src\store\global\actions.js
FNF:0
FNH:0
LF:0
LH:0
BRF:0
BRH:0
end_of_record
TN:
SF:C:\bkit\gui\src\store\global\getters.js
FN:1,server
FNF:1
FNH:0
FNDA:0,server
DA:2,0
LF:1
LH:0
BRF:0
BRH:0
end_of_record
TN:
SF:C:\bkit\gui\src\store\global\index.js
FNF:0
FNH:0
LF:0
LH:0
BRF:0
BRH:0
end_of_record
TN:
SF:C:\bkit\gui\src\store\global\mutations.js
FN:1,setServer
FNF:1
FNH:0
FNDA:0,setServer
DA:2,0
LF:1
LH:0
BRF:0
BRH:0
end_of_record
TN:
SF:C:\bkit\gui\src\store\global\state.js
FN:1,(anonymous_0)
FNF:1
FNH:0
FNDA:0,(anonymous_0)
DA:2,0
LF:1
LH:0
BRF:0
BRH:0
end_of_record
TN:
SF:C:\bkit\gui\src\tests\quasar.js
FN:4,(anonymous_0)
FNF:1
FNH:0
FNDA:0,(anonymous_0)
DA:2,0
DA:4,0
DA:5,0
DA:6,0
DA:7,0
DA:9,0
LF:6
LH:0
BRDA:6,0,0,0
BRDA:6,0,1,0
BRDA:6,1,0,0
BRDA:6,1,1,0
BRDA:6,1,2,0
BRF:5
BRH:0
end_of_record
